 progress|48001|1|0
 window_size|48001|1|0.002833843231201172
 rtt|48001|1|0.003229856491088867
 progress|48001|2|0.2120809555053711
 window_size|48001|2|0.21230792999267578
 rtt|48001|0.21195101737976074|0.21275019645690918
 progress|48001|3|0.30201005935668945
 window_size|48001|2|0.302278995513916
 rtt|48001|0.21195101737976074|0.3026719093322754
 progress|48001|4|0.42484617233276367
 window_size|48001|3|0.4251101016998291
 rtt|48001|0.35154979676008224|0.42526793479919434
 progress|48001|5|0.507282018661499
 window_size|48001|3|0.5075500011444092
 rtt|48001|0.35154979676008224|0.5079910755157471
 progress|48001|6|0.5236051082611084
 window_size|48001|4|0.5240011215209961
 rtt|48001|0.32513805758208036|0.524176836013794
 progress|48001|7|0.6105117797851562
 window_size|48001|4|0.6107819080352783
 rtt|48001|0.32513805758208036|0.6112320423126221
 progress|48001|8|0.6381750106811523
 window_size|48001|5|0.6385700702667236
 rtt|48001|0.3165063961641863|0.6387457847595215
 progress|48001|9|0.7110729217529297
 window_size|48001|5|0.7112901210784912
 rtt|48001|0.3165063961641863|0.7116880416870117
 progress|48001|10|0.7282018661499023
 window_size|48001|6|0.7284679412841797
 rtt|48001|0.2800727136054775|0.7286458015441895
 progress|48001|11|0.7539799213409424
 window_size|48001|7|0.7542459964752197
 rtt|48001|0.2572896568271972|0.7544119358062744
 progress|48001|12|0.8126139640808105
 window_size|48001|7|0.813032865524292
 rtt|48001|0.2572896568271972|0.8134148120880127
 progress|48001|13|0.8403499126434326
 window_size|48001|8|0.84073805809021
 rtt|48001|0.2332346251762374|0.8409709930419922
 progress|48001|14|0.8683760166168213
 window_size|48001|9|0.8686490058898926
 rtt|48001|0.21851069290852365|0.8688368797302246
 progress|48001|15|0.94474196434021
 window_size|48001|10|0.9449479579925537
 rtt|48001|0.1952969735908603|0.9450528621673584
 progress|48001|16|0.9697659015655518
 window_size|48001|11|0.9699828624725342
 rtt|48001|0.1897676583557173|0.970106840133667
 progress|48001|17|0.9971621036529541
 window_size|48001|12|0.9975969791412354
 rtt|48001|0.17934606592881774|0.9978010654449463
 progress|48001|18|1.050692081451416
 window_size|48001|13|1.050900936126709
 rtt|48001|0.14794206939036253|1.0512290000915527
 progress|48001|19|1.0773370265960693
 window_size|48001|14|1.077617883682251
 rtt|48001|0.14466973366118305|1.0777859687805176
 progress|48001|20|1.1063051223754883
 window_size|48001|15|1.10670804977417
 rtt|48001|0.13712022105002425|1.1068921089172363
 progress|48001|21|1.181715965270996
 window_size|48001|16|1.1822068691253662
 rtt|48001|0.14261082705433703|1.1823921203613281
 progress|48001|22|1.2075259685516357
 window_size|48001|17|1.2079617977142334
 rtt|48001|0.13870900969383992|1.208169937133789
 progress|48001|23|1.2358341217041016
 window_size|48001|18|1.2361140251159668
 rtt|48001|0.13069634742015457|1.2362639904022217
 progress|48001|24|1.290503978729248
 window_size|48001|19|1.2906959056854248
 rtt|48001|0.11863322568594731|1.2908079624176025
 progress|48001|25|1.3218538761138916
 window_size|48001|20|1.3219959735870361
 rtt|48001|0.11208843527128207|1.3221189975738525
 progress|48001|26|1.344196081161499
 window_size|48001|21|1.3445160388946533
 rtt|48001|0.11212346324213766|1.3446829319000244
 progress|48001|27|1.4227797985076904
 window_size|48001|22|1.4229860305786133
 rtt|48001|0.1312508731082179|1.4231479167938232
 progress|48001|28|1.4466538429260254
 window_size|48001|23|1.4469780921936035
 rtt|48001|0.12706164595449432|1.4471399784088135
 progress|48001|29|1.4740548133850098
 window_size|48001|24|1.4744288921356201
 rtt|48001|0.11843998379793685|1.4745919704437256
 progress|48001|30|1.5288429260253906
 window_size|48001|25|1.5291249752044678
 rtt|48001|0.11250448464541729|1.5296368598937988
 progress|48001|31|1.5585148334503174
 window_size|48001|26|1.5586609840393066
 rtt|48001|0.10535584046655827|1.5587849617004395
 progress|48001|32|1.5803508758544922
 window_size|48001|27|1.580505132675171
 rtt|48001|0.1042265131436765|1.5806159973144531
 progress|48001|33|1.6608388423919678
 window_size|48001|28|1.6613619327545166
 rtt|48001|0.12914787573111516|1.6617751121520996
 progress|48001|34|1.6826958656311035
 window_size|48001|29|1.6829099655151367
 rtt|48001|0.12465258223782857|1.6830778121948242
 progress|48001|35|1.7110090255737305
 window_size|48001|30|1.7114639282226562
 rtt|48001|0.1137676714056929|1.7116270065307617
 progress|48001|36|1.7693939208984375
 window_size|48001|31|1.7697808742523193
 rtt|48001|0.11374757126210175|1.7699999809265137
 progress|48001|37|1.7973709106445312
 window_size|48001|32|1.7976551055908203
 rtt|48001|0.10638932638218071|1.7977969646453857
 progress|48001|38|1.8268909454345703
 window_size|48001|33|1.8272089958190918
 rtt|48001|0.09803361787405006|1.8273789882659912
 progress|48001|39|1.9013481140136719
 window_size|48001|34|1.9016461372375488
 rtt|48001|0.11873078664901596|1.9024980068206787
 progress|48001|40|1.9198710918426514
 window_size|48001|35|1.9201300144195557
 rtt|48001|0.11863112026060074|1.9202711582183838
 progress|48001|41|1.9493169784545898
 window_size|48001|36|1.9496040344238281
 rtt|48001|0.107215298678544|1.9497549533843994
 progress|48001|42|2.0063648223876953
 window_size|48001|37|2.0067689418792725
 rtt|48001|0.1081206436343771|2.0072519779205322
 progress|48001|43|2.0345849990844727
 window_size|48001|38|2.034853935241699
 rtt|48001|0.10108091630040034|2.0350148677825928
 progress|48001|44|2.0652217864990234
 window_size|48001|39|2.0654900074005127
 rtt|48001|0.0924352031320594|2.0656697750091553
 progress|48001|45|2.1384670734405518
 window_size|48001|40|2.138664960861206
 rtt|48001|0.11370578012482202|2.138823986053467
 progress|48001|46|2.1596009731292725
 window_size|48001|41|2.160007953643799
 rtt|48001|0.11232974234206655|2.1601758003234863
 progress|48001|47|2.187131881713867
 window_size|48001|42|2.187488079071045
 rtt|48001|0.10364306554235267|2.187656879425049
 progress|48001|48|2.243729829788208
 window_size|48001|43|2.2441279888153076
 rtt|48001|0.1053305134416548|2.244601011276245
 progress|48001|49|2.2817580699920654
 window_size|48001|44|2.282166004180908
 rtt|48001|0.09128438505931424|2.2823281288146973
 progress|48001|50|2.3028109073638916
 window_size|48001|45|2.303079843521118
 rtt|48001|0.09304317028460374|2.3032379150390625
 progress|48001|51|2.3752880096435547
 window_size|48001|46|2.3755710124969482
 rtt|48001|0.11374065869162514|2.375756025314331
 progress|48001|52|2.397804021835327
 window_size|48001|47|2.398117780685425
 rtt|48001|0.11083680560306812|2.3982808589935303
 progress|48001|53|2.4256608486175537
 window_size|48001|48|2.425934076309204
 rtt|48001|0.10199591126005063|2.42610502243042
 progress|48001|54|2.4852919578552246
 window_size|48001|49|2.485707998275757
 rtt|48001|0.10726294387045293|2.4858779907226562
 progress|48001|55|2.523024797439575
 window_size|48001|50|2.5233399868011475
 rtt|48001|0.09309341594516259|2.5235190391540527
 progress|48001|56|2.541374921798706
 window_size|48001|51|2.5416479110717773
 rtt|48001|0.0966712179205413|2.5418078899383545
 progress|48001|57|2.6127920150756836
 window_size|48001|52|2.613208055496216
 rtt|48001|0.11547109332880547|2.613377094268799
 progress|48001|58|2.63468599319458
 window_size|48001|53|2.634992837905884
 rtt|48001|0.11220008442655344|2.6351749897003174
 progress|48001|59|2.6634750366210938
 window_size|48001|54|2.663754940032959
 rtt|48001|0.10198674671390484|2.66391921043396
 progress|48001|60|2.724118947982788
 window_size|48001|55|2.7244009971618652
 rtt|48001|0.10846670269898913|2.7245900630950928
 progress|48001|61|2.764864921569824
 window_size|48001|56|2.7652738094329834
 rtt|48001|0.09180376493433783|2.765439033508301
 progress|48001|62|2.7783820629119873
 window_size|48001|57|2.778597831726074
 rtt|48001|0.0995858005879458|2.778770923614502
 progress|48001|63|2.8559060096740723
 window_size|48001|58|2.856297016143799
 rtt|48001|0.12398528319816537|2.856462001800537
 progress|48001|64|2.8732709884643555
 window_size|48001|59|2.873682975769043
 rtt|48001|0.1224869674855641|2.873847007751465
 progress|48001|65|2.902327060699463
 window_size|48001|60|2.9027369022369385
 rtt|48001|0.10944661263026717|2.9030070304870605
 progress|48001|66|2.9619131088256836
 window_size|48001|61|2.9623348712921143
 rtt|48001|0.1131160087419133|2.9624969959259033
 progress|48001|67|3.0076119899749756
 window_size|48001|62|3.008013963699341
 rtt|48001|0.09994481939374951|3.008188009262085
 progress|48001|68|3.017256021499634
 window_size|48001|63|3.01765513420105
 rtt|48001|0.10910247692376641|3.017817974090576
 progress|48001|69|3.0941829681396484
 window_size|48001|64|3.094458818435669
 rtt|48001|0.13067174084017322|3.094650983810425
 progress|48001|70|3.1101930141448975
 window_size|48001|64.015625|3.1104230880737305
 rtt|48001|0.12827990462250974|3.1106009483337402
 progress|48001|71|3.141798973083496
 window_size|48001|64.03124618623383|3.1420841217041016
 rtt|48001|0.11156999749612237|3.1422619819641113
 progress|48001|72|3.199012041091919
 window_size|48001|64.04686356149296|3.1992950439453125
 rtt|48001|0.11228059905998|3.1994709968566895
 progress|48001|73|3.2441768646240234
 window_size|48001|64.06247712856545|3.244457960128784
 rtt|48001|0.09898447988305512|3.244623899459839
 progress|48001|74|3.2562179565429688
 window_size|48001|64.07808689023597|3.2566540241241455
 rtt|48001|0.1063756374700755|3.2568209171295166
 progress|48001|75|3.3317439556121826
 window_size|48001|64.09369284928579|3.3321568965911865
 rtt|48001|0.12720200072105742|3.332350969314575
 progress|48001|76|3.3470468521118164
 window_size|48001|64.10929500849281|3.3473360538482666
 rtt|48001|0.12608137123073837|3.347513198852539
 progress|48001|77|3.3802990913391113
 window_size|48001|64.12489337063153|3.3806569576263428
 rtt|48001|0.10856120373462637|3.380859851837158
 progress|48001|78|3.4362881183624268
 window_size|48001|64.14048793847307|3.43658185005188
 rtt|48001|0.10891254446018014|3.4367589950561523
 progress|48001|79|3.484342098236084
 window_size|48001|64.15607871478521|3.4847519397735596
 rtt|48001|0.09934761504297307|3.484920024871826
 progress|48001|80|3.4940240383148193
 window_size|48001|64.17166570233233|3.4944257736206055
 rtt|48001|0.10858127223270853|3.494586229324341
 progress|48001|81|3.57220196723938
 window_size|48001|64.1872489038755|3.572489023208618
 rtt|48001|0.1315339107454132|3.5726730823516846
 progress|48001|82|3.58764386177063
 window_size|48001|64.2028283221724|3.5880589485168457
 rtt|48001|0.1295217878988803|3.5882160663604736
 progress|48001|83|3.6170449256896973
 window_size|48001|64.21840395997735|3.617324113845825
 rtt|48001|0.11412087673124965|3.617482900619507
 progress|48001|84|3.674363851547241
 window_size|48001|64.23397582004138|3.6745967864990234
 rtt|48001|0.11451655298581058|3.6747241020202637
 progress|48001|85|3.7139508724212646
 window_size|48001|64.24954390511215|3.714369058609009
 rtt|48001|0.0966275064384854|3.714524984359741
 progress|48001|86|3.7317161560058594
 window_size|48001|64.265108217934|3.7321250438690186
 rtt|48001|0.09935692064785691|3.732285976409912
 progress|48001|87|3.8042569160461426
 window_size|48001|64.28066876124794|3.804476022720337
 rtt|48001|0.11907663228475426|3.804633855819702
 progress|48001|88|3.826387882232666
 window_size|48001|64.29622553779167|3.826810121536255
 rtt|48001|0.11459851039187138|3.8269729614257812
 progress|48001|89|3.8547451496124268
 window_size|48001|64.31177855029956|3.8550899028778076
 rtt|48001|0.1040154249260334|3.855262041091919
 progress|48001|90|3.9141108989715576
 window_size|48001|64.32732780150272|3.914530038833618
 rtt|48001|0.10886840924132543|3.9147119522094727
 progress|48001|91|3.9523441791534424
 window_size|48001|64.34287329412889|3.952759027481079
 rtt|48001|0.0935981524573059|3.95292592048645
 progress|48001|92|3.9701459407806396
 window_size|48001|64.35841503090258|3.97053599357605
 rtt|48001|0.09721011058433267|3.9707038402557373
 progress|48001|93|4.0436060428619385
 window_size|48001|64.37395301454497|4.043887138366699
 rtt|48001|0.11832562591575432|4.04404878616333
 progress|48001|94|4.065179824829102
 window_size|48001|64.38948724777396|4.065455198287964
 rtt|48001|0.11457561858635114|4.065615892410278
 progress|48001|95|4.0921430587768555
 window_size|48001|64.40501773330418|4.092551946640015
 rtt|48001|0.10524625442876494|4.092720985412598
 progress|48001|96|4.1509740352630615
 window_size|48001|64.42054447384699|4.151183128356934
 rtt|48001|0.10943320743292025|4.151321172714233
 progress|48001|97|4.1938560009002686
 window_size|48001|64.43606747211047|4.194196939468384
 rtt|48001|0.09446113376413653|4.194360017776489
 progress|48001|98|4.207152843475342
 window_size|48001|64.45158673079945|4.207394123077393
 rtt|48001|0.10158894281713904|4.2075231075286865
 progress|48001|99|4.279690980911255
 window_size|48001|64.46710225261549|4.279974937438965
 rtt|48001|0.12065841577132401|4.2801549434661865
 progress|48001|100|4.303907155990601
 window_size|48001|64.4826140402569|4.304185152053833
 rtt|48001|0.11409966483170164|4.304362058639526
 progress|48001|101|4.330636024475098
 window_size|48001|64.49812209641877|4.331058025360107
 rtt|48001|0.10522910056522441|4.331248998641968
 progress|48001|102|4.390781879425049
 window_size|48001|64.5136264237929|4.391206979751587
 rtt|48001|0.11067171194953511|4.391388893127441
 progress|48001|103|4.435737133026123
 window_size|48001|64.52912702506791|4.436172962188721
 rtt|48001|0.09739750793809539|4.436336994171143
 progress|48001|104|4.445029973983765
 window_size|48001|64.54462390292915|4.445302963256836
 rtt|48001|0.10727977072303085|4.445465803146362
 progress|48001|105|4.5176849365234375
 window_size|48001|64.56011706005876|4.5180370807647705
 rtt|48001|0.12514605998442277|4.518212080001831
 progress|48001|106|4.5417258739471436
 window_size|48001|64.57560649913567|4.54201078414917
 rtt|48001|0.11750993332214626|4.542173862457275
 progress|48001|107|4.570048093795776
 window_size|48001|64.59109222283558|4.570473909378052
 rtt|48001|0.10643919494652149|4.570631980895996
 progress|48001|108|4.6289191246032715
 window_size|48001|64.606574233831|4.629361867904663
 rtt|48001|0.11012593143794464|4.629523038864136
 progress|48001|109|4.672740936279297
 window_size|48001|64.62205253479122|4.673028945922852
 rtt|48001|0.09597222389744349|4.673199892044067
 progress|48001|110|4.684139013290405
 window_size|48001|64.63752712838235|4.684455871582031
 rtt|48001|0.10457215213370728|4.684628009796143
 progress|48001|111|4.755614995956421
 window_size|48001|64.65299801726728|4.756021022796631
 rtt|48001|0.12187159015696235|4.756188869476318
 progress|48001|112|4.7799859046936035
 window_size|48001|64.66846520410574|4.780401945114136
 rtt|48001|0.11474993164168078|4.780562877655029
 progress|48001|113|4.816036939620972
 window_size|48001|64.68392869155429|4.816368818283081
 rtt|48001|0.0984900042345703|4.816540956497192
 progress|48001|114|4.866636037826538
 window_size|48001|64.69938848226626|4.866816997528076
 rtt|48001|0.09529566085631379|4.866949796676636
 progress|48001|115|4.9107677936553955
 window_size|48001|64.71484457889187|4.911172151565552
 rtt|48001|0.08510523382943867|4.911332845687866
 progress|48001|116|4.922796010971069
 window_size|48001|64.73029698407815|4.923191070556641
 rtt|48001|0.09575488343874998|4.923358917236328
 progress|48001|117|4.992738962173462
 window_size|48001|64.74574570046896|4.992983102798462
 rtt|48001|0.1138510873836287|4.993147850036621
 progress|48001|118|5.017493963241577
 window_size|48001|64.76119073070502|5.017768859863281
 rtt|48001|0.1082236289082498|5.017924070358276
 progress|48001|119|5.054077863693237
 window_size|48001|64.7766320774239|5.054485082626343
 rtt|48001|0.0931275120742663|5.05465292930603
 progress|48001|120|5.106449842453003
 window_size|48001|64.79206974326002|5.106755018234253
 rtt|48001|0.09297726588914944|5.1069231033325195
 progress|48001|121|5.148474216461182
 window_size|48001|64.80750373084464|5.148797988891602
 rtt|48001|0.0813419351233988|5.148975849151611
 progress|48001|122|5.161014080047607
 window_size|48001|64.82293404280594|5.161375999450684
 rtt|48001|0.0924926821810828|5.161548137664795
 progress|48001|123|5.229662895202637
 window_size|48001|64.83836068176893|5.229931116104126
 rtt|48001|0.1100528477971075|5.230101108551025
 progress|48001|124|5.254810810089111
 window_size|48001|64.85378365035551|5.255098819732666
 rtt|48001|0.10481983389885961|5.255277156829834
 progress|48001|125|5.291834831237793
 window_size|48001|64.86920295118445|5.292060852050781
 rtt|48001|0.09004353607450416|5.292220830917358
 progress|48001|126|5.343727111816406
 window_size|48001|64.88461858687143|5.344123840332031
 rtt|48001|0.09013414052177325|5.344304800033569
 progress|48001|127|5.386229991912842
 window_size|48001|64.900030560029|5.386455059051514
 rtt|48001|0.07976938817237075|5.386640787124634
 progress|48001|128|5.398370027542114
 window_size|48001|64.91543887326661|5.39864706993103
 rtt|48001|0.09151856173851565|5.398821830749512
 progress|48001|129|5.469743967056274
 window_size|48001|64.93084352919064|5.470031023025513
 rtt|48001|0.11198856506476489|5.470202207565308
 progress|48001|130|5.492847204208374
 window_size|48001|64.94624453040434|5.493112087249756
 rtt|48001|0.1081409374575032|5.493288993835449
 progress|48001|131|5.528641939163208
 window_size|48001|64.96164187950791|5.528875112533569
 rtt|48001|0.09335407201690828|5.529062986373901
 progress|48001|132|5.582118988037109
 window_size|48001|64.97703557909843|5.582546949386597
 rtt|48001|0.09433154609846374|5.582712173461914
 progress|48001|133|5.625493049621582
 window_size|48001|64.99242563176992|5.625899076461792
 rtt|48001|0.08366852184675298|5.626058101654053
 progress|48001|134|5.636629104614258
 window_size|48001|65.00781204011334|5.637022972106934
 rtt|48001|0.09535044079132035|5.637193918228149
 progress|48001|135|5.707581043243408
 window_size|48001|65.02319480671657|5.707978010177612
 rtt|48001|0.11453822519905262|5.708147048950195
 progress|48001|136|5.730366945266724
 window_size|48001|65.03857393416445|5.730695962905884
 rtt|48001|0.11023886082982906|5.7308759689331055
 progress|48001|137|5.76589298248291
 window_size|48001|65.05394942503871|5.76617693901062
 rtt|48001|0.09506164102522081|5.766361951828003
 progress|48001|138|5.82172703742981
 window_size|48001|65.06932128191809|5.822145938873291
 rtt|48001|0.0980480585903404|5.822304964065552
 progress|48001|139|5.864825010299683
 window_size|48001|65.08468950737826|5.865108013153076
 rtt|48001|0.0859914131491538|5.86526894569397
 progress|48001|140|5.875514984130859
 window_size|48001|65.10005410399182|5.875842094421387
 rtt|48001|0.09754415720423258|5.876024007797241
 progress|48001|141|5.946689128875732
 window_size|48001|65.11541507432838|5.947076797485352
 rtt|48001|0.11636587466579013|5.947246074676514
 progress|48001|142|5.96807599067688
 window_size|48001|65.1307724209545|5.968480110168457
 rtt|48001|0.11276673563085943|5.968658924102783
 progress|48001|143|6.00395393371582
 window_size|48001|65.1461261464337|6.004234075546265
 rtt|48001|0.0965927878898461|6.004394054412842
 progress|48001|144|6.058692932128906
 window_size|48001|65.16147625332651|6.058956146240234
 rtt|48001|0.09821729795967814|6.059113025665283
 progress|48001|145|6.10208797454834
 window_size|48001|65.17682274419042|6.102372884750366
 rtt|48001|0.0865707013570386|6.102547883987427
 progress|48001|146|6.113555908203125
 window_size|48001|65.1921656215799|6.113981008529663
 rtt|48001|0.0973770015426928|6.11417293548584
 progress|48001|147|6.18347692489624
 window_size|48001|65.20750488804644|6.18370509147644
 rtt|48001|0.11511403847667223|6.183837890625
 progress|48001|148|6.2047648429870605
 window_size|48001|65.22284054613851|6.205050230026245
 rtt|48001|0.11178694137196116|6.205220937728882
 progress|48001|149|6.240135908126831
 window_size|48001|65.23817259840159|6.240354061126709
 rtt|48001|0.09614667210788583|6.240554094314575
 progress|48001|150|6.295249938964844
 window_size|48001|65.25350104737817|6.295398950576782
 rtt|48001|0.09845407609564998|6.2955241203308105
 progress|48001|151|6.339679956436157
 window_size|48001|65.26882589560775|6.3399670124053955
 rtt|48001|0.08781887672840327|6.340152978897095
 progress|48001|152|6.350382089614868
 window_size|48001|65.28414714562685|6.350620985031128
 rtt|48001|0.09883409906919383|6.35078501701355
 progress|48001|153|6.4199159145355225
 window_size|48001|65.29946479996902|6.420109033584595
 rtt|48001|0.11580618701653006|6.420219898223877
 progress|48001|154|6.441219091415405
 window_size|48001|65.31477886116483|6.441431045532227
 rtt|48001|0.11213347180711064|6.441541910171509
 progress|48001|155|6.477167844772339
 window_size|48001|65.33008933174187|6.477461099624634
 rtt|48001|0.09598699795752531|6.47763991355896
 progress|48001|156|6.532581806182861
 window_size|48001|65.3453962142248|6.532865047454834
 rtt|48001|0.09866338514135278|6.5330259799957275
 progress|48001|157|6.567960977554321
 window_size|48001|65.3606995111353|6.568385124206543
 rtt|48001|0.08805453111317635|6.568542957305908
 progress|48001|158|6.588191986083984
 window_size|48001|65.37599922499209|6.588489055633545
 rtt|48001|0.09068834556227917|6.588623046875
 progress|48001|159|6.656709909439087
 window_size|48001|65.39129535831096|6.656994104385376
 rtt|48001|0.10845613223818794|6.657171010971069
 progress|48001|160|6.678913116455078
 window_size|48001|65.40658791360475|6.6791980266571045
 rtt|48001|0.10600482830145597|6.679366827011108
 progress|48001|161|6.714148044586182
 window_size|48001|65.42187689338338|6.714436054229736
 rtt|48001|0.09200443285881986|6.714611053466797
 progress|48001|162|6.771878957748413
 window_size|48001|65.43716230015382|6.772149085998535
 rtt|48001|0.0978552097026793|6.772307872772217
 progress|48001|163|6.805423974990845
 window_size|48001|65.45244413642008|6.805657148361206
 rtt|48001|0.08904991349716193|6.805775880813599
 progress|48001|164|6.826740980148315
 window_size|48001|65.46772240468331|6.82702898979187
 rtt|48001|0.0907929970978878|6.827230930328369
 progress|48001|165|6.895241022109985
 window_size|48001|65.4829971074417|6.895633935928345
 rtt|48001|0.1082899941108866|6.895794868469238
 progress|48001|166|6.915848970413208
 window_size|48001|65.49826824719054|6.916079759597778
 rtt|48001|0.10717148079772951|6.916244983673096
 progress|48001|167|6.952301979064941
 window_size|48001|65.51353582642218|6.952593803405762
 rtt|48001|0.0919736758346785|6.952759027481079
 progress|48001|168|7.0088279247283936
 window_size|48001|65.52879984762613|7.009059190750122
 rtt|48001|0.09665106278828357|7.009220838546753
 progress|48001|169|7.042768955230713
 window_size|48001|65.54406031328894|7.043126106262207
 rtt|48001|0.08798200182952992|7.043287038803101
 progress|48001|170|7.063899993896484
 window_size|48001|65.55931722589429|7.064237117767334
 rtt|48001|0.09000546418192473|7.0644800662994385
 progress|48001|171|7.1318299770355225
 window_size|48001|65.57457058792298|7.132016897201538
 rtt|48001|0.10734343130138208|7.132142066955566
 progress|48001|172|7.153141021728516
 window_size|48001|65.58982040185289|7.153349876403809
 rtt|48001|0.10592488462161082|7.153477907180786
 progress|48001|173|7.189548015594482
 window_size|48001|65.60506667015906|7.189838171005249
 rtt|48001|0.09105962551407967|7.190008163452148
 progress|48001|174|7.245157957077026
 window_size|48001|65.62030939531363|7.245404005050659
 rtt|48001|0.09500986627539248|7.24553918838501
 progress|48001|175|7.282959938049316
 window_size|48001|65.63554857978586|7.283246040344238
 rtt|48001|0.08364110351197815|7.2834391593933105
 progress|48001|176|7.301255941390991
 window_size|48001|65.65078422604216|7.301607847213745
 rtt|48001|0.08935293313830636|7.301801919937134
 progress|48001|177|7.368381023406982
 window_size|48001|65.66601633654608|7.368499040603638
 rtt|48001|0.1060214972589931|7.368666887283325
 progress|48001|178|7.390568017959595
 window_size|48001|65.6812449137583|7.390669107437134
 rtt|48001|0.10413877926224978|7.390794992446899
 progress|48001|179|7.426491975784302
 window_size|48001|65.69646996013665|7.42661714553833
 rtt|48001|0.09006346111551708|7.4267189502716064
 progress|48001|180|7.481451034545898
 window_size|48001|65.71169147813613|7.481735944747925
 rtt|48001|0.09352994416404234|7.481898069381714
 progress|48001|181|7.519020080566406
 window_size|48001|65.72690947020887|7.519254922866821
 rtt|48001|0.08254452596260725|7.51941990852356
 progress|48001|182|7.53765606880188
 window_size|48001|65.74212393880416|7.5378828048706055
 rtt|48001|0.08812309834757523|7.538079023361206
 progress|48001|183|7.6061530113220215
 window_size|48001|65.75733488636847|7.6064369678497314
 rtt|48001|0.1064586125283554|7.60661506652832
 progress|48001|184|7.628346920013428
 window_size|48001|65.77254231534545|7.628761053085327
 rtt|48001|0.1046364058862416|7.628927946090698
 progress|48001|185|7.663489103317261
 window_size|48001|65.7877462281759|7.663816928863525
 rtt|48001|0.09106224855496103|7.664000988006592
 progress|48001|186|7.718250036239624
 window_size|48001|65.80294662729783|7.718395948410034
 rtt|48001|0.09427854134305728|7.71851110458374
 progress|48001|187|7.757461071014404
 window_size|48001|65.81814351514639|7.757642030715942
 rtt|48001|0.0818295299006592|7.757745981216431
 progress|48001|188|7.773711204528809
 window_size|48001|65.83333689415396|7.773935079574585
 rtt|48001|0.08959303016757422|7.77411413192749
 progress|48001|189|7.843838930130005
 window_size|48001|65.84852676675008|7.844300985336304
 rtt|48001|0.10918028672452337|7.844483137130737
 progress|48001|190|7.864763975143433
 window_size|48001|65.86371313536152|7.864994049072266
 rtt|48001|0.10753951835220425|7.8651509284973145
 progress|48001|191|7.902611017227173
 window_size|48001|65.87889600241223|7.9030609130859375
 rtt|48001|0.09122432681303852|7.903230905532837
 progress|48001|192|7.954543828964233
 window_size|48001|65.89407537032336|7.954719066619873
 rtt|48001|0.09141483515706363|7.9548468589782715
 progress|48001|193|7.9938459396362305
 window_size|48001|65.9092512415133|7.993983030319214
 rtt|48001|0.07946831631906633|7.9940831661224365
 progress|48001|194|8.011427164077759
 window_size|48001|65.92442361839763|8.011806011199951
 rtt|48001|0.08672070220564337|8.011904001235962
 progress|48001|195|8.08110499382019
 window_size|48001|65.93959250338915|8.081290006637573
 rtt|48001|0.10667976608383982|8.081393957138062
 progress|48001|196|8.100452899932861
 window_size|48001|65.95475789889791|8.100820064544678
 rtt|48001|0.10697387710191388|8.100935935974121
 progress|48001|197|8.141165971755981
 window_size|48001|65.96991980733115|8.141411066055298
 rtt|48001|0.09192204067962831|8.141533851623535
 progress|48001|198|8.191375970840454
 window_size|48001|65.98507823109338|8.19159984588623
 rtt|48001|0.08994740946778998|8.191711902618408
 progress|48001|199|8.230248928070068
 window_size|48001|66.00023317258633|8.230422019958496
 rtt|48001|0.07867093729894746|8.230546951293945
 progress|48001|200|8.2483651638031
 window_size|48001|66.01538463420898|8.248751878738403
 rtt|48001|0.08561895518080517|8.248932838439941
 progress|48001|201|8.319451808929443
 window_size|48001|66.03053261835754|8.319666862487793
 rtt|48001|0.10724693390555998|8.319824934005737
 progress|48001|202|8.336899995803833
 window_size|48001|66.04567712742549|8.337232828140259
 rtt|48001|0.1089794140192454|8.337461948394775
 progress|48001|203|8.37869381904602
 window_size|48001|66.06081816380355|8.378841161727905
 rtt|48001|0.09462351327638319|8.37894606590271
 progress|48001|204|8.428170919418335
 window_size|48001|66.07595572987971|8.428370952606201
 rtt|48001|0.09120440436160275|8.428489923477173
 progress|48001|205|8.467548847198486
 window_size|48001|66.09108982803923|8.46790885925293
 rtt|48001|0.07924522364634326|8.468024015426636
 progress|48001|206|8.48502802848816
 window_size|48001|66.10622046066463|8.485262155532837
 rtt|48001|0.0864795378179689|8.485420942306519
 progress|48001|207|8.555660963058472
 window_size|48001|66.12134763013569|8.555893898010254
 rtt|48001|0.10751118481804445|8.556015014648438
 progress|48001|208|8.575108766555786
 window_size|48001|66.1364713388295|8.575594902038574
 rtt|48001|0.10761620575068981|8.575780153274536
 progress|48001|209|8.61573600769043
 window_size|48001|66.1515915891204|8.616307020187378
 rtt|48001|0.092245070852608|8.616590023040771
 progress|48001|210|8.666471004486084
 window_size|48001|66.16670838338003|8.666686058044434
 rtt|48001|0.09077944230317953|8.666975975036621
 progress|48001|211|8.704864978790283
 window_size|48001|66.18182172397732|8.705092191696167
 rtt|48001|0.07977023207252193|8.705263137817383
 progress|48001|212|8.722655057907104
 window_size|48001|66.19693161327851|8.72291898727417
 rtt|48001|0.08667312743284453|8.72308611869812
 progress|48001|213|8.792906999588013
 window_size|48001|66.2120380536471|8.793190002441406
 rtt|48001|0.10719841785572397|8.793334007263184
 progress|48001|214|8.812185764312744
 window_size|48001|66.22714104744394|8.812419176101685
 rtt|48001|0.10743972479012148|8.812546968460083
 progress|48001|215|8.852505922317505
 window_size|48001|66.24224059702715|8.852743864059448
 rtt|48001|0.09185661344998915|8.852868795394897
 progress|48001|216|8.905115842819214
 window_size|48001|66.25733670475218|8.905426025390625
 rtt|48001|0.09226967369808578|8.905631065368652
 progress|48001|217|8.94228720664978
 window_size|48001|66.27242937297179|8.94262981414795
 rtt|48001|0.08200968475052564|8.942758798599243
 progress|48001|218|8.959854125976562
 window_size|48001|66.28751860403607|8.960260152816772
 rtt|48001|0.08853812699084787|8.960430145263672
 progress|48001|219|9.029883861541748
 window_size|48001|66.30260440029242|9.030156135559082
 rtt|48001|0.10849789980038699|9.030279874801636
 progress|48001|220|9.051045894622803
 window_size|48001|66.3176867640856|9.051471948623657
 rtt|48001|0.10702721747508667|9.05165696144104
 progress|48001|221|9.089103937149048
 window_size|48001|66.33276569775765|9.08932089805603
 rtt|48001|0.09056229899338586|9.089475154876709
 progress|48001|222|9.142975091934204
 window_size|48001|66.347841203648|9.143255949020386
 rtt|48001|0.09267350285496057|9.143423080444336
 progress|48001|223|9.179425954818726
 window_size|48001|66.36291328409341|9.179837942123413
 rtt|48001|0.0829175574985595|9.180007934570312
 progress|48001|224|9.198671817779541
 window_size|48001|66.37798194142795|9.198955059051514
 rtt|48001|0.08784688504341809|9.199121952056885
 progress|48001|225|9.268595933914185
 window_size|48001|66.39304717798308|9.2690269947052
 rtt|48001|0.10754924530228112|9.269202947616577
 progress|48001|226|9.28811502456665
 window_size|48001|66.4081089960876|9.288338899612427
 rtt|48001|0.10753034621620906|9.288497924804688
 progress|48001|227|9.3265860080719
 window_size|48001|66.42316739806769|9.326866865158081
 rtt|48001|0.09063593417539054|9.327032089233398
 progress|48001|228|9.381938934326172
 window_size|48001|66.43822238624685|9.382241010665894
 rtt|48001|0.09420355687699625|9.382415056228638
 progress|48001|229|9.417441129684448
 window_size|48001|66.45327396294597|9.417722940444946
 rtt|48001|0.08486086460086696|9.41789197921753
 progress|48001|230|9.439489126205444
 window_size|48001|66.46832213048333|9.43989610671997
 rtt|48001|0.08736974936522404|9.44005298614502
 progress|48001|231|9.50734806060791
 window_size|48001|66.48336689117455|9.50775694847107
 rtt|48001|0.10493863205005934|9.50792908668518
 progress|48001|232|9.524874925613403
 window_size|48001|66.49840824733266|9.525274991989136
 rtt|48001|0.1071668449287789|9.525487184524536
 progress|48001|233|9.564403057098389
 window_size|48001|66.51344620126805|9.564693927764893
 rtt|48001|0.09094309795356856|9.564877033233643
 progress|48001|234|9.61997389793396
 window_size|48001|66.52848075528851|9.62024712562561
 rtt|48001|0.09470816047187904|9.620408058166504
 progress|48001|235|9.655428171157837
 window_size|48001|66.54351191169923|9.655633926391602
 rtt|48001|0.0852625054806619|9.655744075775146
 progress|48001|236|9.678295135498047
 window_size|48001|66.55853967280277|9.678705930709839
 rtt|48001|0.08708710210514445|9.678869009017944
 progress|48001|237|9.743444919586182
 window_size|48001|66.57356404089911|9.74362587928772
 rtt|48001|0.10207399546934777|9.74373984336853
 progress|48001|238|9.762739896774292
 window_size|48001|66.58858501828566|9.763142824172974
 rtt|48001|0.10358616431492229|9.763303995132446
 progress|48001|239|9.802621841430664
 window_size|48001|66.60360260725717|9.802905082702637
 rtt|48001|0.08866286373144401|9.803084135055542
 progress|48001|240|9.856544971466064
 window_size|48001|66.61861681010588|9.856975078582764
 rtt|48001|0.0912297671889333|9.857149839401245
 progress|48001|241|9.892950057983398
 window_size|48001|66.63362762912139|9.893234014511108
 rtt|48001|0.08172809391825542|9.893399953842163
 progress|48001|242|9.91814398765564
 window_size|48001|66.64863506659074|9.918571949005127
 rtt|48001|0.08265480084658638|9.91877818107605
 progress|48001|243|9.981544017791748
 window_size|48001|66.6636391247984|9.981826066970825
 rtt|48001|0.09681090159238222|9.981996059417725
 progress|48001|244|9.999610185623169
 window_size|48001|66.67863980602625|9.999812126159668
 rtt|48001|0.10049816052203878|9.999981164932251
 progress|48001|245|10.040400981903076
 window_size|48001|66.69363711255363|10.04083514213562
 rtt|48001|0.08721065000253257|10.040996074676514
 progress|48001|246|10.094204902648926
 window_size|48001|66.7086310466573|10.09463906288147
 rtt|48001|0.09012162159109674|10.09480094909668
 progress|48001|247|10.13058590888977
 window_size|48001|66.72362161061147|10.130872011184692
 rtt|48001|0.08090526622387206|10.131049871444702
 progress|48001|248|10.155700922012329
 window_size|48001|66.7386088066878|10.155901908874512
 rtt|48001|0.08204153637762208|10.156067132949829
 progress|48001|249|10.219635009765625
 window_size|48001|66.75359263715535|10.220079183578491
 rtt|48001|0.09679088458456157|10.220242023468018
 progress|48001|250|10.238525867462158
 window_size|48001|66.7685731042807|10.238945960998535
 rtt|48001|0.09988240484719746|10.239103078842163
 progress|48001|251|10.281728982925415
 window_size|48001|66.78355021032786|10.28216290473938
 rtt|48001|0.08910626338401106|10.282330989837646
 progress|48001|252|10.331744909286499
 window_size|48001|66.79852395755829|10.332145929336548
 rtt|48001|0.08743364950209234|10.332319021224976
 progress|48001|253|10.36795687675476
 window_size|48001|66.81349434823092|10.368235111236572
 rtt|48001|0.078980424376891|10.368402004241943
 progress|48001|254|10.395331144332886
 window_size|48001|66.82846138460216|10.395745038986206
 rtt|48001|0.07869002142094264|10.39591097831726
 progress|48001|255|10.458336114883423
 window_size|48001|66.8434250689259|10.458615064620972
 rtt|48001|0.09327487606940774|10.458791017532349
 progress|48001|256|10.475956916809082
 window_size|48001|66.85838540345347|10.476213932037354
 rtt|48001|0.09824729408572755|10.476346969604492
 progress|48001|257|10.519418954849243
 window_size|48001|66.87334239043372|10.519704103469849
 rtt|48001|0.08821519264599839|10.519881010055542
 progress|48001|258|10.572542905807495
 window_size|48001|66.88829603211296|10.572962999343872
 rtt|48001|0.08985282517607536|10.573132038116455
 progress|48001|259|10.606174945831299
 window_size|48001|66.90324633073502|10.606456995010376
 rtt|48001|0.0829813023648697|10.606628894805908
 progress|48001|260|10.635211944580078
 window_size|48001|66.91819328854116|10.635426044464111
 rtt|48001|0.08042713771450447|10.635581016540527
 progress|48001|261|10.696866989135742
 window_size|48001|66.93313690777022|10.69727897644043
 rtt|48001|0.09291930369371075|10.697441101074219
 progress|48001|262|10.712203025817871
 window_size|48001|66.94807719065847|10.712459087371826
 rtt|48001|0.09958101413962224|10.712602853775024
 progress|48001|263|10.758226871490479
 window_size|48001|66.96301413943972|10.758435010910034
 rtt|48001|0.0920436482917936|10.758543968200684
 progress|48001|264|10.809924840927124
 window_size|48001|66.97794775634529|10.810202836990356
 rtt|48001|0.09124739639554563|10.810362815856934
 progress|48001|265|10.843448162078857
 window_size|48001|66.99287804360398|10.843852043151855
 rtt|48001|0.0841096012730191|10.844011068344116
 progress|48001|266|10.874922037124634
 window_size|48001|67.00780500344214|10.875409841537476
 rtt|48001|0.0793476895502749|10.875581979751587
 progress|48001|267|10.934521198272705
 window_size|48001|67.02272863808363|10.934813022613525
 rtt|48001|0.09011576308813123|10.934973955154419
 progress|48001|268|10.948654174804688
 window_size|48001|67.03764894974985|10.949020862579346
 rtt|48001|0.09838148861393321|10.949201822280884
 progress|48001|269|10.99553894996643
 window_size|48001|67.05256594065969|10.995833158493042
 rtt|48001|0.09216537048369527|10.99602198600769
 progress|48001|270|11.046941041946411
 window_size|48001|67.06747961302959|11.047226905822754
 rtt|48001|0.09119264761073796|11.047405004501343
 progress|48001|271|11.081592082977295
 window_size|48001|67.08238996907353|11.081929922103882
 rtt|48001|0.08311387258035996|11.082091093063354
 progress|48001|272|11.113224983215332
 window_size|48001|67.09729701100304|11.113391160964966
 rtt|48001|0.07840110129023203|11.113510847091675
 progress|48001|273|11.171540975570679
 window_size|48001|67.11220074102715|11.171839952468872
 rtt|48001|0.08792293643721907|11.172006845474243
 progress|48001|274|11.185590028762817
 window_size|48001|67.1271011613525|11.186002969741821
 rtt|48001|0.09676773218078213|11.186161994934082
 progress|48001|275|11.234442949295044
 window_size|48001|67.14199827418322|11.234851121902466
 rtt|48001|0.093005618909886|11.235021114349365
 progress|48001|276|11.284564018249512
 window_size|48001|67.15689208172104|11.284898042678833
 rtt|48001|0.09050378680490329|11.285084962844849
 progress|48001|277|11.320148944854736
 window_size|48001|67.17178258616522|11.320543050765991
 rtt|48001|0.08186821815998246|11.320711851119995
 progress|48001|278|11.350297927856445
 window_size|48001|67.1866697897126|11.35073208808899
 rtt|48001|0.07875586181608524|11.350895166397095
 progress|48001|279|11.40875792503357
 window_size|48001|67.20155369455756|11.408989906311035
 rtt|48001|0.08853055274792934|11.409151077270508
 progress|48001|280|11.422852039337158
 window_size|48001|67.21643430289208|11.423135995864868
 rtt|48001|0.09704268014314983|11.423310995101929
 progress|48001|281|11.472411870956421
 window_size|48001|67.2313116169057|11.472647905349731
 rtt|48001|0.09400012206891778|11.472851991653442
 progress|48001|282|11.521887063980103
 window_size|48001|67.24618563878553|11.522071123123169
 rtt|48001|0.09052242371661957|11.522180795669556
 progress|48001|283|11.550041198730469
 window_size|48001|67.26105637071629|11.550314903259277
 rtt|48001|0.08739198455248307|11.550498962402344
 progress|48001|284|11.589869022369385
 window_size|48001|67.27592381488024|11.590191125869751
 rtt|48001|0.07609419548740368|11.590388059616089
 progress|48001|285|11.645824909210205
 window_size|48001|67.29078797345727|11.646084070205688
 rtt|48001|0.0836928579553543|11.646239042282104
 progress|48001|286|11.659535884857178
 window_size|48001|67.30564884862483|11.6599600315094
 rtt|48001|0.09378301173215944|11.66013216972351
 progress|48001|287|11.710508108139038
 window_size|48001|67.32050644255797|11.710699081420898
 rtt|48001|0.09311097811009383|11.710875988006592
 progress|48001|288|11.760035991668701
 window_size|48001|67.33536075742937|11.760322093963623
 rtt|48001|0.08974184994675963|11.7604820728302
 progress|48001|289|11.788170099258423
 window_size|48001|67.3502117954093|11.788612127304077
 rtt|48001|0.08693240786156775|11.788823127746582
 progress|48001|290|11.827428102493286
 window_size|48001|67.36505955866559|11.827661991119385
 rtt|48001|0.07518749156002656|11.82785677909851
 progress|48001|291|11.883685827255249
 window_size|48001|67.37990404936376|11.884083986282349
 rtt|48001|0.08325593439279606|11.884230852127075
 progress|48001|292|11.89582896232605
 window_size|48001|67.39474526966688|11.896196842193604
 rtt|48001|0.09459532441824156|11.89633297920227
 progress|48001|293|11.947526931762695
 window_size|48001|67.40958322173569|11.947993040084839
 rtt|48001|0.09430981536554842|11.948225975036621
 progress|48001|294|11.999076128005981
 window_size|48001|67.42441790772848|11.999392032623291
 rtt|48001|0.09270838173955476|11.999559879302979
 progress|48001|295|12.025595903396606
 window_size|48001|67.43924932980124|12.025911092758179
 rtt|48001|0.09053497899303029|12.026068925857544
 progress|48001|296|12.067734956741333
 window_size|48001|67.45407749010757|12.068161010742188
 rtt|48001|0.08069043659657298|12.068434953689575
 progress|48001|297|12.123502016067505
 window_size|48001|67.46890239079866|12.123918056488037
 rtt|48001|0.08666755091963027|12.124098062515259
 progress|48001|298|12.131910800933838
 window_size|48001|67.48372403402338|12.132131099700928
 rtt|48001|0.10014238045245123|12.132292032241821
 progress|48001|299|12.184295892715454
 window_size|48001|67.49854242192824|12.18456506729126
 rtt|48001|0.09944137286178138|12.184728145599365
 progress|48001|300|12.235188961029053
 window_size|48001|67.51335755665735|12.235414981842041
 rtt|48001|0.09605832225811764|12.235538959503174
 progress|48001|301|12.261962890625
 window_size|48001|67.52816944035253|12.262134075164795
 rtt|48001|0.09267879778492218|12.262259006500244
 progress|48001|302|12.306137800216675
 window_size|48001|67.5429780751532|12.306362867355347
 rtt|48001|0.08444089323253581|12.30648398399353
 progress|48001|303|12.363208055496216
 window_size|48001|67.55778346319646|12.36348009109497
 rtt|48001|0.09067600419657823|12.363628149032593
 progress|48001|304|12.37721300125122
 window_size|48001|67.57258560661705|12.37751293182373
 rtt|48001|0.09931231568423418|12.377638816833496
 progress|48001|305|12.42172384262085
 window_size|48001|67.5873845075474|12.422232151031494
 rtt|48001|0.09014336452399273|12.422424077987671
 progress|48001|306|12.475404977798462
 window_size|48001|67.60218016811758|12.475746154785156
 rtt|48001|0.09200911348475779|12.47594404220581
 progress|48001|307|12.500679969787598
 window_size|48001|67.61697259045535|12.50089693069458
 rtt|48001|0.09092359975049419|12.501063823699951
 progress|48001|308|12.542627096176147
 window_size|48001|67.6317617766861|12.542916774749756
 rtt|48001|0.08078144073345865|12.543140172958374
 progress|48001|309|12.600622177124023
 window_size|48001|67.64654772893294|12.600897073745728
 rtt|48001|0.08916790231323102|12.601057052612305
 progress|48001|310|12.61485481262207
 window_size|48001|67.66133044931665|12.615147113800049
 rtt|48001|0.09788483804897803|12.61531114578247
 progress|48001|311|12.65991997718811
 window_size|48001|67.67610993995568|12.660340070724487
 rtt|48001|0.08972266584986784|12.660501956939697
 progress|48001|312|12.713176012039185
 window_size|48001|67.69088620296617|12.713474988937378
 rtt|48001|0.09127596737918209|12.713643074035645
 progress|48001|313|12.738721132278442
 window_size|48001|67.70565924046197|12.739131927490234
 rtt|48001|0.09020651688909845|12.739310026168823
 progress|48001|314|12.780552864074707
 window_size|48001|67.72042905455459|12.780786037445068
 rtt|48001|0.08041528132848005|12.780900001525879
 progress|48001|315|12.839845895767212
 window_size|48001|67.73519564735327|12.840252876281738
 rtt|48001|0.08997883224665017|12.840415000915527
 progress|48001|316|12.852420091629028
 window_size|48001|67.74995902096491|12.85271406173706
 rtt|48001|0.09978901444679514|12.85289192199707
 progress|48001|317|12.899434089660645
 window_size|48001|67.76471917749416|12.89983582496643
 rtt|48001|0.09315167337259761|12.900007009506226
 progress|48001|318|12.950720071792603
 window_size|48001|67.77947611904335|12.95096492767334
 rtt|48001|0.0917489303103125|12.951096057891846
 progress|48001|319|12.975976943969727
 window_size|48001|67.79422984771254|12.976149082183838
 rtt|48001|0.09060205128727677|12.976324081420898
 progress|48001|320|13.018724203109741
 window_size|48001|67.80898036559948|13.019012212753296
 rtt|48001|0.0815850954380517|13.0191969871521
 progress|48001|321|13.077461957931519
 window_size|48001|67.82372767479966|13.077754020690918
 rtt|48001|0.09046994538986289|13.077880144119263
 progress|48001|322|13.089279890060425
 window_size|48001|67.83847177740627|13.08949613571167
 rtt|48001|0.10075092312271802|13.089652061462402
 progress|48001|323|13.138052940368652
 window_size|48001|67.85321267551024|13.138319969177246
 rtt|48001|0.09580724051125751|13.138499021530151
 progress|48001|324|13.190232992172241
 window_size|48001|67.86795037120022|13.190672874450684
 rtt|48001|0.0944342165624622|13.190936088562012
 progress|48001|325|13.212903022766113
 window_size|48001|67.88268486656263|13.213296890258789
 rtt|48001|0.09469132037524286|13.213474988937378
 progress|48001|326|13.254962921142578
 window_size|48001|67.89741616368156|13.255118131637573
 rtt|48001|0.08410353284043157|13.25524616241455
 progress|48001|327|13.314981937408447
 window_size|48001|67.91214426463888|13.315261840820312
 rtt|48001|0.09374699680978629|13.315431833267212
 progress|48001|328|13.325934171676636
 window_size|48001|67.9268691715142|13.326150894165039
 rtt|48001|0.10380091698238336|13.326319932937622
 progress|48001|329|13.376423835754395
 window_size|48001|67.94159088638486|13.376699924468994
 rtt|48001|0.09993814611657112|13.376859903335571
 progress|48001|330|13.428884029388428
 window_size|48001|67.95630941132598|13.429294109344482
 rtt|48001|0.09773461226466393|13.429464101791382
 progress|48001|331|13.450639009475708
 window_size|48001|67.97102474841039|13.450918912887573
 rtt|48001|0.09797835881108446|13.451081037521362
 progress|48001|332|13.493093967437744
 window_size|48001|67.9857368997087|13.493453979492188
 rtt|48001|0.08692625128177055|13.49365782737732
 progress|48001|333|13.552511930465698
 window_size|48001|68.00044586728929|13.552958965301514
 rtt|48001|0.09516554290018181|13.55313515663147
 progress|48001|334|13.563091039657593
 window_size|48001|68.01515165321827|13.563324928283691
 rtt|48001|0.10501104017192919|13.563493967056274
 progress|48001|335|13.61406397819519
 window_size|48001|68.02985425955956|13.614383935928345
 rtt|48001|0.10130640379469258|13.614544868469238
 progress|48001|336|13.665338039398193
 window_size|48001|68.0445536883748|13.66556191444397
 rtt|48001|0.09777632877100373|13.665719032287598
 progress|48001|337|13.688173055648804
 window_size|48001|68.05924994172345|13.688447952270508
 rtt|48001|0.09712446211974045|13.688628911972046
 progress|48001|338|13.731235980987549
 window_size|48001|68.07394302166271|13.731511116027832
 rtt|48001|0.08688202498924151|13.731684923171997
 progress|48001|339|13.789438962936401
 window_size|48001|68.08863293024758|13.78972601890564
 rtt|48001|0.09398361725810572|13.789893865585327
 progress|48001|340|13.80164885520935
 window_size|48001|68.10331966953085|13.801926851272583
 rtt|48001|0.10291223233688443|13.802088975906372
 progress|48001|341|13.851208925247192
 window_size|48001|68.11800324156306|13.851672172546387
 rtt|48001|0.09803252955206339|13.851889848709106
 progress|48001|342|13.903666973114014
 window_size|48001|68.13268364839257|13.90395188331604
 rtt|48001|0.09678270712977322|13.904110193252563
 progress|48001|343|13.92552900314331
 window_size|48001|68.14736089206554|13.925915956497192
 rtt|48001|0.0972766567367785|13.926084756851196
 progress|48001|344|13.97029185295105
 window_size|48001|68.16203497462588|13.970584154129028
 rtt|48001|0.08887242613573046|13.970741033554077
 progress|48001|345|14.027911901473999
 window_size|48001|68.17670589811536|14.028164863586426
 rtt|48001|0.09472292130283938|14.028297901153564
 progress|48001|346|14.03865385055542
 window_size|48001|68.19137366457352|14.038985013961792
 rtt|48001|0.10478652659977405|14.039186954498291
 progress|48001|347|14.090423107147217
 window_size|48001|68.2060382760377|14.09081506729126
 rtt|48001|0.10210828747196138|14.09099006652832
 progress|48001|348|14.140068054199219
 window_size|48001|68.22069973454308|14.14028000831604
 rtt|48001|0.09665471930100886|14.14039921760559
 progress|48001|349|14.16200590133667
 window_size|48001|68.23535804212261|14.162287950515747
 rtt|48001|0.09682032875499885|14.162458896636963
 progress|48001|350|14.207204103469849
 window_size|48001|68.2500132008071|14.207481145858765
 rtt|48001|0.08896855093627441|14.207642793655396
 progress|48001|351|14.26479196548462
 window_size|48001|68.26466521262515|14.264970064163208
 rtt|48001|0.09487649065030271|14.26509690284729
 progress|48001|352|14.275833129882812
 window_size|48001|68.27931407960318|14.276121139526367
 rtt|48001|0.104493992407971|14.27629804611206
 progress|48001|353|14.327268838882446
 window_size|48001|68.29395980376547|14.327482223510742
 rtt|48001|0.10150506725748235|14.327720880508423
 progress|48001|354|14.377988815307617
 window_size|48001|68.3086023871341|14.378400087356567
 rtt|48001|0.09711830856774634|14.378561019897461
 progress|48001|355|14.408560991287231
 window_size|48001|68.32324183172898|14.408975839614868
 rtt|48001|0.0907549381355002|14.409141063690186
 progress|48001|356|14.444953918457031
 window_size|48001|68.33787813956786|14.44513201713562
 rtt|48001|0.08024818964361718|14.445243835449219
 progress|48001|357|14.503436088562012
 window_size|48001|68.35251131266635|14.503736019134521
 rtt|48001|0.08921184211297536|14.503906965255737
 progress|48001|358|14.512199878692627
 window_size|48001|68.36714135303788|14.512485980987549
 rtt|48001|0.10193285839653426|14.512656927108765
 progress|48001|359|14.56367301940918
 window_size|48001|68.38176826269374|14.563896179199219
 rtt|48001|0.09980102755208115|14.5640709400177
 progress|48001|360|14.61426305770874
 window_size|48001|68.39639204364305|14.614485025405884
 rtt|48001|0.09604465098408949|14.614613056182861
 progress|48001|361|14.645645141601562
 window_size|48001|68.41101269789279|14.645881175994873
 rtt|48001|0.08917220624655667|14.646003007888794
 progress|48001|362|14.6820650100708
 window_size|48001|68.4256302274478|14.682295083999634
 rtt|48001|0.0790888667874844|14.682458877563477
 progress|48001|363|14.740777015686035
 window_size|48001|68.44024463431079|14.741189956665039
 rtt|48001|0.08860500810451485|14.741349935531616
 progress|48001|364|14.757622957229614
 window_size|48001|68.4548559204823|14.757889032363892
 rtt|48001|0.09530665832398813|14.758065938949585
 progress|48001|365|14.806788921356201
 window_size|48001|68.46946408796076|14.807212114334106
 rtt|48001|0.09165922104069141|14.8073890209198
 progress|48001|366|14.851476907730103
 window_size|48001|68.48406913874246|14.851666927337646
 rtt|48001|0.08375436130430436|14.851812839508057
 progress|48001|367|14.883795976638794
 window_size|48001|68.49867107482154|14.884194135665894
 rtt|48001|0.0790689275666484|14.884371042251587
 progress|48001|368|14.9184250831604
 window_size|48001|68.51326989819007|14.918668031692505
 rtt|48001|0.07272209891233089|14.918796062469482
 progress|48001|369|14.978407859802246
 window_size|48001|68.52786561083795|14.97868013381958
 rtt|48001|0.08543194009343599|14.980340003967285
 progress|48001|370|14.994084119796753
 window_size|48001|68.54245821475295|14.994246006011963
 rtt|48001|0.09374140815801915|14.994366884231567
 progress|48001|371|15.043982028961182
 window_size|48001|68.55704771192079|15.044410228729248
 rtt|48001|0.09146898580029283|15.04458498954773
 progress|48001|372|15.090188980102539
 window_size|48001|68.571634104325|15.0905179977417
 rtt|48001|0.0849678061133827|15.090692043304443
 progress|48001|373|15.120998859405518
 window_size|48001|68.58621739394704|15.121424913406372
 rtt|48001|0.08113718333695813|15.121596813201904
 progress|48001|374|15.154891967773438
 window_size|48001|68.60079758276626|15.155173778533936
 rtt|48001|0.0746447270071538|15.15535593032837
 progress|48001|375|15.215993165969849
 window_size|48001|68.61537467275991|15.216222047805786
 rtt|48001|0.08811715975361537|15.216392040252686
 progress|48001|376|15.23319697380066
 window_size|48001|68.62994866590313|15.233521938323975
 rtt|48001|0.09459619385136164|15.233684062957764
 progress|48001|377|15.281274795532227
 window_size|48001|68.64451956416896|15.281550168991089
 rtt|48001|0.0900983105140363|15.28170895576477
 progress|48001|378|15.327775955200195
 window_size|48001|68.65908736952835|15.328001022338867
 rtt|48001|0.0845182503619148|15.328119039535522
 progress|48001|379|15.358412027359009
 window_size|48001|68.67365208395017|15.358681917190552
 rtt|48001|0.08088676564065365|15.358828067779541
 progress|48001|380|15.391454935073853
 window_size|48001|68.6882137094012|15.39163589477539
 rtt|48001|0.0751194481264392|15.39177393913269
 progress|48001|381|15.455073118209839
 window_size|48001|68.7027722478461|15.455224990844727
 rtt|48001|0.09110178380365397|15.45532488822937
 progress|48001|382|15.473120927810669
 window_size|48001|68.71732770124748|15.473355054855347
 rtt|48001|0.09643193160193|15.473479986190796
 progress|48001|383|15.517566919326782
 window_size|48001|68.7318800715659|15.517728090286255
 rtt|48001|0.08778639945924446|15.517871141433716
 progress|48001|384|15.565731048583984
 window_size|48001|68.74642936075978|15.565894842147827
 rtt|48001|0.08448060935222082|15.565999984741211
 progress|48001|385|15.594944953918457
 window_size|48001|68.7609755707855|15.595095157623291
 rtt|48001|0.08192912933293058|15.5951988697052
 progress|48001|386|15.62776494026184
 window_size|48001|68.77551870359738|15.627941846847534
 rtt|48001|0.07592183039590014|15.628031015396118
 progress|48001|387|15.69162392616272
 window_size|48001|68.79005876114765|15.691760778427124
 rtt|48001|0.09207518093342468|15.691874027252197
 progress|48001|388|15.711812019348145
 window_size|48001|68.8045957453865|15.711928129196167
 rtt|48001|0.09539189913229038|15.712023973464966
 progress|48001|389|15.75349497795105
 window_size|48001|68.81912965826203|15.753615140914917
 rtt|48001|0.08410373398966066|15.753716945648193
 progress|48001|390|15.803627967834473
 window_size|48001|68.83366050172032|15.803863048553467
 rtt|48001|0.08376808869915173|15.804001092910767
 progress|48001|391|15.831622838973999
 window_size|48001|68.84818827770536|15.831899881362915
 rtt|48001|0.08240125467986956|15.832058191299438
 progress|48001|392|15.865786790847778
 window_size|48001|68.86271298815913|15.866053819656372
 rtt|48001|0.07516027249462924|15.866225004196167
 progress|48001|393|15.933562994003296
 window_size|48001|68.87723463502152|15.933969974517822
 rtt|48001|0.09526219375736618|15.934130907058716
 progress|48001|394|15.94879412651062
 window_size|48001|68.8917532202304|15.94907808303833
 rtt|48001|0.10199108381687225|15.949249029159546
 progress|48001|395|15.990966081619263
 window_size|48001|68.90626874572158|15.991398811340332
 rtt|48001|0.08955024583321616|15.991618156433105
 progress|48001|396|16.041374921798706
 window_size|48001|68.92078121342884|16.04164981842041
 rtt|48001|0.08831321296389612|16.041815042495728
 progress|48001|397|16.070680141448975
 window_size|48001|68.93529062528393|16.071080923080444
 rtt|48001|0.08487910445939367|16.07125186920166
 progress|48001|398|16.10301685333252
 window_size|48001|68.94979698321656|16.10325002670288
 rtt|48001|0.07843026661939766|16.103379011154175
 progress|48001|399|16.173464059829712
 window_size|48001|68.96430028915441|16.173747062683105
 rtt|48001|0.10050910509212352|16.173913955688477
 progress|48001|400|16.186415195465088
 window_size|48001|68.97880054502313|16.18671989440918
 rtt|48001|0.1080440639040449|16.186888933181763
 progress|48001|401|16.23202109336853
 window_size|48001|68.99329775274636|16.232431173324585
 rtt|48001|0.0976573778482893|16.232599020004272
 progress|48001|402|16.27812099456787
 window_size|48001|69.00779191424569|16.27832818031311
 rtt|48001|0.08985284231914528|16.278438806533813
 progress|48001|403|16.308276891708374
 window_size|48001|69.02228303144072|16.308591842651367
 rtt|48001|0.08515031120980593|16.30872082710266
 progress|48001|404|16.34056806564331
 window_size|48001|69.03677110624903|16.340837955474854
 rtt|48001|0.07869965785951909|16.34107995033264
 progress|48001|405|16.410960912704468
 window_size|48001|69.05125614058619|16.411247968673706
 rtt|48001|0.10075522363994902|16.411409854888916
 progress|48001|406|16.42495107650757
 window_size|48001|69.06573813636574|16.425309896469116
 rtt|48001|0.10734565764264001|16.425502061843872
 progress|48001|407|16.469603061676025
 window_size|48001|69.08021709549922|16.469871759414673
 rtt|48001|0.09617945220216294|16.470031023025513
 progress|48001|408|16.516204118728638
 window_size|48001|69.09469301989618|16.51647400856018
 rtt|48001|0.08908951305411351|16.51663374900818
 progress|48001|409|16.545907020568848
 window_size|48001|69.10916591146416|16.546122074127197
 rtt|48001|0.08483089082704934|16.546279907226562
 progress|48001|410|16.57781195640564
 window_size|48001|69.12363577210871|16.57821011543274
 rtt|48001|0.07878117118203937|16.578479051589966
 progress|48001|411|16.648197889328003
 window_size|48001|69.13810260373339|16.648603916168213
 rtt|48001|0.10087252314069847|16.649930000305176
 progress|48001|412|16.662991762161255
 window_size|48001|69.15256640823974|16.66339612007141
 rtt|48001|0.10670954522185047|16.66355609893799
 progress|48001|413|16.710033893585205
 window_size|48001|69.16702718752732|16.71030306816101
 rtt|48001|0.09799615477806159|16.710474014282227
 progress|48001|414|16.752442836761475
 window_size|48001|69.18148494349374|16.752722024917603
 rtt|48001|0.08619827633236851|16.752889156341553
 progress|48001|415|16.783044815063477
 window_size|48001|69.19593967803459|16.783268928527832
 rtt|48001|0.08177575658992443|16.783395051956177
 progress|48001|416|16.81565809249878
 window_size|48001|69.2103913930435|16.815946102142334
 rtt|48001|0.07582572575547161|16.816111087799072
 progress|48001|417|16.884514093399048
 window_size|48001|69.22484009041209|16.884716987609863
 rtt|48001|0.09717124861676647|16.884848833084106
 progress|48001|418|16.89911198616028
 window_size|48001|69.23928577203004|16.899343013763428
 rtt|48001|0.1039035864078765|16.899473905563354
 progress|48001|419|16.947266101837158
 window_size|48001|69.25372843978506|16.947492122650146
 rtt|48001|0.09716739582417831|16.947614908218384
 progress|48001|420|16.989838123321533
 window_size|48001|69.26816809556287|16.9901020526886
 rtt|48001|0.08549352178658282|16.99026107788086
 progress|48001|421|17.02241802215576
 window_size|48001|69.28260474124723|17.0228328704834
 rtt|48001|0.07977405520715423|17.02300190925598
 progress|48001|422|17.05529022216797
 window_size|48001|69.29703837871993|17.055691957473755
 rtt|48001|0.07432775193309775|17.0558660030365
 progress|48001|423|17.126441955566406
 window_size|48001|69.31146900986083|17.126821994781494
 rtt|48001|0.09805622416469834|17.127049922943115
 progress|48001|424|17.136069774627686
 window_size|48001|69.3258966365478|17.13648796081543
 rtt|48001|0.10873154600198154|17.13665008544922
 progress|48001|425|17.184920072555542
 window_size|48001|69.34032126065678|17.185333013534546
 rtt|48001|0.10161994869619173|17.18549609184265
 progress|48001|426|17.231521129608154
 window_size|48001|69.35474288406174|17.231748819351196
 rtt|48001|0.09317877482351551|17.231887817382812
 progress|48001|427|17.259412050247192
 window_size|48001|69.3691615086347|17.25962495803833
 rtt|48001|0.08950972580559216|17.259745121002197
 progress|48001|428|17.295138120651245
 window_size|48001|69.38357713624576|17.295368909835815
 rtt|48001|0.07930600482322828|17.295493841171265
 progress|48001|429|17.36119508743286
 window_size|48001|69.39798976876305|17.36203908920288
 rtt|48001|0.09648131016851|17.36249589920044
 progress|48001|430|17.373573780059814
 window_size|48001|69.41239940805278|17.373978853225708
 rtt|48001|0.10506552365109899|17.374154090881348
 progress|48001|431|17.422684907913208
 window_size|48001|69.4268060559792|17.422868967056274
 rtt|48001|0.09932558703932759|17.42299485206604
 progress|48001|432|17.468271017074585
 window_size|48001|69.44120971440465|17.46843910217285
 rtt|48001|0.09034637433858896|17.46859908103943
 progress|48001|433|17.497282028198242
 window_size|48001|69.45561038518952|17.497603178024292
 rtt|48001|0.08641386285137123|17.49775004386902
 progress|48001|434|17.53281307220459
 window_size|48001|69.47000807019226|17.53309392929077
 rtt|48001|0.07713838075938181|17.533284187316895
 progress|48001|435|17.599134922027588
 window_size|48001|69.48440277126944|17.59935688972473
 rtt|48001|0.09530762302929072|17.59948492050171
 progress|48001|436|17.611013889312744
 window_size|48001|69.49879449027567|17.61129093170166
 rtt|48001|0.10461287452183266|17.611448049545288
 progress|48001|437|17.66737198829651
 window_size|48001|69.51318322906366|17.667670011520386
 rtt|48001|0.10601724587444691|17.668335914611816
 progress|48001|438|17.707808017730713
 window_size|48001|69.52756898948417|17.7080819606781
 rtt|48001|0.0896717151974315|17.708242893218994
 progress|48001|439|17.73594093322754
 window_size|48001|69.54195177338606|17.736325979232788
 rtt|48001|0.08672309309094373|17.73649787902832
 progress|48001|440|17.77033805847168
 window_size|48001|69.55633158261631|17.770658016204834
 rtt|48001|0.07822059643376555|17.77083396911621
 progress|48001|441|17.840574026107788
 window_size|48001|69.57070841901994|17.841001987457275
 rtt|48001|0.10017002290004595|17.841167211532593
 progress|48001|442|17.849247932434082
 window_size|48001|69.58508228444009|17.849522829055786
 rtt|48001|0.11100028845963436|17.84969711303711
 progress|48001|443|17.898734092712402
 window_size|48001|69.599453180718|17.898969173431396
 rtt|48001|0.1042764814451771|17.89909601211548
 progress|48001|444|17.946255922317505
 window_size|48001|69.613821109693|17.946661949157715
 rtt|48001|0.09591132146417426|17.94683003425598
 progress|48001|445|17.973556995391846
 window_size|48001|69.62818607320254|17.973973035812378
 rtt|48001|0.09200846289828771|17.974148750305176
 progress|48001|446|18.00981616973877
 window_size|48001|69.64254807308214|18.01028084754944
 rtt|48001|0.08072132693105455|18.010490894317627
 progress|48001|447|18.076905965805054
 window_size|48001|69.65690711116545|18.077064990997314
 rtt|48001|0.09885993347164161|18.077172994613647
 progress|48001|448|18.087296962738037
 window_size|48001|69.67126318928422|18.087496995925903
 rtt|48001|0.1084934803751948|18.087644815444946
 progress|48001|449|18.136443853378296
 window_size|48001|69.68561630926833|18.136713981628418
 rtt|48001|0.101820938981565|18.13687300682068
 progress|48001|450|18.1828510761261
 window_size|48001|69.69996647294575|18.18303418159485
 rtt|48001|0.09314977461897841|18.183166027069092
 progress|48001|451|18.223016023635864
 window_size|48001|69.71431368214259|18.22342801094055
 rtt|48001|0.08022897126179951|18.223597049713135
 progress|48001|452|18.247908115386963
 window_size|48001|69.72865793868307|18.248188972473145
 rtt|48001|0.08180457522100185|18.24835777282715
 progress|48001|453|18.314447164535522
 window_size|48001|69.74299924438954|18.314740896224976
 rtt|48001|0.09910140908287052|18.31518006324768
 progress|48001|454|18.326244115829468
 window_size|48001|69.75733760108245|18.3264582157135
 rtt|48001|0.10742754770520851|18.32658886909485
 progress|48001|455|18.376620054244995
 window_size|48001|69.77167301058043|18.376916885375977
 rtt|48001|0.10225719030477617|18.377089023590088
 progress|48001|456|18.42041301727295
 window_size|48001|69.78600547470019|18.420827865600586
 rtt|48001|0.09062322934567389|18.42099094390869
 progress|48001|457|18.45178198814392
 window_size|48001|69.8003349952566|18.45201802253723
 rtt|48001|0.08455555494061101|18.452157974243164
 progress|48001|458|18.48458504676819
 window_size|48001|69.81466157406268|18.484871864318848
 rtt|48001|0.07795100420723447|18.485045909881592
 progress|48001|459|18.55238389968872
 window_size|48001|69.82898521292955|18.552674055099487
 rtt|48001|0.09751812508425003|18.552855014801025
 progress|48001|460|18.56344509124756
 window_size|48001|69.84330591366651|18.56370782852173
 rtt|48001|0.106838720665625|18.563865900039673
 progress|48001|461|18.614371061325073
 window_size|48001|69.85762367808098|18.61465287208557
 rtt|48001|0.10244127287427873|18.61482000350952
 progress|48001|462|18.65966486930847
 window_size|48001|69.87193850797856|18.66007900238037
 rtt|48001|0.09221511459313567|18.660238027572632
 progress|48001|463|18.688524961471558
 window_size|48001|69.88625040516294|18.688802003860474
 rtt|48001|0.08785317751001101|18.68897294998169
 progress|48001|464|18.723476886749268
 window_size|48001|69.90055937143603|18.72388195991516
 rtt|48001|0.07873350274462973|18.72404408454895
 progress|48001|465|18.790807962417603
 window_size|48001|69.91486540859785|18.79115390777588
 rtt|48001|0.0975033804365537|18.79131293296814
 progress|48001|466|18.802372932434082
 window_size|48001|69.9291685184466|18.802786111831665
 rtt|48001|0.10652982165044997|18.802945137023926
 progress|48001|467|18.85322904586792
 window_size|48001|69.94346870277865|18.853444814682007
 rtt|48001|0.10219091559809156|18.853646993637085
 progress|48001|468|18.89872694015503
 window_size|48001|69.95776596338848|18.899109840393066
 rtt|48001|0.09211291549002543|18.89926505088806
 progress|48001|469|18.92666792869568
 window_size|48001|69.97206030206881|18.926939964294434
 rtt|48001|0.08859271196799216|18.92709708213806
 progress|48001|470|18.961982011795044
 window_size|48001|69.98635172061049|18.962398052215576
 rtt|48001|0.07900923396308182|18.962559938430786
 progress|48001|471|19.030330181121826
 window_size|48001|70.00064022080252|19.030714988708496
 rtt|48001|0.09866442013868301|19.030874967575073
 progress|48001|472|19.039877891540527
 window_size|48001|70.01492580443212|19.040096044540405
 rtt|48001|0.10893154091199737|19.04021716117859
 progress|48001|473|19.093805074691772
 window_size|48001|70.02920847328467|19.09421992301941
 rtt|48001|0.10686016643818066|19.094603061676025
 progress|48001|474|19.138417959213257
 window_size|48001|70.0434882291437|19.138710975646973
 rtt|48001|0.09474682264358225|19.13891100883484
 progress|48001|475|19.16364598274231
 window_size|48001|70.05776507379097|19.163898944854736
 rtt|48001|0.09281715474691182|19.16407299041748
 progress|48001|476|19.19869899749756
 window_size|48001|70.07203900900639|19.198930025100708
 rtt|48001|0.08205479664206597|19.19906210899353
 progress|48001|477|19.26685380935669
 window_size|48001|70.08631003656807|19.267136096954346
 rtt|48001|0.10093364312683473|19.267300128936768
 progress|48001|478|19.277544021606445
 window_size|48001|70.10057815825229|19.277812004089355
 rtt|48001|0.10971377458433836|19.27796983718872
 progress|48001|479|19.337016105651855
 window_size|48001|70.11484337583356|19.337406873703003
 rtt|48001|0.11304780509047574|19.337867975234985
 progress|48001|480|19.376698970794678
 window_size|48001|70.12910569108455|19.37716507911682
 rtt|48001|0.09578569516197774|19.37734889984131
 progress|48001|481|19.412106037139893
 window_size|48001|70.14336510577614|19.41232419013977
 rtt|48001|0.08582830268165667|19.412484169006348
 progress|48001|482|19.444353103637695
 window_size|48001|70.15762162167742|19.444759130477905
 rtt|48001|0.0802405091931819|19.444917917251587
 progress|48001|483|19.50468897819519
 window_size|48001|70.17187524055568|19.504873991012573
 rtt|48001|0.09138787843074211|19.504978895187378
 progress|48001|484|19.514116048812866
 window_size|48001|70.18612596417638|19.514400005340576
 rtt|48001|0.10320379755452513|19.514570951461792
 progress|48001|485|19.566787004470825
 window_size|48001|70.20037379430325|19.56707000732422
 rtt|48001|0.10183294394268258|19.567246198654175
 progress|48001|486|19.61536407470703
 window_size|48001|70.21461873269817|19.615779161453247
 rtt|48001|0.09520890366203165|19.615940809249878
 progress|48001|487|19.640708923339844
 window_size|48001|70.22886078112126|19.641035079956055
 rtt|48001|0.09305503916411811|19.64120388031006
 progress|48001|488|19.681961059570312
 window_size|48001|70.24309994133085|19.682272911071777
 rtt|48001|0.08199228320298133|19.682435035705566
 progress|48001|489|19.743128061294556
 window_size|48001|70.25733621508351|19.743415117263794
 rtt|48001|0.09344178893025296|19.743590831756592
 progress|48001|490|19.75059413909912
 window_size|48001|70.271569604134|19.750809907913208
 rtt|48001|0.10627081094962545|19.750948905944824
 progress|48001|491|19.80285906791687
 window_size|48001|70.28580011023531|19.80307412147522
 rtt|48001|0.10378564708169918|19.804751873016357
 progress|48001|492|19.85157799720764
 window_size|48001|70.30002773513866|19.851805925369263
 rtt|48001|0.0970272943960746|19.851961135864258
 progress|48001|493|19.882463932037354
 window_size|48001|70.31425248059348|19.88289999961853
 rtt|48001|0.09021878201463035|19.883064031600952
 progress|48001|494|19.920132875442505
 window_size|48001|70.32847434834747|19.920567989349365
 rtt|48001|0.07874896050710598|19.920746088027954
 progress|48001|495|19.980506896972656
 window_size|48001|70.34269334014654|19.980911016464233
 rtt|48001|0.09008920165187188|19.98108196258545
 progress|48001|496|19.98821187019348
 window_size|48001|70.35690945773482|19.988565921783447
 rtt|48001|0.10347339205557307|19.988728046417236
 progress|48001|497|20.04173994064331
 window_size|48001|70.37112270285469|20.042144060134888
 rtt|48001|0.10289269084773592|20.042304039001465
 progress|48001|498|20.089375972747803
 window_size|48001|70.3853330772468|20.08965301513672
 rtt|48001|0.09521142082825694|20.089810848236084
 progress|48001|499|20.120051860809326
 window_size|48001|70.39954058264999|20.120251893997192
 rtt|48001|0.08887973714277596|20.120366096496582
 progress|48001|500|20.156536102294922
 window_size|48001|70.41374522080137|20.156773805618286
 rtt|48001|0.0786076010550559|20.15690302848816
 progress|48001|501|20.222150802612305
 window_size|48001|70.42794699343631|20.22255802154541
 rtt|48001|0.09519692554789001|20.222721099853516
 progress|48001|502|20.22504997253418
 window_size|48001|70.4421459022884|20.225343942642212
 rtt|48001|0.11140505701418675|20.225512981414795
 progress|48001|503|20.281749963760376
 window_size|48001|70.45634194908952|20.282033920288086
 rtt|48001|0.1122315086213698|20.282203912734985
 progress|48001|504|20.326916933059692
 window_size|48001|70.47053513556978|20.327332973480225
 rtt|48001|0.0994093582522431|20.32750391960144
 progress|48001|505|20.357784032821655
 window_size|48001|70.48472546345754|20.358191967010498
 rtt|48001|0.09185419168791571|20.358370065689087
 progress|48001|506|20.395791053771973
 window_size|48001|70.49891293447945|20.3962140083313
 rtt|48001|0.07962762966636736|20.396376132965088
 progress|48001|507|20.459911823272705
 window_size|48001|70.5130975503604|20.460102796554565
 rtt|48001|0.09465482505985653|20.460256099700928
 progress|48001|508|20.46135711669922
 window_size|48001|70.52727931282355|20.46148991584778
 rtt|48001|0.11212675853912893|20.46162509918213
 progress|48001|509|20.518733024597168
 window_size|48001|70.54145822359033|20.51901602745056
 rtt|48001|0.1135535306452725|20.519180059432983
 progress|48001|510|20.56299901008606
 window_size|48001|70.55563428438043|20.563268899917603
 rtt|48001|0.09967788678986485|20.563429832458496
 progress|48001|511|20.59628200531006
 window_size|48001|70.56980749691182|20.596493005752563
 rtt|48001|0.09000577520379023|20.596613883972168
 progress|48001|512|20.632591009140015
 window_size|48001|70.58397786290075|20.632856130599976
 rtt|48001|0.07965233004971448|20.633012056350708
