time:   0.000224s   progress|48003|0.1953125
time:   0.000393s   window_size|1
time:   0.209964s   progress|48003|0.390625
time:   0.210058s   window_size|2
time:   0.312079s   progress|48003|0.5859375
time:   0.312290s   window_size|2
time:   0.413981s   progress|48003|0.78125
time:   0.414106s   window_size|3
time:   0.515014s   progress|48003|0.9765625
time:   0.515217s   window_size|3
time:   0.520166s   progress|48003|1.171875
time:   0.520413s   window_size|4
time:   0.624037s   progress|48003|1.3671875
time:   0.624433s   window_size|4
time:   0.625289s   progress|48003|1.5625
time:   0.625469s   window_size|5
time:   0.728815s   progress|48003|1.7578125
time:   0.729091s   window_size|5
time:   0.730115s   progress|48003|1.953125
time:   0.730308s   window_size|6
time:   0.730768s   progress|48003|2.1484375
time:   0.730890s   window_size|7
time:   0.834618s   progress|48003|2.34375
time:   0.834781s   window_size|7
time:   0.835518s   progress|48003|2.5390625
time:   0.835639s   window_size|8
time:   0.836019s   progress|48003|2.734375
time:   0.836133s   window_size|9
time:   0.940258s   progress|48003|2.9296875
time:   0.940428s   window_size|9
time:   0.941089s   progress|48003|3.125
time:   0.941227s   window_size|10
time:   0.942807s   progress|48003|3.3203125
time:   0.942914s   window_size|11
time:   0.943374s   progress|48003|3.515625
time:   0.943481s   window_size|12
time:   1.045377s   progress|48003|3.7109375
time:   1.045557s   window_size|12
time:   1.047273s   progress|48003|3.90625
time:   1.047405s   window_size|13
time:   1.052821s   progress|48003|4.1015625
time:   1.053000s   window_size|14
time:   1.055170s   progress|48003|4.296875
time:   1.055347s   window_size|15
time:   1.157846s   progress|48003|4.4921875
time:   1.158248s   window_size|16
time:   1.158941s   progress|48003|4.6875
time:   1.159168s   window_size|17
time:   1.161116s   progress|48003|4.8828125
time:   1.161259s   window_size|18
time:   1.165435s   progress|48003|5.078125
time:   1.165792s   window_size|19
time:   1.261904s   progress|48003|5.2734375
time:   1.262185s   window_size|20
time:   1.267967s   progress|48003|5.46875
time:   1.268264s   window_size|21
time:   1.273465s   progress|48003|5.6640625
time:   1.273691s   window_size|22
time:   1.274142s   progress|48003|5.859375
time:   1.274280s   window_size|23
time:   1.376553s   progress|48003|6.0546875
time:   1.376737s   window_size|24
time:   1.377934s   progress|48003|6.25
time:   1.378116s   window_size|25
time:   1.379317s   progress|48003|6.4453125
time:   1.379506s   window_size|26
time:   1.385696s   progress|48003|6.640625
time:   1.385840s   window_size|27
time:   1.480249s   progress|48003|6.8359375
time:   1.480471s   window_size|28
time:   1.486384s   progress|48003|7.03125
time:   1.486565s   window_size|29
time:   1.491860s   progress|48003|7.2265625
time:   1.491998s   window_size|30
time:   1.496238s   progress|48003|7.421875
time:   1.496375s   window_size|31
time:   1.592674s   progress|48003|7.6171875
time:   1.592767s   window_size|32
time:   1.593136s   progress|48003|7.8125
time:   1.593221s   window_size|33
time:   1.597884s   progress|48003|8.0078125
time:   1.597998s   window_size|34
time:   1.605339s   progress|48003|8.203125
time:   1.605619s   window_size|35
time:   1.698167s   progress|48003|8.3984375
time:   1.698379s   window_size|36
time:   1.707715s   progress|48003|8.59375
time:   1.708027s   window_size|37
time:   1.710938s   progress|48003|8.7890625
time:   1.711186s   window_size|38
time:   1.716625s   progress|48003|8.984375
time:   1.716856s   window_size|39
time:   1.811132s   progress|48003|9.1796875
time:   1.811356s   window_size|40
time:   1.812142s   progress|48003|9.375
time:   1.812317s   window_size|41
time:   1.818690s   progress|48003|9.5703125
time:   1.818882s   window_size|42
time:   1.824251s   progress|48003|9.765625
time:   1.824424s   window_size|43
time:   1.919478s   progress|48003|9.9609375
time:   1.919821s   window_size|44
time:   1.924882s   progress|48003|10.15625
time:   1.925179s   window_size|45
time:   1.926444s   progress|48003|10.3515625
time:   1.926632s   window_size|46
time:   1.932743s   progress|48003|10.546875
time:   1.932932s   window_size|47
time:   2.032129s   progress|48003|10.7421875
time:   2.032309s   window_size|48
time:   2.033377s   progress|48003|10.9375
time:   2.033600s   window_size|49
time:   2.039178s   progress|48003|11.1328125
time:   2.039395s   window_size|50
time:   2.043784s   progress|48003|11.328125
time:   2.043992s   window_size|51
time:   2.137718s   progress|48003|11.5234375
time:   2.138063s   window_size|52
time:   2.146109s   progress|48003|11.71875
time:   2.146342s   window_size|53
time:   2.146802s   progress|48003|11.9140625
time:   2.146972s   window_size|54
time:   2.152375s   progress|48003|12.109375
time:   2.152551s   window_size|55
time:   2.251671s   progress|48003|12.3046875
time:   2.251942s   window_size|56
time:   2.252940s   progress|48003|12.5
time:   2.253133s   window_size|57
time:   2.259365s   progress|48003|12.6953125
time:   2.259612s   window_size|58
time:   2.260122s   progress|48003|12.890625
time:   2.260285s   window_size|59
time:   2.357773s   progress|48003|13.0859375
time:   2.358071s   window_size|60
time:   2.368082s   progress|48003|13.28125
time:   2.368306s   window_size|61
time:   2.368770s   progress|48003|13.4765625
time:   2.368942s   window_size|62
time:   2.373266s   progress|48003|13.671875
time:   2.373411s   window_size|63
time:   2.473424s   progress|48003|13.8671875
time:   2.473601s   window_size|64
time:   2.474407s   progress|48003|14.0625
time:   2.474591s   window_size|64
time:   2.478698s   progress|48003|14.2578125
time:   2.478940s   window_size|64
time:   2.481589s   progress|48003|14.453125
time:   2.481736s   window_size|64
time:   2.577426s   progress|48003|14.6484375
time:   2.577719s   window_size|64
time:   2.581885s   progress|48003|14.84375
time:   2.582103s   window_size|64
time:   2.586496s   progress|48003|15.0390625
time:   2.586750s   window_size|64
time:   2.593145s   progress|48003|15.234375
time:   2.593391s   window_size|64
time:   2.693403s   progress|48003|15.4296875
time:   2.693614s   window_size|64
time:   2.694380s   progress|48003|15.625
time:   2.694556s   window_size|64
time:   2.699892s   progress|48003|15.8203125
time:   2.700102s   window_size|64
time:   2.700574s   progress|48003|16.015625
time:   2.700746s   window_size|64
time:   2.799613s   progress|48003|16.2109375
time:   2.799928s   window_size|64
time:   2.801186s   progress|48003|16.40625
time:   2.801361s   window_size|64
time:   2.807021s   progress|48003|16.6015625
time:   2.807242s   window_size|64
time:   2.814523s   progress|48003|16.796875
time:   2.814869s   window_size|64
time:   2.911624s   progress|48003|16.9921875
time:   2.911809s   window_size|64
time:   2.912676s   progress|48003|17.1875
time:   2.912870s   window_size|64
time:   2.915545s   progress|48003|17.3828125
time:   2.915676s   window_size|64
time:   2.920441s   progress|48003|17.578125
time:   2.920627s   window_size|64
time:   3.018910s   progress|48003|17.7734375
time:   3.019212s   window_size|64
time:   3.021182s   progress|48003|17.96875
time:   3.021421s   window_size|64
time:   3.028082s   progress|48003|18.1640625
time:   3.028420s   window_size|64
time:   3.031381s   progress|48003|18.359375
time:   3.031553s   window_size|64
time:   3.134450s   progress|48003|18.5546875
time:   3.134864s   window_size|64
time:   3.135569s   progress|48003|18.75
time:   3.135738s   window_size|64
time:   3.136200s   progress|48003|18.9453125
time:   3.136373s   window_size|64
time:   3.136823s   progress|48003|19.140625
time:   3.136995s   window_size|64
time:   3.140989s   progress|48003|19.3359375
time:   3.141229s   window_size|64
time:   3.237104s   progress|48003|19.53125
time:   3.237391s   window_size|64
time:   3.241381s   progress|48003|19.7265625
time:   3.241661s   window_size|64
time:   3.248519s   progress|48003|19.921875
time:   3.248847s   window_size|64
time:   3.250994s   progress|48003|20.1171875
time:   3.251239s   window_size|64
time:   3.352821s   progress|48003|20.3125
time:   3.353122s   window_size|64
time:   3.353920s   progress|48003|20.5078125
time:   3.354116s   window_size|64
time:   3.356124s   progress|48003|20.703125
time:   3.356358s   window_size|64
time:   3.359640s   progress|48003|20.8984375
time:   3.359913s   window_size|64
time:   3.363601s   progress|48003|21.09375
time:   3.363745s   window_size|64
time:   3.460482s   progress|48003|21.2890625
time:   3.460831s   window_size|64
time:   3.463485s   progress|48003|21.484375
time:   3.463709s   window_size|64
time:   3.470651s   progress|48003|21.6796875
time:   3.471000s   window_size|64
time:   3.472979s   progress|48003|21.875
time:   3.473170s   window_size|64
time:   3.571447s   progress|48003|22.0703125
time:   3.571632s   window_size|64
time:   3.572549s   progress|48003|22.265625
time:   3.572722s   window_size|64
time:   3.574978s   progress|48003|22.4609375
time:   3.575207s   window_size|64
time:   3.583722s   progress|48003|22.65625
time:   3.583960s   window_size|64
time:   3.585559s   progress|48003|22.8515625
time:   3.585751s   window_size|64
time:   3.684056s   progress|48003|23.046875
time:   3.684416s   window_size|64
time:   3.685368s   progress|48003|23.2421875
time:   3.685547s   window_size|64
time:   3.692422s   progress|48003|23.4375
time:   3.692594s   window_size|64
time:   3.696123s   progress|48003|23.6328125
time:   3.696452s   window_size|64
time:   3.787915s   progress|48003|23.828125
time:   3.788037s   window_size|64
time:   3.793108s   progress|48003|24.0234375
time:   3.793198s   window_size|64
time:   3.797837s   progress|48003|24.21875
time:   3.797930s   window_size|64
time:   3.803479s   progress|48003|24.4140625
time:   3.803560s   window_size|64
time:   3.807629s   progress|48003|24.609375
time:   3.807720s   window_size|64
time:   3.904310s   progress|48003|24.8046875
time:   3.904416s   window_size|64
time:   3.906659s   progress|48003|25.0
time:   3.906752s   window_size|64
time:   3.910536s   progress|48003|25.1953125
time:   3.910631s   window_size|64
time:   3.914040s   progress|48003|25.390625
time:   3.914151s   window_size|64
time:   4.008735s   progress|48003|25.5859375
time:   4.009085s   window_size|64
time:   4.012710s   progress|48003|25.78125
time:   4.012937s   window_size|64
time:   4.021109s   progress|48003|25.9765625
time:   4.021343s   window_size|64
time:   4.025414s   progress|48003|26.171875
time:   4.025652s   window_size|64
time:   4.030990s   progress|48003|26.3671875
time:   4.031230s   window_size|64
time:   4.127991s   progress|48003|26.5625
time:   4.128205s   window_size|64
time:   4.129009s   progress|48003|26.7578125
time:   4.129198s   window_size|64
time:   4.130544s   progress|48003|26.953125
time:   4.130782s   window_size|64
time:   4.137681s   progress|48003|27.1484375
time:   4.137977s   window_size|64
time:   4.232171s   progress|48003|27.34375
time:   4.232299s   window_size|64
time:   4.232961s   progress|48003|27.5390625
time:   4.233079s   window_size|64
time:   4.239773s   progress|48003|27.734375
time:   4.239946s   window_size|64
time:   4.245730s   progress|48003|27.9296875
time:   4.245885s   window_size|64
time:   4.251307s   progress|48003|28.125
time:   4.251464s   window_size|64
time:   4.349778s   progress|48003|28.3203125
time:   4.349992s   window_size|64
time:   4.350805s   progress|48003|28.515625
time:   4.350982s   window_size|64
time:   4.351437s   progress|48003|28.7109375
time:   4.351604s   window_size|64
time:   4.362594s   progress|48003|28.90625
time:   4.362784s   window_size|64
time:   4.455048s   progress|48003|29.1015625
time:   4.455237s   window_size|64
time:   4.456359s   progress|48003|29.296875
time:   4.456587s   window_size|64
time:   4.466077s   progress|48003|29.4921875
time:   4.466394s   window_size|64
time:   4.467317s   progress|48003|29.6875
time:   4.467489s   window_size|64
time:   4.470354s   progress|48003|29.8828125
time:   4.470534s   window_size|64
time:   4.572530s   progress|48003|30.078125
time:   4.572915s   window_size|64
time:   4.573699s   progress|48003|30.2734375
time:   4.573989s   window_size|64
time:   4.574480s   progress|48003|30.46875
time:   4.574648s   window_size|64
time:   4.575110s   progress|48003|30.6640625
time:   4.575270s   window_size|64
time:   4.584348s   progress|48003|30.859375
time:   4.584535s   window_size|64
time:   4.677480s   progress|48003|31.0546875
time:   4.677692s   window_size|64
time:   4.678851s   progress|48003|31.25
time:   4.679060s   window_size|64
time:   4.684334s   progress|48003|31.4453125
time:   4.684628s   window_size|64
time:   4.686411s   progress|48003|31.640625
time:   4.686649s   window_size|64
time:   4.690447s   progress|48003|31.8359375
time:   4.690632s   window_size|64
time:   4.791254s   progress|48003|32.03125
time:   4.791469s   window_size|64
time:   4.792442s   progress|48003|32.2265625
time:   4.792640s   window_size|64
time:   4.793128s   progress|48003|32.421875
time:   4.793310s   window_size|64
time:   4.797818s   progress|48003|32.6171875
time:   4.798046s   window_size|64
time:   4.805288s   progress|48003|32.8125
time:   4.805516s   window_size|64
time:   4.900536s   progress|48003|33.0078125
time:   4.900792s   window_size|64
time:   4.901573s   progress|48003|33.203125
time:   4.901759s   window_size|64
time:   4.910944s   progress|48003|33.3984375
time:   4.911234s   window_size|64
time:   4.915286s   progress|48003|33.59375
time:   4.915427s   window_size|64
time:   4.915851s   progress|48003|33.7890625
time:   4.915979s   window_size|64
time:   5.017710s   progress|48003|33.984375
time:   5.017976s   window_size|64
time:   5.018820s   progress|48003|34.1796875
time:   5.018999s   window_size|64
time:   5.019461s   progress|48003|34.375
time:   5.019628s   window_size|64
time:   5.020079s   progress|48003|34.5703125
time:   5.020240s   window_size|64
time:   5.023978s   progress|48003|34.765625
time:   5.024166s   window_size|64
time:   5.032305s   progress|48003|34.9609375
time:   5.032548s   window_size|64
time:   5.124855s   progress|48003|35.15625
time:   5.125071s   window_size|64
time:   5.126256s   progress|48003|35.3515625
time:   5.126476s   window_size|64
time:   5.134779s   progress|48003|35.546875
time:   5.135036s   window_size|64
time:   5.136724s   progress|48003|35.7421875
time:   5.136965s   window_size|64
time:   5.137463s   progress|48003|35.9375
time:   5.137629s   window_size|64
time:   5.239499s   progress|48003|36.1328125
time:   5.239827s   window_size|64
time:   5.240619s   progress|48003|36.328125
time:   5.240789s   window_size|64
time:   5.241242s   progress|48003|36.5234375
time:   5.241404s   window_size|64
time:   5.241872s   progress|48003|36.71875
time:   5.242030s   window_size|64
time:   5.246202s   progress|48003|36.9140625
time:   5.246482s   window_size|64
time:   5.249672s   progress|48003|37.109375
time:   5.249924s   window_size|64
time:   5.257364s   progress|48003|37.3046875
time:   5.257486s   window_size|64
time:   5.347654s   progress|48003|37.5
time:   5.347837s   window_size|64
time:   5.351797s   progress|48003|37.6953125
time:   5.352018s   window_size|64
time:   5.358773s   progress|48003|37.890625
time:   5.358911s   window_size|64
time:   5.361873s   progress|48003|38.0859375
time:   5.362101s   window_size|64
time:   5.365366s   progress|48003|38.28125
time:   5.365604s   window_size|64
time:   5.460522s   progress|48003|38.4765625
time:   5.460751s   window_size|64
time:   5.462841s   progress|48003|38.671875
time:   5.463072s   window_size|64
time:   5.466787s   progress|48003|38.8671875
time:   5.467026s   window_size|64
time:   5.469575s   progress|48003|39.0625
time:   5.469801s   window_size|64
time:   5.474261s   progress|48003|39.2578125
time:   5.474434s   window_size|64
time:   5.479171s   progress|48003|39.453125
time:   5.479403s   window_size|64
time:   5.489921s   progress|48003|39.6484375
time:   5.490150s   window_size|64
time:   5.571753s   progress|48003|39.84375
time:   5.571891s   window_size|64
time:   5.580534s   progress|48003|40.0390625
time:   5.580780s   window_size|64
time:   5.587185s   progress|48003|40.234375
time:   5.587498s   window_size|64
time:   5.590114s   progress|48003|40.4296875
time:   5.590338s   window_size|64
time:   5.593805s   progress|48003|40.625
time:   5.594032s   window_size|64
time:   5.680776s   progress|48003|40.8203125
time:   5.680998s   window_size|64
time:   5.686470s   progress|48003|41.015625
time:   5.686806s   window_size|64
time:   5.691516s   progress|48003|41.2109375
time:   5.691750s   window_size|64
time:   5.697475s   progress|48003|41.40625
time:   5.697712s   window_size|64
time:   5.702607s   progress|48003|41.6015625
time:   5.702826s   window_size|64
time:   5.707237s   progress|48003|41.796875
time:   5.707419s   window_size|64
time:   5.717287s   progress|48003|41.9921875
time:   5.717520s   window_size|64
time:   5.798229s   progress|48003|42.1875
time:   5.798528s   window_size|64
time:   5.805262s   progress|48003|42.3828125
time:   5.805453s   window_size|64
time:   5.813712s   progress|48003|42.578125
time:   5.814009s   window_size|64
time:   5.814830s   progress|48003|42.7734375
time:   5.815006s   window_size|64
time:   5.822187s   progress|48003|42.96875
time:   5.822502s   window_size|64
time:   5.904959s   progress|48003|43.1640625
time:   5.905246s   window_size|64
time:   5.908302s   progress|48003|43.359375
time:   5.908541s   window_size|64
time:   5.915954s   progress|48003|43.5546875
time:   5.916127s   window_size|64
time:   5.923673s   progress|48003|43.75
time:   5.923895s   window_size|64
time:   5.932441s   progress|48003|43.9453125
time:   5.932672s   window_size|64
time:   5.936865s   progress|48003|44.140625
time:   5.937148s   window_size|64
time:   5.944072s   progress|48003|44.3359375
time:   5.944294s   window_size|64
time:   6.022210s   progress|48003|44.53125
time:   6.022614s   window_size|64
time:   6.030643s   progress|48003|44.7265625
time:   6.030865s   window_size|64
time:   6.038592s   progress|48003|44.921875
time:   6.038821s   window_size|64
time:   6.039314s   progress|48003|45.1171875
time:   6.039472s   window_size|64
time:   6.048120s   progress|48003|45.3125
time:   6.048346s   window_size|64
time:   6.124587s   progress|48003|45.5078125
time:   6.124933s   window_size|64
time:   6.130682s   progress|48003|45.703125
time:   6.130864s   window_size|64
time:   6.140300s   progress|48003|45.8984375
time:   6.140491s   window_size|64
time:   6.150216s   progress|48003|46.09375
time:   6.150492s   window_size|64
time:   6.161419s   progress|48003|46.2890625
time:   6.161732s   window_size|64
time:   6.162211s   progress|48003|46.484375
time:   6.162378s   window_size|64
time:   6.172812s   progress|48003|46.6796875
time:   6.173043s   window_size|64
time:   6.245384s   progress|48003|46.875
time:   6.245706s   window_size|64
time:   6.252110s   progress|48003|47.0703125
time:   6.252248s   window_size|64
time:   6.263680s   progress|48003|47.265625
time:   6.263911s   window_size|64
time:   6.264388s   progress|48003|47.4609375
time:   6.264557s   window_size|64
time:   6.275228s   progress|48003|47.65625
time:   6.275518s   window_size|64
time:   6.347691s   progress|48003|47.8515625
time:   6.347921s   window_size|64
time:   6.353930s   progress|48003|48.046875
time:   6.354214s   window_size|64
time:   6.364694s   progress|48003|48.2421875
time:   6.364881s   window_size|64
time:   6.377749s   progress|48003|48.4375
time:   6.377992s   window_size|64
time:   6.384842s   progress|48003|48.6328125
time:   6.385097s   window_size|64
time:   6.385650s   progress|48003|48.828125
time:   6.385829s   window_size|64
time:   6.397773s   progress|48003|49.0234375
time:   6.398064s   window_size|64
time:   6.466768s   progress|48003|49.21875
time:   6.466951s   window_size|64
time:   6.474469s   progress|48003|49.4140625
time:   6.474622s   window_size|64
time:   6.486435s   progress|48003|49.609375
time:   6.486664s   window_size|64
time:   6.489236s   progress|48003|49.8046875
time:   6.489446s   window_size|64
time:   6.500513s   progress|48003|50.0
time:   6.500739s   window_size|64
time:   6.569741s   progress|48003|50.1953125
time:   6.570026s   window_size|64
time:   6.576229s   progress|48003|50.390625
time:   6.576518s   window_size|64
time:   6.589894s   progress|48003|50.5859375
time:   6.590119s   window_size|64
time:   6.603667s   progress|48003|50.78125
time:   6.603967s   window_size|64
time:   6.607954s   progress|48003|50.9765625
time:   6.608168s   window_size|64
time:   6.610878s   progress|48003|51.171875
time:   6.611089s   window_size|64
time:   6.625759s   progress|48003|51.3671875
time:   6.625985s   window_size|64
time:   6.689423s   progress|48003|51.5625
time:   6.689686s   window_size|64
time:   6.697778s   progress|48003|51.7578125
time:   6.698007s   window_size|64
time:   6.711915s   progress|48003|51.953125
time:   6.712241s   window_size|64
time:   6.714628s   progress|48003|52.1484375
time:   6.714858s   window_size|64
time:   6.726664s   progress|48003|52.34375
time:   6.726892s   window_size|64
time:   6.792203s   progress|48003|52.5390625
time:   6.792552s   window_size|64
time:   6.801120s   progress|48003|52.734375
time:   6.801420s   window_size|64
time:   6.813853s   progress|48003|52.9296875
time:   6.814144s   window_size|64
time:   6.829837s   progress|48003|53.125
time:   6.830138s   window_size|64
time:   6.833662s   progress|48003|53.3203125
time:   6.833887s   window_size|64
time:   6.835876s   progress|48003|53.515625
time:   6.836109s   window_size|64
time:   6.850687s   progress|48003|53.7109375
time:   6.850913s   window_size|64
time:   6.911764s   progress|48003|53.90625
time:   6.911948s   window_size|64
time:   6.922437s   progress|48003|54.1015625
time:   6.922755s   window_size|64
time:   6.935642s   progress|48003|54.296875
time:   6.935932s   window_size|64
time:   6.940867s   progress|48003|54.4921875
time:   6.941155s   window_size|64
time:   6.953030s   progress|48003|54.6875
time:   6.953261s   window_size|64
time:   7.016988s   progress|48003|54.8828125
time:   7.017176s   window_size|64
time:   7.025028s   progress|48003|55.078125
time:   7.025324s   window_size|64
time:   7.037093s   progress|48003|55.2734375
time:   7.037285s   window_size|64
time:   7.056878s   progress|48003|55.46875
time:   7.057104s   window_size|64
time:   7.057556s   progress|48003|55.6640625
time:   7.057716s   window_size|64
time:   7.063556s   progress|48003|55.859375
time:   7.063847s   window_size|64
time:   7.078307s   progress|48003|56.0546875
time:   7.078589s   window_size|64
time:   7.134280s   progress|48003|56.25
time:   7.134527s   window_size|64
time:   7.147592s   progress|48003|56.4453125
time:   7.147910s   window_size|64
time:   7.158780s   progress|48003|56.640625
time:   7.159056s   window_size|64
time:   7.167629s   progress|48003|56.8359375
time:   7.167853s   window_size|64
time:   7.179741s   progress|48003|57.03125
time:   7.179970s   window_size|64
time:   7.238231s   progress|48003|57.2265625
time:   7.238542s   window_size|64
time:   7.250329s   progress|48003|57.421875
time:   7.250553s   window_size|64
time:   7.259672s   progress|48003|57.6171875
time:   7.259898s   window_size|64
time:   7.278288s   progress|48003|57.8125
time:   7.278588s   window_size|64
time:   7.279741s   progress|48003|58.0078125
time:   7.279927s   window_size|64
time:   7.290914s   progress|48003|58.203125
time:   7.291146s   window_size|64
time:   7.300409s   progress|48003|58.3984375
time:   7.300548s   window_size|64
time:   7.357222s   progress|48003|58.59375
time:   7.357511s   window_size|64
time:   7.373422s   progress|48003|58.7890625
time:   7.373693s   window_size|64
time:   7.380635s   progress|48003|58.984375
time:   7.380854s   window_size|64
time:   7.395419s   progress|48003|59.1796875
time:   7.395640s   window_size|64
time:   7.401186s   progress|48003|59.375
time:   7.401397s   window_size|64
time:   7.460846s   progress|48003|59.5703125
time:   7.461028s   window_size|64
time:   7.475050s   progress|48003|59.765625
time:   7.475232s   window_size|64
time:   7.481803s   progress|48003|59.9609375
time:   7.481982s   window_size|64
time:   7.502614s   progress|48003|60.15625
time:   7.502810s   window_size|64
time:   7.503402s   progress|48003|60.3515625
time:   7.503562s   window_size|64
time:   7.514457s   progress|48003|60.546875
time:   7.514636s   window_size|64
time:   7.524642s   progress|48003|60.7421875
time:   7.524831s   window_size|64
time:   7.579526s   progress|48003|60.9375
time:   7.579715s   window_size|64
time:   7.595452s   progress|48003|61.1328125
time:   7.595634s   window_size|64
time:   7.604294s   progress|48003|61.328125
time:   7.604513s   window_size|64
time:   7.622143s   progress|48003|61.5234375
time:   7.622438s   window_size|64
time:   7.622920s   progress|48003|61.71875
time:   7.623089s   window_size|64
time:   7.681538s   progress|48003|61.9140625
time:   7.681771s   window_size|64
time:   7.697684s   progress|48003|62.109375
time:   7.697898s   window_size|64
time:   7.705060s   progress|48003|62.3046875
time:   7.705262s   window_size|64
time:   7.724049s   progress|48003|62.5
time:   7.724284s   window_size|64
time:   7.724756s   progress|48003|62.6953125
time:   7.724927s   window_size|64
time:   7.745722s   progress|48003|62.890625
time:   7.745920s   window_size|64
time:   7.748297s   progress|48003|63.0859375
time:   7.748476s   window_size|64
time:   7.801919s   progress|48003|63.28125
time:   7.802161s   window_size|64
time:   7.820512s   progress|48003|63.4765625
time:   7.820743s   window_size|64
time:   7.826348s   progress|48003|63.671875
time:   7.826586s   window_size|64
time:   7.847260s   progress|48003|63.8671875
time:   7.847466s   window_size|64
time:   7.847925s   progress|48003|64.0625
time:   7.848084s   window_size|64
time:   7.902977s   progress|48003|64.2578125
time:   7.903312s   window_size|64
time:   7.919743s   progress|48003|64.453125
time:   7.919930s   window_size|64
time:   7.928831s   progress|48003|64.6484375
time:   7.929059s   window_size|64
time:   7.948353s   progress|48003|64.84375
time:   7.948569s   window_size|64
time:   7.949034s   progress|48003|65.0390625
time:   7.949194s   window_size|64
time:   7.973383s   progress|48003|65.234375
time:   7.973692s   window_size|64
time:   7.974204s   progress|48003|65.4296875
time:   7.974379s   window_size|64
time:   8.024454s   progress|48003|65.625
time:   8.024694s   window_size|64
time:   8.043467s   progress|48003|65.8203125
time:   8.043703s   window_size|64
time:   8.050499s   progress|48003|66.015625
time:   8.050716s   window_size|64
time:   8.069082s   progress|48003|66.2109375
time:   8.069309s   window_size|64
time:   8.069782s   progress|48003|66.40625
time:   8.069941s   window_size|64
time:   8.128426s   progress|48003|66.6015625
time:   8.128762s   window_size|64
time:   8.143006s   progress|48003|66.796875
time:   8.143245s   window_size|64
time:   8.153301s   progress|48003|66.9921875
time:   8.153594s   window_size|64
time:   8.172091s   progress|48003|67.1875
time:   8.172379s   window_size|64
time:   8.172843s   progress|48003|67.3828125
time:   8.173004s   window_size|64
time:   8.194755s   progress|48003|67.578125
time:   8.195076s   window_size|64
time:   8.196791s   progress|48003|67.7734375
time:   8.197020s   window_size|64
time:   8.247057s   progress|48003|67.96875
time:   8.247246s   window_size|64
time:   8.267260s   progress|48003|68.1640625
time:   8.267484s   window_size|64
time:   8.275144s   progress|48003|68.359375
time:   8.275356s   window_size|64
time:   8.293726s   progress|48003|68.5546875
time:   8.294014s   window_size|64
time:   8.294515s   progress|48003|68.75
time:   8.294677s   window_size|64
time:   8.353371s   progress|48003|68.9453125
time:   8.353715s   window_size|64
time:   8.364949s   progress|48003|69.140625
time:   8.365138s   window_size|64
time:   8.377292s   progress|48003|69.3359375
time:   8.377561s   window_size|64
time:   8.396920s   progress|48003|69.53125
time:   8.397239s   window_size|64
time:   8.397735s   progress|48003|69.7265625
time:   8.397906s   window_size|64
time:   8.414696s   progress|48003|69.921875
time:   8.414926s   window_size|64
time:   8.421639s   progress|48003|70.1171875
time:   8.421930s   window_size|64
time:   8.469831s   progress|48003|70.3125
time:   8.470212s   window_size|64
time:   8.490710s   progress|48003|70.5078125
time:   8.490925s   window_size|64
time:   8.499421s   progress|48003|70.703125
time:   8.499634s   window_size|64
time:   8.515088s   progress|48003|70.8984375
time:   8.515316s   window_size|64
time:   8.516447s   progress|48003|71.09375
time:   8.516635s   window_size|64
time:   8.575791s   progress|48003|71.2890625
time:   8.576125s   window_size|64
time:   8.588100s   progress|48003|71.484375
time:   8.588342s   window_size|64
time:   8.601707s   progress|48003|71.6796875
time:   8.601937s   window_size|64
time:   8.616931s   progress|48003|71.875
time:   8.617163s   window_size|64
time:   8.620541s   progress|48003|72.0703125
time:   8.620771s   window_size|64
time:   8.637285s   progress|48003|72.265625
time:   8.637598s   window_size|64
time:   8.646165s   progress|48003|72.4609375
time:   8.646365s   window_size|64
time:   8.695216s   progress|48003|72.65625
time:   8.695438s   window_size|64
time:   8.715397s   progress|48003|72.8515625
time:   8.715705s   window_size|64
time:   8.723409s   progress|48003|73.046875
time:   8.723638s   window_size|64
time:   8.741283s   progress|48003|73.2421875
time:   8.741595s   window_size|64
time:   8.742077s   progress|48003|73.4375
time:   8.742248s   window_size|64
time:   8.797502s   progress|48003|73.6328125
time:   8.797848s   window_size|64
time:   8.810718s   progress|48003|73.828125
time:   8.810901s   window_size|64
time:   8.825483s   progress|48003|74.0234375
time:   8.825779s   window_size|64
time:   8.843295s   progress|48003|74.21875
time:   8.843586s   window_size|64
time:   8.844051s   progress|48003|74.4140625
time:   8.844217s   window_size|64
time:   8.862721s   progress|48003|74.609375
time:   8.863032s   window_size|64
time:   8.871888s   progress|48003|74.8046875
time:   8.872176s   window_size|64
time:   8.917731s   progress|48003|75.0
time:   8.917917s   window_size|64
time:   8.939075s   progress|48003|75.1953125
time:   8.939213s   window_size|64
time:   8.944966s   progress|48003|75.390625
time:   8.945092s   window_size|64
time:   8.965825s   progress|48003|75.5859375
time:   8.965928s   window_size|64
time:   8.966209s   progress|48003|75.78125
time:   8.966293s   window_size|64
time:   9.017151s   progress|48003|75.9765625
time:   9.017259s   window_size|64
time:   9.032550s   progress|48003|76.171875
time:   9.032629s   window_size|64
time:   9.047216s   progress|48003|76.3671875
time:   9.047367s   window_size|64
time:   9.068499s   progress|48003|76.5625
time:   9.068722s   window_size|64
time:   9.069204s   progress|48003|76.7578125
time:   9.069366s   window_size|64
time:   9.084393s   progress|48003|76.953125
time:   9.084580s   window_size|64
time:   9.094298s   progress|48003|77.1484375
time:   9.094438s   window_size|64
time:   9.139650s   progress|48003|77.34375
time:   9.139830s   window_size|64
time:   9.160892s   progress|48003|77.5390625
time:   9.161044s   window_size|64
time:   9.170052s   progress|48003|77.734375
time:   9.170262s   window_size|64
time:   9.185859s   progress|48003|77.9296875
time:   9.186028s   window_size|64
time:   9.188293s   progress|48003|78.125
time:   9.188480s   window_size|64
time:   9.237134s   progress|48003|78.3203125
time:   9.237325s   window_size|64
time:   9.253978s   progress|48003|78.515625
time:   9.254162s   window_size|64
time:   9.268960s   progress|48003|78.7109375
time:   9.269146s   window_size|64
time:   9.286988s   progress|48003|78.90625
time:   9.287181s   window_size|64
time:   9.291085s   progress|48003|79.1015625
time:   9.291262s   window_size|64
time:   9.307587s   progress|48003|79.296875
time:   9.307831s   window_size|64
time:   9.317056s   progress|48003|79.4921875
time:   9.317225s   window_size|64
time:   9.361879s   progress|48003|79.6875
time:   9.361999s   window_size|64
time:   9.382486s   progress|48003|79.8828125
time:   9.382610s   window_size|64
time:   9.392242s   progress|48003|80.078125
time:   9.392380s   window_size|64
time:   9.410881s   progress|48003|80.2734375
time:   9.411221s   window_size|64
time:   9.413829s   progress|48003|80.46875
time:   9.414051s   window_size|64
time:   9.458223s   progress|48003|80.6640625
time:   9.458480s   window_size|64
time:   9.475234s   progress|48003|80.859375
time:   9.475375s   window_size|64
time:   9.491137s   progress|48003|81.0546875
time:   9.491368s   window_size|64
time:   9.514186s   progress|48003|81.25
time:   9.514495s   window_size|64
time:   9.514972s   progress|48003|81.4453125
time:   9.515142s   window_size|64
time:   9.532345s   progress|48003|81.640625
time:   9.532537s   window_size|64
time:   9.541335s   progress|48003|81.8359375
time:   9.541629s   window_size|64
time:   9.584168s   progress|48003|82.03125
time:   9.584348s   window_size|64
time:   9.608773s   progress|48003|82.2265625
time:   9.609057s   window_size|64
time:   9.615712s   progress|48003|82.421875
time:   9.615881s   window_size|64
time:   9.635412s   progress|48003|82.6171875
time:   9.635626s   window_size|64
time:   9.636091s   progress|48003|82.8125
time:   9.636255s   window_size|64
time:   9.679187s   progress|48003|83.0078125
time:   9.679543s   window_size|64
time:   9.697537s   progress|48003|83.203125
time:   9.697772s   window_size|64
time:   9.713799s   progress|48003|83.3984375
time:   9.714011s   window_size|64
time:   9.737072s   progress|48003|83.59375
time:   9.737279s   window_size|64
time:   9.737730s   progress|48003|83.7890625
time:   9.737890s   window_size|64
time:   9.758015s   progress|48003|83.984375
time:   9.758327s   window_size|64
time:   9.766985s   progress|48003|84.1796875
time:   9.767274s   window_size|64
time:   9.806289s   progress|48003|84.375
time:   9.806536s   window_size|64
time:   9.832139s   progress|48003|84.5703125
time:   9.832367s   window_size|64
time:   9.838419s   progress|48003|84.765625
time:   9.838600s   window_size|64
time:   9.857923s   progress|48003|84.9609375
time:   9.858234s   window_size|64
time:   9.858821s   progress|48003|85.15625
time:   9.859005s   window_size|64
time:   9.899009s   progress|48003|85.3515625
time:   9.899241s   window_size|64
time:   9.920723s   progress|48003|85.546875
time:   9.921019s   window_size|64
time:   9.935518s   progress|48003|85.7421875
time:   9.935691s   window_size|64
time:   9.957015s   progress|48003|85.9375
time:   9.957243s   window_size|64
time:   9.959975s   progress|48003|86.1328125
time:   9.960195s   window_size|64
time:   9.979955s   progress|48003|86.328125
time:   9.980243s   window_size|64
time:   9.989637s   progress|48003|86.5234375
time:   9.989856s   window_size|64
time:  10.029469s   progress|48003|86.71875
time:  10.029647s   window_size|64
time:  10.055541s   progress|48003|86.9140625
time:  10.055729s   window_size|64
time:  10.061359s   progress|48003|87.109375
time:  10.061569s   window_size|64
time:  10.079168s   progress|48003|87.3046875
time:  10.079378s   window_size|64
time:  10.081710s   progress|48003|87.5
time:  10.081939s   window_size|64
time:  10.119451s   progress|48003|87.6953125
time:  10.119621s   window_size|64
time:  10.143893s   progress|48003|87.890625
time:  10.144132s   window_size|64
time:  10.157293s   progress|48003|88.0859375
time:  10.157508s   window_size|64
time:  10.181348s   progress|48003|88.28125
time:  10.181649s   window_size|64
time:  10.182119s   progress|48003|88.4765625
time:  10.182279s   window_size|64
time:  10.202685s   progress|48003|88.671875
time:  10.202902s   window_size|64
time:  10.213560s   progress|48003|88.8671875
time:  10.213749s   window_size|64
time:  10.252558s   progress|48003|89.0625
time:  10.252783s   window_size|64
time:  10.275556s   progress|48003|89.2578125
time:  10.275785s   window_size|64
time:  10.284659s   progress|48003|89.453125
time:  10.284960s   window_size|64
time:  10.304387s   progress|48003|89.6484375
time:  10.304622s   window_size|64
time:  10.305110s   progress|48003|89.84375
time:  10.305277s   window_size|64
time:  10.338862s   progress|48003|90.0390625
time:  10.338985s   window_size|64
time:  10.368777s   progress|48003|90.234375
time:  10.368991s   window_size|64
time:  10.379778s   progress|48003|90.4296875
time:  10.379944s   window_size|64
time:  10.405862s   progress|48003|90.625
time:  10.406154s   window_size|64
time:  10.406625s   progress|48003|90.8203125
time:  10.406790s   window_size|64
time:  10.424934s   progress|48003|91.015625
time:  10.425165s   window_size|64
time:  10.435919s   progress|48003|91.2109375
time:  10.436087s   window_size|64
time:  10.474002s   progress|48003|91.40625
time:  10.474144s   window_size|64
time:  10.498516s   progress|48003|91.6015625
time:  10.498738s   window_size|64
time:  10.507580s   progress|48003|91.796875
time:  10.507790s   window_size|64
time:  10.525190s   progress|48003|91.9921875
time:  10.525428s   window_size|64
time:  10.526832s   progress|48003|92.1875
time:  10.527010s   window_size|64
time:  10.557805s   progress|48003|92.3828125
time:  10.557954s   window_size|64
time:  10.590782s   progress|48003|92.578125
time:  10.590964s   window_size|64
time:  10.602400s   progress|48003|92.7734375
time:  10.602547s   window_size|64
time:  10.625386s   progress|48003|92.96875
time:  10.625664s   window_size|64
time:  10.628177s   progress|48003|93.1640625
time:  10.628364s   window_size|64
time:  10.651523s   progress|48003|93.359375
time:  10.651694s   window_size|64
time:  10.658657s   progress|48003|93.5546875
time:  10.658802s   window_size|64
time:  10.696120s   progress|48003|93.75
time:  10.696360s   window_size|64
time:  10.721802s   progress|48003|93.9453125
time:  10.722003s   window_size|64
time:  10.729963s   progress|48003|94.140625
time:  10.730262s   window_size|64
time:  10.748842s   progress|48003|94.3359375
time:  10.749033s   window_size|64
time:  10.749493s   progress|48003|94.53125
time:  10.749653s   window_size|64
time:  10.777285s   progress|48003|94.7265625
time:  10.777465s   window_size|64
time:  10.812233s   progress|48003|94.921875
time:  10.812395s   window_size|64
time:  10.824030s   progress|48003|95.1171875
time:  10.824217s   window_size|64
time:  10.847666s   progress|48003|95.3125
time:  10.847893s   window_size|64
time:  10.850697s   progress|48003|95.5078125
time:  10.850922s   window_size|64
time:  10.874184s   progress|48003|95.703125
time:  10.874342s   window_size|64
time:  10.880050s   progress|48003|95.8984375
time:  10.880191s   window_size|64
time:  10.919816s   progress|48003|96.09375
time:  10.920108s   window_size|64
time:  10.947867s   progress|48003|96.2890625
time:  10.948102s   window_size|64
time:  10.953031s   progress|48003|96.484375
time:  10.953236s   window_size|64
time:  10.968907s   progress|48003|96.6796875
time:  10.969125s   window_size|64
time:  10.971726s   progress|48003|96.875
time:  10.971936s   window_size|64
time:  10.999801s   progress|48003|97.0703125
time:  10.999988s   window_size|64
time:  11.035649s   progress|48003|97.265625
time:  11.035874s   window_size|64
time:  11.050478s   progress|48003|97.4609375
time:  11.050798s   window_size|64
time:  11.071150s   progress|48003|97.65625
time:  11.071443s   window_size|64
time:  11.072537s   progress|48003|97.8515625
time:  11.072712s   window_size|64
time:  11.100268s   progress|48003|98.046875
time:  11.100562s   window_size|64
time:  11.102168s   progress|48003|98.2421875
time:  11.102390s   window_size|64
time:  11.144046s   progress|48003|98.4375
time:  11.144261s   window_size|64
time:  11.168806s   progress|48003|98.6328125
time:  11.169043s   window_size|64
time:  11.175470s   progress|48003|98.828125
time:  11.175688s   window_size|64
time:  11.193779s   progress|48003|99.0234375
time:  11.194010s   window_size|64
time:  11.194485s   progress|48003|99.21875
time:  11.194650s   window_size|64
time:  11.222370s   progress|48003|99.4140625
time:  11.222653s   window_size|64
time:  11.259949s   progress|48003|99.609375
time:  11.260248s   window_size|64
time:  11.274599s   progress|48003|99.8046875
time:  11.274820s   window_size|64
time:  11.294562s   progress|48003|100.0
time:  11.294789s   window_size|64
