 progress|48005|1|0
 window_size|48005|1|0.0006771087646484375
 rtt|48005|1|0.0008141994476318359
 progress|48005|2|0.42345499992370605
 window_size|48005|2|0.42366909980773926
 rtt|48005|0.4232828617095947|0.42383313179016113
 progress|48005|3|0.5262870788574219
 window_size|48005|2|0.5266921520233154
 rtt|48005|0.4232828617095947|0.526940107345581
 progress|48005|4|0.8462882041931152
 window_size|48005|3|0.846447229385376
 rtt|48005|0.7005062475800514|0.8465490341186523
 progress|48005|5|0.9490110874176025
 window_size|48005|3|0.9492511749267578
 rtt|48005|0.7005062475800514|0.9493732452392578
 progress|48005|6|0.9564611911773682
 window_size|48005|4|0.9566431045532227
 rtt|48005|0.5611748108640313|0.9567532539367676
 progress|48005|7|1.0595371723175049
 window_size|48005|4|1.0598042011260986
 rtt|48005|0.5611748108640313|1.059967041015625
 progress|48005|8|1.270118236541748
 window_size|48005|5|1.2703211307525635
 rtt|48005|0.6591409066459164|1.2704501152038574
 progress|48005|9|1.3756890296936035
 window_size|48005|5|1.3761069774627686
 rtt|48005|0.6591409066459164|1.3763341903686523
 progress|48005|10|1.377960205078125
 window_size|48005|6|1.3781750202178955
 rtt|48005|0.5406705182685982|1.3783459663391113
 progress|48005|11|1.398529052734375
 window_size|48005|7|1.3989923000335693
 rtt|48005|0.5149295236187754|1.3991150856018066
 progress|48005|12|1.5002670288085938
 window_size|48005|7|1.5005381107330322
 rtt|48005|0.5149295236187754|1.5007250308990479
 progress|48005|13|1.506406307220459
 window_size|48005|8|1.5069351196289062
 rtt|48005|0.41696140979456686|1.5071301460266113
 progress|48005|14|1.611541986465454
 window_size|48005|8|1.6118571758270264
 rtt|48005|0.41696140979456686|1.612025260925293
 progress|48005|15|1.7017271518707275
 window_size|48005|9|1.7020001411437988
 rtt|48005|0.42460267884135305|1.7024221420288086
 progress|48005|16|1.803516149520874
 window_size|48005|9|1.8039250373840332
 rtt|48005|0.42460267884135305|1.804173231124878
 progress|48005|17|1.8046541213989258
 window_size|48005|10|1.8048200607299805
 rtt|48005|0.3629041109992741|1.8049721717834473
 progress|48005|18|1.8266270160675049
 window_size|48005|11|1.826888084411621
 rtt|48005|0.3751115914286771|1.827052116394043
 progress|48005|19|1.8549749851226807
 window_size|48005|12|1.8552629947662354
 rtt|48005|0.3673713659013804|1.8554410934448242
 progress|48005|20|1.9490411281585693
 window_size|48005|13|1.9494242668151855
 rtt|48005|0.3023235934776324|1.9496071338653564
 progress|48005|21|1.9656071662902832
 window_size|48005|14|1.9659271240234375
 rtt|48005|0.3112569377311877|1.966109275817871
 progress|48005|22|2.0680429935455322
 window_size|48005|15|2.0684332847595215
 rtt|48005|0.27070064515760783|2.0690722465515137
 progress|48005|23|2.142721176147461
 window_size|48005|16|2.143015146255493
 rtt|48005|0.23578875869667276|2.143186330795288
 progress|48005|24|2.243666887283325
 window_size|48005|17|2.2439382076263428
 rtt|48005|0.21248337464158867|2.2441022396087646
 progress|48005|25|2.2647690773010254
 window_size|48005|18|2.265223264694214
 rtt|48005|0.2324325713213199|2.2654058933258057
 progress|48005|26|2.2840981483459473
 window_size|48005|19|2.2843821048736572
 rtt|48005|0.24007484075698607|2.2845640182495117
 progress|48005|27|2.3299951553344727
 window_size|48005|20|2.330212116241455
 rtt|48005|0.2183928403109537|2.330374240875244
 progress|48005|28|2.409248113632202
 window_size|48005|21|2.4094982147216797
 rtt|48005|0.19109798418747947|2.4096450805664062
 progress|48005|29|2.421910047531128
 window_size|48005|22|2.4222500324249268
 rtt|48005|0.20446485124771457|2.4224061965942383
 progress|48005|30|2.5275111198425293
 window_size|48005|22|2.527956962585449
 rtt|48005|0.20446485124771457|2.5282061100006104
 progress|48005|31|2.528726100921631
 window_size|48005|23|2.528900146484375
 rtt|48005|0.2126722809075372|2.529085159301758
 progress|48005|32|2.581313133239746
 window_size|48005|24|2.5816142559051514
 rtt|48005|0.18892857062226046|2.5817770957946777
 progress|48005|33|2.68294620513916
 window_size|48005|25|2.6833012104034424
 rtt|48005|0.19331666793521118|2.683565139770508
 progress|48005|34|2.7038960456848145
 window_size|48005|26|2.7041211128234863
 rtt|48005|0.20036934130496323|2.7042810916900635
 progress|48005|35|2.7421281337738037
 window_size|48005|27|2.742546319961548
 rtt|48005|0.18652889877356799|2.742713212966919
 progress|48005|36|2.803776979446411
 window_size|48005|28|2.804089069366455
 rtt|48005|0.15549063765779791|2.804262161254883
 progress|48005|37|2.859154224395752
 window_size|48005|29|2.859380006790161
 rtt|48005|0.13662103808091552|2.8595430850982666
 progress|48005|38|2.881540060043335
 window_size|48005|30|2.881826162338257
 rtt|48005|0.14645183522296684|2.8820080757141113
 progress|48005|39|2.9780349731445312
 window_size|48005|31|2.9784440994262695
 rtt|48005|0.16426333172122642|2.9786181449890137
 progress|48005|40|2.994220018386841
 window_size|48005|32|2.994626045227051
 rtt|48005|0.172086242745588|2.994792938232422
 progress|48005|41|3.0395209789276123
 window_size|48005|33|3.039799213409424
 rtt|48005|0.15060512358024802|3.039959192276001
 progress|48005|42|3.129213333129883
 window_size|48005|34|3.1296441555023193
 rtt|48005|0.1621542164934489|3.1298129558563232
 progress|48005|43|3.1653990745544434
 window_size|48005|35|3.165701150894165
 rtt|48005|0.1530876490350794|3.165868043899536
 progress|48005|44|3.199864149093628
 window_size|48005|36|3.2001731395721436
 rtt|48005|0.14479103353884987|3.200303077697754
 progress|48005|45|3.2674970626831055
 window_size|48005|37|3.267712116241455
 rtt|48005|0.13649928210607665|3.267876148223877
 progress|48005|46|3.3154969215393066
 window_size|48005|38|3.315774917602539
 rtt|48005|0.12132323766263645|3.3159642219543457
 progress|48005|47|3.3390212059020996
 window_size|48005|39|3.3393032550811768
 rtt|48005|0.12742608002932718|3.3394711017608643
 progress|48005|48|3.435101270675659
 window_size|48005|40|3.4355201721191406
 rtt|48005|0.1538634350344553|3.4356842041015625
 progress|48005|49|3.452894926071167
 window_size|48005|41|3.4531750679016113
 rtt|48005|0.15796957264751504|3.453343152999878
 progress|48005|50|3.498955011367798
 window_size|48005|42|3.499239206314087
 rtt|48005|0.13514952287943507|3.499425172805786
 progress|48005|51|3.5691311359405518
 window_size|48005|43|3.5694141387939453
 rtt|48005|0.13361224917743864|3.569580078125
 progress|48005|52|3.6122870445251465
 window_size|48005|44|3.6125221252441406
 rtt|48005|0.12084912221529237|3.612647294998169
 progress|48005|53|3.658191204071045
 window_size|48005|45|3.658525228500366
 rtt|48005|0.1080888326016082|3.6586921215057373
 progress|48005|54|3.726992130279541
 window_size|48005|46|3.7274041175842285
 rtt|48005|0.11159604293777182|3.727569103240967
 progress|48005|55|3.7730321884155273
 window_size|48005|47|3.773444175720215
 rtt|48005|0.10243556488435157|3.7736172676086426
 progress|48005|56|3.7977752685546875
 window_size|48005|48|3.7981960773468018
 rtt|48005|0.11062986747226661|3.798367977142334
 progress|48005|57|3.8911402225494385
 window_size|48005|49|3.8913631439208984
 rtt|48005|0.13975120935349275|3.8915271759033203
 progress|48005|58|3.9089772701263428
 window_size|48005|50|3.9091389179229736
 rtt|48005|0.14587451661491824|3.90927791595459
 progress|48005|59|3.959409236907959
 window_size|48005|51|3.9598169326782227
 rtt|48005|0.12227452057486832|3.9599831104278564
 progress|48005|60|4.026147127151489
 window_size|48005|52|4.026386976242065
 rtt|48005|0.12098728209359012|4.0265679359436035
 progress|48005|61|4.06954026222229
 window_size|48005|53|4.069930076599121
 rtt|48005|0.11025610877382326|4.070093154907227
 progress|48005|62|4.113654136657715
 window_size|48005|54|4.113922119140625
 rtt|48005|0.1005016260811189|4.114112138748169
 progress|48005|63|4.189245223999023
 window_size|48005|55|4.189667224884033
 rtt|48005|0.1132759892656931|4.189841270446777
 progress|48005|64|4.23246693611145
 window_size|48005|56|4.232880115509033
 rtt|48005|0.10582928328751356|4.233053207397461
 progress|48005|65|4.2542030811309814
 window_size|48005|57|4.25464129447937
 rtt|48005|0.11510238834034905|4.2548112869262695
 progress|48005|66|4.34709620475769
 window_size|48005|58|4.347379922866821
 rtt|48005|0.14311674353691317|4.347559213638306
 progress|48005|67|4.368062973022461
 window_size|48005|59|4.368311166763306
 rtt|48005|0.1454576975653229|4.368487119674683
 progress|48005|68|4.418045997619629
 window_size|48005|60|4.418463945388794
 rtt|48005|0.12168967503203225|4.418630123138428
 progress|48005|69|4.481873273849487
 window_size|48005|61|4.4823102951049805
 rtt|48005|0.11779183642163314|4.482482194900513
 progress|48005|70|4.5295631885528564
 window_size|48005|62|4.529851198196411
 rtt|48005|0.10408492484639681|4.530025005340576
 progress|48005|71|4.572864055633545
 window_size|48005|63|4.573148250579834
 rtt|48005|0.0966224691294903|4.573312044143677
 progress|48005|72|4.647304058074951
 window_size|48005|64|4.647582054138184
 rtt|48005|0.10941422461040633|4.647767066955566
 progress|48005|73|4.686866998672485
 window_size|48005|64.015625|4.687180042266846
 rtt|48005|0.10549340630124404|4.687378168106079
 progress|48005|74|4.710052251815796
 window_size|48005|64.03124618623383|4.710442066192627
 rtt|48005|0.11321469183598222|4.7106170654296875
 progress|48005|75|4.803049087524414
 window_size|48005|64.04686356149296|4.803271293640137
 rtt|48005|0.14208233585089802|4.8034422397613525
 progress|48005|76|4.823068141937256
 window_size|48005|64.06247712856545|4.823251008987427
 rtt|48005|0.14504910941389532|4.823419094085693
 progress|48005|77|4.876250267028809
 window_size|48005|64.07808689023597|4.876605272293091
 rtt|48005|0.12479553338480343|4.876779079437256
 progress|48005|78|4.937091112136841
 window_size|48005|64.09369284928579|4.937362909317017
 rtt|48005|0.11719190922813745|4.937535047531128
 progress|48005|79|4.986037969589233
 window_size|48005|64.10929500849281|4.98645806312561
 rtt|48005|0.10245826408849326|4.986654996871948
 progress|48005|80|5.028691053390503
 window_size|48005|64.12489337063153|5.02898097038269
 rtt|48005|0.09569518411355121|5.029155015945435
 progress|48005|81|5.104165077209473
 window_size|48005|64.14048793847307|5.104587078094482
 rtt|48005|0.10967365104101998|5.104777097702026
 progress|48005|82|5.141430139541626
 window_size|48005|64.15607871478521|5.141724109649658
 rtt|48005|0.10726314019275454|5.141899108886719
 progress|48005|83|5.165024042129517
 window_size|48005|64.17166570233233|5.165244102478027
 rtt|48005|0.11388608839886323|5.16540002822876
 progress|48005|84|5.2590012550354
 window_size|48005|64.1872489038755|5.2592902183532715
 rtt|48005|0.1436745845620696|5.259464979171753
 progress|48005|85|5.2779152393341064
 window_size|48005|64.2028283221724|5.278141975402832
 rtt|48005|0.1470202659682388|5.278304100036621
 progress|48005|86|5.331981182098389
 window_size|48005|64.21840395997735|5.3322532176971436
 rtt|48005|0.12736277284730685|5.332432270050049
 progress|48005|87|5.392067193984985
 window_size|48005|64.23397582004138|5.392306327819824
 rtt|48005|0.11840025539079323|5.392478942871094
 progress|48005|88|5.441454172134399
 window_size|48005|64.24954390511215|5.441692113876343
 rtt|48005|0.10280612400997982|5.441854000091553
 progress|48005|89|5.485945224761963
 window_size|48005|64.265108217934|5.486115217208862
 rtt|48005|0.09457398333979913|5.4862751960754395
 progress|48005|90|5.560150146484375
 window_size|48005|64.28066876124794|5.560380220413208
 rtt|48005|0.10759474352089421|5.560585975646973
 progress|48005|91|5.5968451499938965
 window_size|48005|64.29622553779167|5.5971362590789795
 rtt|48005|0.10627935466858252|5.597311973571777
 progress|48005|92|5.621011018753052
 window_size|48005|64.31177855029956|5.621187210083008
 rtt|48005|0.11253216593935006|5.621320962905884
 progress|48005|93|5.714794158935547
 window_size|48005|64.32732780150272|5.715185165405273
 rtt|48005|0.1423077405918013|5.715346336364746
 progress|48005|94|5.73360013961792
 window_size|48005|64.34287329412889|5.734028100967407
 rtt|48005|0.14605081212856502|5.734194993972778
 progress|48005|95|5.789157152175903
 window_size|48005|64.35841503090258|5.789393186569214
 rtt|48005|0.12836258370180392|5.78955602645874
 progress|48005|96|5.8474602699279785
 window_size|48005|64.37395301454497|5.847774982452393
 rtt|48005|0.1171249873510473|5.847943305969238
 progress|48005|97|5.900051116943359
 window_size|48005|64.38948724777396|5.900283098220825
 rtt|48005|0.10222142256444855|5.9004600048065186
 progress|48005|98|5.943656921386719
 window_size|48005|64.40501773330418|5.943916082382202
 rtt|48005|0.09511358187991203|5.9440741539001465
 progress|48005|99|6.017014980316162
 window_size|48005|64.42054447384699|6.017136096954346
 rtt|48005|0.10710045281929446|6.017235994338989
 progress|48005|100|6.0539631843566895
 window_size|48005|64.43606747211047|6.054380178451538
 rtt|48005|0.1058522685267559|6.054542064666748
 progress|48005|101|6.077425241470337
 window_size|48005|64.45158673079945|6.077831983566284
 rtt|48005|0.11287661522795761|6.078006982803345
 progress|48005|102|6.172479152679443
 window_size|48005|64.46710225261549|6.172719240188599
 rtt|48005|0.1440674521818912|6.172883987426758
 progress|48005|103|6.190791130065918
 window_size|48005|64.4826140402569|6.191212177276611
 rtt|48005|0.1479376525117517|6.191378116607666
 progress|48005|104|6.245999097824097
 window_size|48005|64.49812209641877|6.246405124664307
 rtt|48005|0.1292543399751478|6.246582984924316
 progress|48005|105|6.303602933883667
 window_size|48005|64.5136264237929|6.303832054138184
 rtt|48005|0.11724573007086445|6.303997278213501
 progress|48005|106|6.355238199234009
 window_size|48005|64.52912702506791|6.3555309772491455
 rtt|48005|0.10140568242608068|6.3557000160217285
 progress|48005|107|6.4024951457977295
 window_size|48005|64.54462390292915|6.402786016464233
 rtt|48005|0.09157862596489677|6.4029541015625
 progress|48005|108|6.475056171417236
 window_size|48005|64.56011706005876|6.475348949432373
 rtt|48005|0.10336147716269374|6.475473165512085
 progress|48005|109|6.508110046386719
 window_size|48005|64.57560649913567|6.508355140686035
 rtt|48005|0.10597163409080633|6.508502006530762
 progress|48005|110|6.533422231674194
 window_size|48005|64.59109222283558|6.533656120300293
 rtt|48005|0.11122194182790952|6.533786058425903
 progress|48005|111|6.630419015884399
 window_size|48005|64.606574233831|6.630801200866699
 rtt|48005|0.14460844788222751|6.6309990882873535
 progress|48005|112|6.64769721031189
 window_size|48005|64.62205253479122|6.647910118103027
 rtt|48005|0.14921515615349756|6.648075103759766
 progress|48005|113|6.703222990036011
 window_size|48005|64.63752712838235|6.703517198562622
 rtt|48005|0.130620188215961|6.703683137893677
 progress|48005|114|6.759321212768555
 window_size|48005|64.65299801726728|6.759634256362915
 rtt|48005|0.11648827194391034|6.759810209274292
 progress|48005|115|6.810794115066528
 window_size|48005|64.66846520410574|6.8111371994018555
 rtt|48005|0.10079171778330423|6.811349153518677
 progress|48005|116|6.859117031097412
 window_size|48005|64.68392869155429|6.859359979629517
 rtt|48005|0.09011685524048615|6.859527111053467
 progress|48005|117|6.929394245147705
 window_size|48005|64.69938848226626|6.929577112197876
 rtt|48005|0.1000148774235515|6.929703235626221
 progress|48005|118|6.962472200393677
 window_size|48005|64.71484457889187|6.962764024734497
 rtt|48005|0.10322972347421763|6.962911128997803
 progress|48005|119|6.988070249557495
 window_size|48005|64.73029698407815|6.988282203674316
 rtt|48005|0.10870434328417858|6.988413333892822
 progress|48005|120|7.085796117782593
 window_size|48005|64.74574570046896|7.085905313491821
 rtt|48005|0.14378920345328589|7.086023330688477
 progress|48005|121|7.101639986038208
 window_size|48005|64.76119073070502|7.101750135421753
 rtt|48005|0.1496486165814495|7.101847171783447
 progress|48005|122|7.158085107803345
 window_size|48005|64.7766320774239|7.158359050750732
 rtt|48005|0.13189517382369026|7.15849494934082
 progress|48005|123|7.214800119400024
 window_size|48005|64.79206974326002|7.2150373458862305
 rtt|48005|0.11819282214496976|7.215205192565918
 progress|48005|124|7.267088174819946
 window_size|48005|64.80750373084464|7.267500162124634
 rtt|48005|0.10279891662260328|7.267663240432739
 progress|48005|125|7.3138041496276855
 window_size|48005|64.82293404280594|7.31398606300354
 rtt|48005|0.09288694549316294|7.314119338989258
 progress|48005|126|7.384958982467651
 window_size|48005|64.83836068176893|7.385372161865234
 rtt|48005|0.10285706854810138|7.385558128356934
 progress|48005|127|7.417237997055054
 window_size|48005|64.85378365035551|7.4173901081085205
 rtt|48005|0.1057936120751411|7.417501211166382
 progress|48005|128|7.443472146987915
 window_size|48005|64.86920295118445|7.4436280727386475
 rtt|48005|0.1100828465881345|7.443771123886108
 progress|48005|129|7.541033983230591
 window_size|48005|64.88461858687143|7.54127311706543
 rtt|48005|0.14451951536217403|7.541439056396484
 progress|48005|130|7.5590620040893555
 window_size|48005|64.900030560029|7.559492111206055
 rtt|48005|0.1485964416034986|7.559658050537109
 progress|48005|131|7.613028049468994
 window_size|48005|64.91543887326661|7.613338232040405
 rtt|48005|0.12866036783647242|7.613489151000977
 progress|48005|132|7.668981075286865
 window_size|48005|64.93084352919064|7.669124126434326
 rtt|48005|0.11510289852578656|7.6692421436309814
 progress|48005|133|7.722656011581421
 window_size|48005|64.94624453040434|7.722860097885132
 rtt|48005|0.10205383506189208|7.722988128662109
 progress|48005|134|7.768071889877319
 window_size|48005|64.96164187950791|7.7683210372924805
 rtt|48005|0.09345429555088253|7.768441200256348
 progress|48005|135|7.8407533168792725
 window_size|48005|64.97703557909843|7.840946912765503
 rtt|48005|0.10506569901579495|7.841081142425537
 progress|48005|136|7.8716442584991455
 window_size|48005|64.99242563176992|7.8719141483306885
 rtt|48005|0.10873695633931732|7.872034072875977
 progress|48005|137|7.897258043289185
 window_size|48005|65.00781204011334|7.897418975830078
 rtt|48005|0.11257406423535352|7.897563219070435
 progress|48005|138|7.995725154876709
 window_size|48005|65.02319480671657|7.995955944061279
 rtt|48005|0.1474412414861808|7.9961159229278564
 progress|48005|139|8.013829231262207
 window_size|48005|65.03857393416445|8.01413106918335
 rtt|48005|0.15063364224618736|8.014312982559204
 progress|48005|140|8.068794250488281
 window_size|48005|65.05394942503871|8.068976163864136
 rtt|48005|0.13112736672370068|8.069092035293579
 progress|48005|141|8.124150037765503
 window_size|48005|65.06932128191809|8.124311208724976
 rtt|48005|0.11627119752085802|8.124423265457153
 progress|48005|142|8.177903175354004
 window_size|48005|65.08468950737826|8.178131103515625
 rtt|48005|0.10297477339272883|8.178255081176758
 progress|48005|143|8.224277973175049
 window_size|48005|65.10005410399182|8.224783182144165
 rtt|48005|0.09348627613360544|8.224953174591064
 progress|48005|144|8.294998168945312
 window_size|48005|65.11541507432838|8.295315027236938
 rtt|48005|0.10310498642068551|8.295541048049927
 progress|48005|145|8.325899124145508
 window_size|48005|65.1307724209545|8.326409101486206
 rtt|48005|0.10712915192977324|8.326591968536377
 progress|48005|146|8.352753162384033
 window_size|48005|65.1461261464337|8.353246927261353
 rtt|48005|0.11042799195233975|8.353387117385864
 progress|48005|147|8.450342178344727
 window_size|48005|65.16147625332651|8.451049089431763
 rtt|48005|0.14496412563882452|8.45127820968628
 progress|48005|148|8.468889236450195
 window_size|48005|65.17682274419042|8.469362258911133
 rtt|48005|0.14829852993564557|8.469506025314331
 progress|48005|149|8.525528192520142
 window_size|48005|65.1921656215799|8.525748014450073
 rtt|48005|0.13099705235122536|8.525873184204102
 progress|48005|150|8.579317092895508
 window_size|48005|65.20750488804644|8.579638004302979
 rtt|48005|0.11431539424665604|8.57981014251709
 progress|48005|151|8.63272500038147
 window_size|48005|65.22284054613851|8.633155107498169
 rtt|48005|0.10128768626043902|8.633270978927612
 progress|48005|152|8.68233323097229
 window_size|48005|65.23817259840159|8.682620286941528
 rtt|48005|0.0896873607836943|8.682779312133789
 progress|48005|153|8.75190806388855
 window_size|48005|65.25350104737817|8.752243995666504
 rtt|48005|0.09869031528734953|8.75250506401062
 progress|48005|154|8.783936023712158
 window_size|48005|65.26882589560775|8.784236192703247
 rtt|48005|0.10307995812162182|8.784404039382935
 progress|48005|155|8.808691024780273
 window_size|48005|65.28414714562685|8.808999300003052
 rtt|48005|0.10918265973937086|8.809184074401855
 progress|48005|156|8.907278060913086
 window_size|48005|65.29946479996902|8.907509088516235
 rtt|48005|0.14504216998792235|8.907671213150024
 progress|48005|157|8.924103260040283
 window_size|48005|65.31477886116483|8.924423933029175
 rtt|48005|0.1498565480956922|8.92461109161377
 progress|48005|158|8.98092794418335
 window_size|48005|65.33008933174187|8.981206178665161
 rtt|48005|0.13243339232250279|8.981364965438843
 progress|48005|159|9.034156084060669
 window_size|48005|65.3453962142248|9.034448146820068
 rtt|48005|0.11501112483972896|9.034623146057129
 progress|48005|160|9.090095043182373
 window_size|48005|65.3606995111353|9.090352296829224
 rtt|48005|0.10436704188376351|9.090514183044434
 progress|48005|161|9.137479305267334
 window_size|48005|65.37599922499209|9.137766122817993
 rtt|48005|0.09386186825973686|9.13793420791626
 progress|48005|162|9.207422971725464
 window_size|48005|65.39129535831096|9.207726240158081
 rtt|48005|0.10224150659901904|9.208015203475952
 progress|48005|163|9.239325284957886
 window_size|48005|65.40658791360475|9.239643096923828
 rtt|48005|0.10584006506534532|9.23981523513794
 progress|48005|164|9.2639741897583
 window_size|48005|65.42187689338338|9.264264106750488
 rtt|48005|0.11120678534909674|9.264430046081543
 progress|48005|165|9.364400148391724
 window_size|48005|65.43716230015382|9.364798069000244
 rtt|48005|0.14833449664716442|9.36496901512146
 progress|48005|166|9.382650136947632
 window_size|48005|65.45244413642008|9.382941961288452
 rtt|48005|0.1513399047722631|9.383111953735352
 progress|48005|167|9.435619115829468
 window_size|48005|65.46772240468331|9.435873031616211
 rtt|48005|0.12946841510150195|9.436020135879517
 progress|48005|168|9.489665031433105
 window_size|48005|65.4829971074417|9.489956140518188
 rtt|48005|0.11369650380684374|9.490126132965088
 progress|48005|169|9.54613709449768
 window_size|48005|65.49826824719054|9.546420097351074
 rtt|48005|0.10388115583768057|9.546602964401245
 progress|48005|170|9.592952013015747
 window_size|48005|65.51353582642218|9.59338116645813
 rtt|48005|0.09393436948675103|9.593541145324707
 progress|48005|171|9.664185047149658
 window_size|48005|65.52879984762613|9.664638996124268
 rtt|48005|0.10372271930752197|9.664812088012695
 progress|48005|172|9.693981170654297
 window_size|48005|65.54406031328894|9.694271087646484
 rtt|48005|0.10853514244523393|9.694441080093384
 progress|48005|173|9.719953298568726
 window_size|48005|65.55931722589429|9.720376014709473
 rtt|48005|0.11224493326989712|9.720538139343262
 progress|48005|174|9.820103883743286
 window_size|48005|65.57457058792298|9.820507287979126
 rtt|48005|0.1489050417083067|9.820675134658813
 progress|48005|175|9.83985424041748
 window_size|48005|65.58982040185289|9.840037107467651
 rtt|48005|0.15058161520852387|9.840172052383423
 progress|48005|176|9.892334222793579
 window_size|48005|65.60506667015906|9.892677068710327
 rtt|48005|0.12815856674976253|9.89285397529602
 progress|48005|177|9.95564603805542
 window_size|48005|65.62030939531363|9.955942153930664
 rtt|48005|0.12200295139132716|9.956120014190674
 progress|48005|178|10.001808166503906
 window_size|48005|65.63554857978586|10.0022451877594
 rtt|48005|0.10855122508490309|10.002427101135254
 progress|48005|179|10.051780223846436
 window_size|48005|65.65078422604216|10.052205085754395
 rtt|48005|0.09486124475599123|10.05237102508545
 progress|48005|180|10.11879825592041
 window_size|48005|65.66601633654608|10.11919903755188
 rtt|48005|0.10003212755051719|10.119361162185669
 progress|48005|181|10.153606176376343
 window_size|48005|65.6812449137583|10.153825998306274
 rtt|48005|0.10165680783678344|10.153988122940063
 progress|48005|182|10.178590059280396
 window_size|48005|65.69646996013665|10.178879976272583
 rtt|48005|0.10808460929498206|10.17913007736206
 progress|48005|183|10.267943143844604
 window_size|48005|65.71169147813613|10.268226146697998
 rtt|48005|0.13475946433970118|10.268399238586426
 progress|48005|184|10.294812202453613
 window_size|48005|65.72690947020887|10.29521894454956
 rtt|48005|0.13351539063466916|10.295378923416138
 progress|48005|185|10.348359107971191
 window_size|48005|65.74212393880416|10.348639965057373
 rtt|48005|0.11671382141119283|10.348798990249634
 progress|48005|186|10.414098978042603
 window_size|48005|65.75733488636847|10.414412021636963
 rtt|48005|0.11581296487898696|10.414592981338501
 progress|48005|187|10.45662808418274
 window_size|48005|65.77254231534545|10.45684003829956
 rtt|48005|0.10682051767475743|10.456964254379272
 progress|48005|188|10.507172107696533
 window_size|48005|65.7877462281759|10.507395029067993
 rtt|48005|0.09297441883889002|10.507554054260254
 progress|48005|189|10.575565099716187
 window_size|48005|65.80294662729783|10.57600212097168
 rtt|48005|0.09998401136997687|10.576176166534424
 progress|48005|190|10.608662128448486
 window_size|48005|65.81814351514639|10.608952045440674
 rtt|48005|0.10300336405888072|10.609123229980469
 progress|48005|191|10.63566517829895
 window_size|48005|65.83333689415396|10.63596224784851
 rtt|48005|0.10744590925219874|10.636136293411255
 progress|48005|192|10.727175951004028
 window_size|48005|65.84852676675008|10.727587223052979
 rtt|48005|0.13636862535460972|10.727762222290039
 progress|48005|193|10.75400710105896
 window_size|48005|65.86371313536152|10.754357099533081
 rtt|48005|0.1351332390126527|10.754525899887085
 progress|48005|194|10.804603099822998
 window_size|48005|65.87889600241223|10.804896116256714
 rtt|48005|0.11461796104804274|10.805066108703613
 progress|48005|195|10.86935305595398
 window_size|48005|65.89407537032336|10.86965298652649
 rtt|48005|0.11339582641702564|10.869842290878296
 progress|48005|196|10.913007259368896
 window_size|48005|65.9092512415133|10.913290977478027
 rtt|48005|0.10399412452346368|10.9134521484375
 progress|48005|197|10.96487808227539
 window_size|48005|65.92442361839763|10.965167045593262
 rtt|48005|0.09182162671165546|10.965331077575684
 progress|48005|198|11.031556129455566
 window_size|48005|65.93959250338915|11.031959056854248
 rtt|48005|0.09731558725830969|11.032122135162354
 progress|48005|199|11.066410064697266
 window_size|48005|65.95475789889791|11.066689014434814
 rtt|48005|0.09961562922863659|11.066858053207397
 progress|48005|200|11.093523979187012
 window_size|48005|65.96991980733115|11.093961954116821
 rtt|48005|0.1050042716874504|11.094130992889404
 progress|48005|201|11.18335509300232
 window_size|48005|65.98507823109338|11.183596134185791
 rtt|48005|0.1330003955692964|11.183728218078613
 progress|48005|202|11.21074104309082
 window_size|48005|66.00023317258633|11.210911989212036
 rtt|48005|0.13214546104761102|11.21103310585022
 progress|48005|203|11.260752201080322
 window_size|48005|66.01538463420898|11.261157274246216
 rtt|48005|0.11168268615739914|11.261319875717163
 progress|48005|204|11.325441122055054
 window_size|48005|66.03053261835754|11.325677156448364
 rtt|48005|0.11125747252752646|11.32578992843628
 progress|48005|205|11.370288133621216
 window_size|48005|66.04567712742549|11.370615005493164
 rtt|48005|0.10152955117200073|11.37078309059143
 progress|48005|206|11.421139001846313
 window_size|48005|66.06081816380355|11.421288967132568
 rtt|48005|0.08905621867714276|11.421390056610107
 progress|48005|207|11.487994194030762
 window_size|48005|66.07595572987971|11.488240242004395
 rtt|48005|0.09551954690358105|11.488394975662231
 progress|48005|208|11.522638082504272
 window_size|48005|66.09108982803923|11.522814989089966
 rtt|48005|0.09845251602045625|11.522966146469116
 progress|48005|209|11.549231052398682
 window_size|48005|66.10622046066463|11.549424171447754
 rtt|48005|0.10441303462139578|11.549541234970093
 progress|48005|210|11.639032125473022
 window_size|48005|66.12134763013569|11.639337062835693
 rtt|48005|0.13239919833041675|11.639510154724121
 progress|48005|211|11.668740272521973
 window_size|48005|66.1364713388295|11.669159173965454
 rtt|48005|0.1299013526491049|11.66932201385498
 progress|48005|212|11.716663122177124
 window_size|48005|66.1515915891204|11.717096328735352
 rtt|48005|0.11141810899142476|11.717260122299194
 progress|48005|213|11.78139591217041
 window_size|48005|66.16670838338003|11.781683921813965
 rtt|48005|0.11114939509507224|11.781883239746094
 progress|48005|214|11.826184034347534
 window_size|48005|66.18182172397732|11.826600313186646
 rtt|48005|0.10139958361854282|11.8267662525177
 progress|48005|215|11.876259088516235
 window_size|48005|66.19693161327851|11.876595973968506
 rtt|48005|0.08915144887176848|11.87677526473999
 progress|48005|216|11.943921327590942
 window_size|48005|66.2120380536471|11.944210290908813
 rtt|48005|0.0965705292876585|11.94434404373169
 progress|48005|217|11.97934103012085
 window_size|48005|66.22714104744394|11.97962498664856
 rtt|48005|0.0986233977282872|11.979743003845215
 progress|48005|218|12.005376100540161
 window_size|48005|66.24224059702715|12.005595207214355
 rtt|48005|0.10500397011412516|12.005717992782593
 progress|48005|219|12.094276189804077
 window_size|48005|66.25733670475218|12.094610929489136
 rtt|48005|0.13195805268783767|12.094781160354614
 progress|48005|220|12.124878168106079
 window_size|48005|66.27242937297179|12.125141143798828
 rtt|48005|0.12868342923093423|12.125268936157227
 progress|48005|221|12.171335220336914
 window_size|48005|66.28751860403607|12.171509027481079
 rtt|48005|0.11160520456081847|12.171632289886475
 progress|48005|222|12.23781704902649
 window_size|48005|66.30260440029242|12.238093137741089
 rtt|48005|0.11302360976900094|12.238299131393433
 progress|48005|223|12.283765077590942
 window_size|48005|66.3176867640856|12.284162044525146
 rtt|48005|0.10203403719891951|12.284379243850708
 progress|48005|224|12.331923961639404
 window_size|48005|66.33276569775765|12.332180976867676
 rtt|48005|0.09119781188054564|12.332346200942993
 progress|48005|225|12.40029525756836
 window_size|48005|66.347841203648|12.400712966918945
 rtt|48005|0.09874590057618018|12.40087604522705
 progress|48005|226|12.434067010879517
 window_size|48005|66.36291328409341|12.434348106384277
 rtt|48005|0.10152208837564264|12.4345121383667
 progress|48005|227|12.461652040481567
 window_size|48005|66.37798194142795|12.461937189102173
 rtt|48005|0.10578520767140703|12.462099075317383
 progress|48005|228|12.551923036575317
 window_size|48005|66.39304717798308|12.5523362159729
 rtt|48005|0.13383749392246785|12.552507162094116
 progress|48005|229|12.584969997406006
 window_size|48005|66.4081089960876|12.585265159606934
 rtt|48005|0.12842720103390465|12.585428953170776
 progress|48005|230|12.630826950073242
 window_size|48005|66.42316739806769|12.631048917770386
 rtt|48005|0.11230013324311008|12.631178140640259
 progress|48005|231|12.695512056350708
 window_size|48005|66.43822238624685|12.695924043655396
 rtt|48005|0.11143585727751232|12.696078062057495
 progress|48005|232|12.738863229751587
 window_size|48005|66.45327396294597|12.73915696144104
 rtt|48005|0.10274477044820102|12.739334106445312
 progress|48005|233|12.787858247756958
 window_size|48005|66.46832213048333|12.78815221786499
 rtt|48005|0.0909712432806643|12.788329124450684
 progress|48005|234|12.855971097946167
 window_size|48005|66.48336689117455|12.856206178665161
 rtt|48005|0.09851036611969202|12.856380224227905
 progress|48005|235|12.890378952026367
 window_size|48005|66.49840824733266|12.890665054321289
 rtt|48005|0.10073762947862788|12.890833139419556
 progress|48005|236|12.917175054550171
 window_size|48005|66.51344620126805|12.917461156845093
 rtt|48005|0.10583282055242907|12.917647123336792
 progress|48005|237|13.006961107254028
 window_size|48005|66.52848075528851|13.007244110107422
 rtt|48005|0.13358651014803688|13.007407188415527
 progress|48005|238|13.044454097747803
 window_size|48005|66.54351191169923|13.04474401473999
 rtt|48005|0.1248324626233332|13.044920206069946
 progress|48005|239|13.09049916267395
 window_size|48005|66.55853967280277|13.09078311920166
 rtt|48005|0.10987100265255313|13.091032028198242
 progress|48005|240|13.152323246002197
 window_size|48005|66.57356404089911|13.152737140655518
 rtt|48005|0.10645832561236224|13.152910232543945
 progress|48005|241|13.196737051010132
 window_size|48005|66.58858501828566|13.197058200836182
 rtt|48005|0.09812968268602654|13.197233200073242
 progress|48005|242|13.247843027114868
 window_size|48005|66.60360260725717|13.248156309127808
 rtt|48005|0.08652974338663089|13.248328924179077
 progress|48005|243|13.3128182888031
 window_size|48005|66.61861681010588|13.313107013702393
 rtt|48005|0.09183713350522252|13.313282012939453
 progress|48005|244|13.346307039260864
 window_size|48005|66.63362762912139|13.346528053283691
 rtt|48005|0.09630138139745613|13.346688985824585
 progress|48005|245|13.377776145935059
 window_size|48005|66.64863506659074|13.378051042556763
 rtt|48005|0.09882236282412915|13.378210067749023
 progress|48005|246|13.462341070175171
 window_size|48005|66.6636391247984|13.46261715888977
 rtt|48005|0.12278953071655245|13.462780237197876
 progress|48005|247|13.497072219848633
 window_size|48005|66.67863980602625|13.49730110168457
 rtt|48005|0.11848477986366582|13.497475147247314
 progress|48005|248|13.549023151397705
 window_size|48005|66.69363711255363|13.549317121505737
 rtt|48005|0.10312925890746846|13.549488067626953
 progress|48005|249|13.607117176055908
 window_size|48005|66.7086310466573|13.607393026351929
 rtt|48005|0.09761221092484623|13.607566118240356
 progress|48005|250|13.652836084365845
 window_size|48005|66.72362161061147|13.653067111968994
 rtt|48005|0.09031417825714727|13.6532301902771
 progress|48005|251|13.706991195678711
 window_size|48005|66.7386088066878|13.707281112670898
 rtt|48005|0.08370920548866753|13.70744013786316
 progress|48005|252|13.76781702041626
 window_size|48005|66.75359263715535|13.76809024810791
 rtt|48005|0.08541662976293943|13.768267154693604
 progress|48005|253|13.801435232162476
 window_size|48005|66.7685731042807|13.801608085632324
 rtt|48005|0.09114007994497404|13.801735877990723
 progress|48005|254|13.834967136383057
 window_size|48005|66.78355021032786|13.835204124450684
 rtt|48005|0.09323565623102885|13.835381984710693
 progress|48005|255|13.920175075531006
 window_size|48005|66.79852395755829|13.920602083206177
 rtt|48005|0.1190863436991371|13.920765161514282
 progress|48005|256|13.954691171646118
 window_size|48005|66.81349434823092|13.95486307144165
 rtt|48005|0.11590795840913413|13.955037355422974
 progress|48005|257|14.006105184555054
 window_size|48005|66.82846138460216|14.006518125534058
 rtt|48005|0.10043448062534464|14.006693124771118
 progress|48005|258|14.06269121170044
 window_size|48005|66.8434250689259|14.063070058822632
 rtt|48005|0.09401622558800374|14.063255071640015
 progress|48005|259|14.107009172439575
 window_size|48005|66.85838540345347|14.107187986373901
 rtt|48005|0.08838503867223116|14.107332229614258
 progress|48005|260|14.163837194442749
 window_size|48005|66.87334239043372|14.164124250411987
 rtt|48005|0.08531995939273967|14.164304256439209
 progress|48005|261|14.224589109420776
 window_size|48005|66.88829603211296|14.224878072738647
 rtt|48005|0.08635032844436852|14.225049257278442
 progress|48005|262|14.257622003555298
 window_size|48005|66.90324633073502|14.257893085479736
 rtt|48005|0.09236336257280539|14.258074283599854
 progress|48005|263|14.291706085205078
 window_size|48005|66.91819328854116|14.291989088058472
 rtt|48005|0.09376610822161607|14.292149066925049
 progress|48005|264|14.376965284347534
 window_size|48005|66.93313690777022|14.377253293991089
 rtt|48005|0.11973540313946468|14.377437353134155
 progress|48005|265|14.410881042480469
 window_size|48005|66.94807719065847|14.411302089691162
 rtt|48005|0.11705232674927321|14.411464929580688
 progress|48005|266|14.460848093032837
 window_size|48005|66.96301413943972|14.461052179336548
 rtt|48005|0.10050040418176275|14.461180210113525
 progress|48005|267|14.519195079803467
 window_size|48005|66.97794775634529|14.519419193267822
 rtt|48005|0.09601559607618038|14.519541025161743
 progress|48005|268|14.562162160873413
 window_size|48005|66.99287804360398|14.562355041503906
 rtt|48005|0.09105622972684892|14.562486171722412
 progress|48005|269|14.62056303024292
 window_size|48005|67.00780500344214|14.620777130126953
 rtt|48005|0.0890146658196216|14.620931148529053
 progress|48005|270|14.679723978042603
 window_size|48005|67.02272863808363|14.679955005645752
 rtt|48005|0.08744691985230033|14.680118083953857
 progress|48005|271|14.714031219482422
 window_size|48005|67.03764894974985|14.714261054992676
 rtt|48005|0.09206427424929657|14.71439528465271
 progress|48005|272|14.746959209442139
 window_size|48005|67.05256594065969|14.747206211090088
 rtt|48005|0.09433791424572534|14.747322082519531
 progress|48005|273|14.832811117172241
 window_size|48005|67.06747961302959|14.83310317993164
 rtt|48005|0.12038677107272316|14.833269119262695
 progress|48005|274|14.87157416343689
 window_size|48005|67.08238996907353|14.871992111206055
 rtt|48005|0.11367116926062593|14.87215805053711
 progress|48005|275|14.91929817199707
 window_size|48005|67.09729701100304|14.919541120529175
 rtt|48005|0.10026135929636293|14.919673204421997
 progress|48005|276|14.975598096847534
 window_size|48005|67.11220074102715|14.976365089416504
 rtt|48005|0.09354253887891928|14.976673126220703
 progress|48005|277|15.023234128952026
 window_size|48005|67.1271011613525|15.02341103553772
 rtt|48005|0.08565614200915447|15.023540019989014
 progress|48005|278|15.076606035232544
 window_size|48005|67.14199827418322|15.076818943023682
 rtt|48005|0.07971139629001393|15.076950073242188
 progress|48005|279|15.134620189666748
 window_size|48005|67.15689208172104|15.13479495048523
 rtt|48005|0.07948179685864042|15.13489818572998
 progress|48005|280|15.169547080993652
 window_size|48005|67.17178258616522|15.169702291488647
 rtt|48005|0.08540804395563178|15.169902086257935
 progress|48005|281|15.205266952514648
 window_size|48005|67.1866697897126|15.20546817779541
 rtt|48005|0.08708642000135507|15.205575942993164
 progress|48005|282|15.287448167800903
 window_size|48005|67.20155369455756|15.287559270858765
 rtt|48005|0.11147747367991348|15.287652254104614
 progress|48005|283|15.320600032806396
 window_size|48005|67.21643430289208|15.321002960205078
 rtt|48005|0.11114631272603151|15.321248054504395
 progress|48005|284|15.376878023147583
 window_size|48005|67.2313116169057|15.377074956893921
 rtt|48005|0.10220313846292822|15.378093004226685
 progress|48005|285|15.432664155960083
 window_size|48005|67.24618563878553|15.432849168777466
 rtt|48005|0.09443926649706788|15.43297004699707
 progress|48005|286|15.478527069091797
 window_size|48005|67.26105637071629|15.478755235671997
 rtt|48005|0.08780142416122266|15.478864192962646
 progress|48005|287|15.534167051315308
 window_size|48005|67.27592381488024|15.534460306167603
 rtt|48005|0.0834163910672098|15.534621238708496
 progress|48005|288|15.589301109313965
 window_size|48005|67.29078797345727|15.589717149734497
 rtt|48005|0.07924559999636016|15.589883089065552
 progress|48005|289|15.628966093063354
 window_size|48005|67.30564884862483|15.629244327545166
 rtt|48005|0.08153083311143194|15.629415273666382
 progress|48005|290|15.662146091461182
 window_size|48005|67.32050644255797|15.662497997283936
 rtt|48005|0.08650531838108594|15.662667036056519
 progress|48005|291|15.744266033172607
 window_size|48005|67.33536075742937|15.744678258895874
 rtt|48005|0.1109084123741263|15.7448410987854
 progress|48005|292|15.778110027313232
 window_size|48005|67.3502117954093|15.778415203094482
 rtt|48005|0.11010140860581233|15.778589963912964
 progress|48005|293|15.832292079925537
 window_size|48005|67.36505955866559|15.832497119903564
 rtt|48005|0.0992587972329596|15.83262324333191
 progress|48005|294|15.889708042144775
 window_size|48005|67.37990404936376|15.890105247497559
 rtt|48005|0.09379755187829956|15.890268325805664
 progress|48005|295|15.933680295944214
 window_size|48005|67.39474526966688|15.933960914611816
 rtt|48005|0.08878123268806562|15.934181213378906
 progress|48005|296|15.990908145904541
 window_size|48005|67.40958322173569|15.99130392074585
 rtt|48005|0.08601309715912389|15.99148416519165
 progress|48005|297|16.04759407043457
 window_size|48005|67.42441790772848|16.047879934310913
 rtt|48005|0.08269362122655459|16.04804515838623
 progress|48005|298|16.08740210533142
 window_size|48005|67.43924932980124|16.087608098983765
 rtt|48005|0.08413332466239445|16.087757110595703
 progress|48005|299|16.120136976242065
 window_size|48005|67.45407749010757|16.120439052581787
 rtt|48005|0.08908943516450424|16.120640993118286
 progress|48005|300|16.20051407814026
 window_size|48005|67.46890239079866|16.200947046279907
 rtt|48005|0.11093074217736679|16.201114177703857
 progress|48005|301|16.2395179271698
 window_size|48005|67.48372403402338|16.239933252334595
 rtt|48005|0.10621216002362623|16.240095138549805
 progress|48005|302|16.290929317474365
 window_size|48005|67.49854242192824|16.291216135025024
 rtt|48005|0.09312566957770141|16.291385173797607
 progress|48005|303|16.345860242843628
 window_size|48005|67.51335755665735|16.346121072769165
 rtt|48005|0.08678517726880298|16.34628415107727
 progress|48005|304|16.39394211769104
 window_size|48005|67.52816944035253|16.3942232131958
 rtt|48005|0.08028350845047398|16.39440417289734
 progress|48005|305|16.447773218154907
 window_size|48005|67.5429780751532|16.448005199432373
 rtt|48005|0.0759439924835544|16.44817614555359
 progress|48005|306|16.50661826133728
 window_size|48005|67.55778346319646|16.506908178329468
 rtt|48005|0.07737580464930534|16.507081985473633
 progress|48005|307|16.548352003097534
 window_size|48005|67.57258560661705|16.54855513572693
 rtt|48005|0.0788737292191047|16.548681020736694
 progress|48005|308|16.576205015182495
 window_size|48005|67.5873845075474|16.57660222053528
 rtt|48005|0.08914136967083663|16.576755046844482
 progress|48005|309|16.65696406364441
 window_size|48005|67.60218016811758|16.657211303710938
 rtt|48005|0.11160401648264884|16.65734314918518
 progress|48005|310|16.696189165115356
 window_size|48005|67.61697259045535|16.69658327102661
 rtt|48005|0.10645983957649117|16.696744918823242
 progress|48005|311|16.750638246536255
 window_size|48005|67.6317617766861|16.750931978225708
 rtt|48005|0.09643742638621952|16.751106023788452
 progress|48005|312|16.801380157470703
 window_size|48005|67.64654772893294|16.80161213874817
 rtt|48005|0.08514008639317233|16.801738023757935
 progress|48005|313|16.851941108703613
 window_size|48005|67.66133044931665|16.85232424736023
 rtt|48005|0.07698098203338627|16.852497100830078
 progress|48005|314|16.904529094696045
 window_size|48005|67.67610993995568|16.904986143112183
 rtt|48005|0.07211025655327385|16.905176162719727
 progress|48005|315|16.966082096099854
 window_size|48005|67.69088620296617|16.966286182403564
 rtt|48005|0.0774921036655323|16.966440200805664
 progress|48005|316|17.00564408302307
 window_size|48005|67.70565924046197|17.00606632232666
 rtt|48005|0.08094423695229798|17.00625991821289
 progress|48005|317|17.034823179244995
 window_size|48005|67.72042905455459|17.03524613380432
 rtt|48005|0.0896619339817957|17.035410165786743
 progress|48005|318|17.113166093826294
 window_size|48005|67.73519564735327|17.11344313621521
 rtt|48005|0.10950770475008928|17.113616228103638
 progress|48005|319|17.158481121063232
 window_size|48005|67.74995902096491|17.158785104751587
 rtt|48005|0.09995788866935203|17.15893316268921
 progress|48005|320|17.208283185958862
 window_size|48005|67.76471917749416|17.20862317085266
 rtt|48005|0.08868621642201574|17.208813190460205
 progress|48005|321|17.259324312210083
 window_size|48005|67.77947611904335|17.259566068649292
 rtt|48005|0.0794189722852447|17.25968909263611
 progress|48005|322|17.309612035751343
 window_size|48005|67.79422984771254|17.309842348098755
 rtt|48005|0.07279900577306095|17.310018062591553
 progress|48005|323|17.362701177597046
 window_size|48005|67.80898036559948|17.362926244735718
 rtt|48005|0.06954442273942531|17.363502025604248
 progress|48005|324|17.421764135360718
 window_size|48005|67.82372767479966|17.422054290771484
 rtt|48005|0.07288022370130588|17.42234230041504
 progress|48005|325|17.465779066085815
 window_size|48005|67.83847177740627|17.466010093688965
 rtt|48005|0.073782159110249|17.466180086135864
 progress|48005|326|17.491485357284546
 window_size|48005|67.85321267551024|17.491806983947754
 rtt|48005|0.08714590053849128|17.491976022720337
 progress|48005|327|17.568199157714844
 window_size|48005|67.86795037120022|17.568419218063354
 rtt|48005|0.1061678724566211|17.568542957305908
 progress|48005|328|17.61557912826538
 window_size|48005|67.88268486656263|17.61599111557007
 rtt|48005|0.09571412267578804|17.616152048110962
 progress|48005|329|17.66890025138855
 window_size|48005|67.89741616368156|17.669201135635376
 rtt|48005|0.08685147288157272|17.669366121292114
 progress|48005|330|17.71615219116211
 window_size|48005|67.91214426463888|17.716341972351074
 rtt|48005|0.08088819065069952|17.716459035873413
 progress|48005|331|17.76948308944702
 window_size|48005|67.9268691715142|17.769739151000977
 rtt|48005|0.07589974475337459|17.77010989189148
 progress|48005|332|17.819744110107422
 window_size|48005|67.94159088638486|17.82014012336731
 rtt|48005|0.07044972840347134|17.820407152175903
 progress|48005|333|17.877755165100098
 window_size|48005|67.95630941132598|17.87798500061035
 rtt|48005|0.07272056103094812|17.87811303138733
 progress|48005|334|17.921955108642578
 window_size|48005|67.97102474841039|17.92219591140747
 rtt|48005|0.07329441835810706|17.922367095947266
 progress|48005|335|17.94625997543335
 window_size|48005|67.9857368997087|17.946547985076904
 rtt|48005|0.08765763646920705|17.946673154830933
 progress|48005|336|18.02343511581421
 window_size|48005|68.00044586728929|18.023611307144165
 rtt|48005|0.10709355742744403|18.023741245269775
 progress|48005|337|18.071976900100708
 window_size|48005|68.01515165321827|18.07222604751587
 rtt|48005|0.09509316005129198|18.072402238845825
 progress|48005|338|18.12655735015869
 window_size|48005|68.02985425955956|18.126846075057983
 rtt|48005|0.08768178046739708|18.12701106071472
 progress|48005|339|18.173078060150146
 window_size|48005|68.0445536883748|18.173365116119385
 rtt|48005|0.08225982017989955|18.173554182052612
 progress|48005|340|18.22942805290222
 window_size|48005|68.05924994172345|18.22972321510315
 rtt|48005|0.0799418724960724|18.229896068572998
 progress|48005|341|18.274489164352417
 window_size|48005|68.07394302166271|18.27471613883972
 rtt|48005|0.07764416330495316|18.274877309799194
 progress|48005|342|18.334179162979126
 window_size|48005|68.08863293024758|18.33459711074829
 rtt|48005|0.07981500994063673|18.334769248962402
 progress|48005|343|18.376702070236206
 window_size|48005|68.10331966953085|18.37713098526001
 rtt|48005|0.0797682162594642|18.37729525566101
 progress|48005|344|18.403911113739014
 window_size|48005|68.11800324156306|18.404195070266724
 rtt|48005|0.089988723389965|18.4043550491333
 progress|48005|345|18.47993493080139
 window_size|48005|68.13268364839257|18.480343103408813
 rtt|48005|0.10762509723570018|18.480513095855713
 progress|48005|346|18.519894123077393
 window_size|48005|68.14736089206554|18.520315170288086
 rtt|48005|0.1019996856997116|18.520475149154663
 progress|48005|347|18.582224130630493
 window_size|48005|68.16203497462588|18.582496166229248
 rtt|48005|0.10154397218380487|18.582666158676147
 progress|48005|348|18.62998127937317
 window_size|48005|68.17670589811536|18.63025403022766
 rtt|48005|0.09174368378764083|18.630413055419922
 progress|48005|349|18.684229135513306
 window_size|48005|68.19137366457352|18.68460702896118
 rtt|48005|0.08475005065487212|18.684767961502075
 progress|48005|350|18.730502128601074
 window_size|48005|68.2060382760377|18.730783939361572
 rtt|48005|0.08014553917418571|18.730947017669678
 progress|48005|351|18.790988206863403
 window_size|48005|68.22069973454308|18.791208267211914
 rtt|48005|0.08251991883588414|18.791367292404175
 progress|48005|352|18.833730220794678
 window_size|48005|68.23535804212261|18.8339741230011
 rtt|48005|0.08176379014868615|18.834144115447998
 progress|48005|353|18.860186100006104
 window_size|48005|68.2500132008071|18.860453128814697
 rtt|48005|0.09223709888180961|18.860587120056152
 progress|48005|354|18.93915319442749
 window_size|48005|68.26466521262515|18.9394371509552
 rtt|48005|0.11228466088741182|18.93961215019226
 progress|48005|355|18.97635817527771
 window_size|48005|68.27931407960318|18.976654052734375
 rtt|48005|0.10797335769304249|18.9768283367157
 progress|48005|356|19.04087233543396
 window_size|48005|68.29395980376547|19.041308164596558
 rtt|48005|0.10800514589548735|19.041481018066406
 progress|48005|357|19.08600401878357
 window_size|48005|68.3086023871341|19.086323022842407
 rtt|48005|0.09875908149155255|19.086514949798584
 progress|48005|358|19.14188313484192
 window_size|48005|68.32324183172898|19.142215967178345
 rtt|48005|0.0918157743286114|19.142407178878784
 progress|48005|359|19.187072038650513
 window_size|48005|68.33787813956786|19.187286138534546
 rtt|48005|0.08641711002555807|19.187420129776
 progress|48005|360|19.24793314933777
 window_size|48005|68.35251131266635|19.248363971710205
 rtt|48005|0.0874922006267085|19.24854826927185
 progress|48005|361|19.289822101593018
 window_size|48005|68.36714135303788|19.290253162384033
 rtt|48005|0.08617236579107589|19.290544271469116
 progress|48005|362|19.318787097930908
 window_size|48005|68.38176826269374|19.31921625137329
 rtt|48005|0.0935956798136015|19.319399118423462
 progress|48005|363|19.395434141159058
 window_size|48005|68.39639204364305|19.39584732055664
 rtt|48005|0.11081967692430723|19.396035194396973
 progress|48005|364|19.432972192764282
 window_size|48005|68.41101269789279|19.43340516090393
 rtt|48005|0.10650399602154666|19.433588981628418
 progress|48005|365|19.497165203094482
 window_size|48005|68.4256302274478|19.497620105743408
 rtt|48005|0.10669650087709845|19.49988102912903
 progress|48005|366|19.545358180999756
 window_size|48005|68.44024463431079|19.54565405845642
 rtt|48005|0.09542025390231734|19.54585027694702
 progress|48005|367|19.599820137023926
 window_size|48005|68.4548559204823|19.600261211395264
 rtt|48005|0.0875468979358963|19.600445985794067
 progress|48005|368|19.646810054779053
 window_size|48005|68.46946408796076|19.64711618423462
 rtt|48005|0.08201196355712806|19.647290229797363
 progress|48005|369|19.71089005470276
 window_size|48005|68.48406913874246|19.71132516860962
 rtt|48005|0.08730816179170062|19.71149706840515
 progress|48005|370|19.747692108154297
 window_size|48005|68.49867107482154|19.748016119003296
 rtt|48005|0.09045519948353445|19.748215198516846
 progress|48005|371|19.77736806869507
 window_size|48005|68.51326989819007|19.77778935432434
 rtt|48005|0.09632129254796638|19.77797508239746
 progress|48005|372|19.851826190948486
 window_size|48005|68.52786561083795|19.852036237716675
 rtt|48005|0.1107817115399022|19.852187156677246
 progress|48005|373|19.890807151794434
 window_size|48005|68.54245821475295|19.891106128692627
 rtt|48005|0.1052731342774097|19.89128303527832
 progress|48005|374|19.952775239944458
 window_size|48005|68.55704771192079|19.953022003173828
 rtt|48005|0.10363988283303151|19.953202962875366
 progress|48005|375|20.002860069274902
 window_size|48005|68.571634104325|20.003314971923828
 rtt|48005|0.09156147977487897|20.003493070602417
 progress|48005|376|20.055086135864258
 window_size|48005|68.58621739394704|20.055395126342773
 rtt|48005|0.08260090128208249|20.05557107925415
 progress|48005|377|20.106146097183228
 window_size|48005|68.60079758276626|20.106466054916382
 rtt|48005|0.07496743789979948|20.106657028198242
 progress|48005|378|20.173394918441772
 window_size|48005|68.61537467275991|20.173635244369507
 rtt|48005|0.08507473023021653|20.173771142959595
 progress|48005|379|20.207122325897217
 window_size|48005|68.62994866590313|20.207414150238037
 rtt|48005|0.09188469156300338|20.207613945007324
 progress|48005|380|20.232861280441284
 window_size|48005|68.64451956416896|20.233175039291382
 rtt|48005|0.10035677417682579|20.233373165130615
 progress|48005|381|20.30922818183899
 window_size|48005|68.65908736952835|20.30946707725525
 rtt|48005|0.11590231690938804|20.309601068496704
 progress|48005|382|20.347294092178345
 window_size|48005|68.67365208395017|20.347716093063354
 rtt|48005|0.10974507224830946|20.347897052764893
 progress|48005|383|20.410738945007324
 window_size|48005|68.6882137094012|20.41106915473938
 rtt|48005|0.10866091043826613|20.41120409965515
 progress|48005|384|20.4607150554657
 window_size|48005|68.7027722478461|20.46097731590271
 rtt|48005|0.09537210258633123|20.461100101470947
 progress|48005|385|20.512376070022583
 window_size|48005|68.71732770124748|20.512551307678223
 rtt|48005|0.08483330020303163|20.512644052505493
 progress|48005|386|20.563775062561035
 window_size|48005|68.7318800715659|20.563913106918335
 rtt|48005|0.07660735697147938|20.564006090164185
 progress|48005|387|20.632699251174927
 window_size|48005|68.74642936075978|20.632923126220703
 rtt|48005|0.0878956065954618|20.633345127105713
 progress|48005|388|20.666354179382324
 window_size|48005|68.7609755707855|20.666627168655396
 rtt|48005|0.09414455767487748|20.66680908203125
 progress|48005|389|20.692479133605957
 window_size|48005|68.77551870359738|20.692650079727173
 rtt|48005|0.10200109146926697|20.6927433013916
 progress|48005|390|20.767282962799072
 window_size|48005|68.79005876114765|20.767484188079834
 rtt|48005|0.11533323192221487|20.76915407180786
 progress|48005|391|20.806374311447144
 window_size|48005|68.8045957453865|20.806620121002197
 rtt|48005|0.10842654054551744|20.806769132614136
 progress|48005|392|20.868216037750244
 window_size|48005|68.81912965826203|20.868431091308594
 rtt|48005|0.10590069282726189|20.868874073028564
 progress|48005|393|20.91917896270752
 window_size|48005|68.83366050172032|20.91938829421997
 rtt|48005|0.0924669437781889|20.919547080993652
 progress|48005|394|20.968751192092896
 window_size|48005|68.84818827770536|20.968990087509155
 rtt|48005|0.08339016036729241|20.9691321849823
 progress|48005|395|21.020626306533813
 window_size|48005|68.86271298815913|21.020915985107422
 rtt|48005|0.0761502570363469|21.022499084472656
 progress|48005|396|21.089805126190186
 window_size|48005|68.87723463502152|21.089997053146362
 rtt|48005|0.08801181385541973|21.090430974960327
 progress|48005|397|21.123650074005127
 window_size|48005|68.8917532202304|21.123847246170044
 rtt|48005|0.09399915588348819|21.123972177505493
 progress|48005|398|21.148272275924683
 window_size|48005|68.90626874572158|21.148572206497192
 rtt|48005|0.10300714139679437|21.148699283599854
 progress|48005|399|21.22528910636902
 window_size|48005|68.92078121342884|21.22558617591858
 rtt|48005|0.11851465594014186|21.2257661819458
 progress|48005|400|21.26405096054077
 window_size|48005|68.93529062528393|21.26426124572754
 rtt|48005|0.11104711507050531|21.26438808441162
 progress|48005|401|21.3256618976593
 window_size|48005|68.94979698321656|21.32583713531494
 rtt|48005|0.10759987034211102|21.326266288757324
 progress|48005|402|21.377827167510986
 window_size|48005|68.96430028915441|21.37813091278076
 rtt|48005|0.09435892793847905|21.380134105682373
 progress|48005|403|21.426252126693726
 window_size|48005|68.97880054502313|21.42656898498535
 rtt|48005|0.08580226311288879|21.426788091659546
 progress|48005|404|21.479788064956665
 window_size|48005|68.99329775274636|21.480222940444946
 rtt|48005|0.07957075745714827|21.48071026802063
 progress|48005|405|21.54643416404724
 window_size|48005|69.00779191424569|21.546942949295044
 rtt|48005|0.08791775199619051|21.54729127883911
 progress|48005|406|21.5812771320343
 window_size|48005|69.02228303144072|21.58176016807556
 rtt|48005|0.09308115724037275|21.58204221725464
 progress|48005|407|21.609710216522217
 window_size|48005|69.03677110624903|21.610280990600586
 rtt|48005|0.09938210614719124|21.610512256622314
 progress|48005|408|21.681809186935425
 window_size|48005|69.05125614058619|21.682005167007446
 rtt|48005|0.11069791280252543|21.682131052017212
 progress|48005|409|21.72203803062439
 window_size|48005|69.06573813636574|21.722270965576172
 rtt|48005|0.10401190407654176|21.722395181655884
 progress|48005|410|21.781387090682983
 window_size|48005|69.08021709549922|21.781813144683838
 rtt|48005|0.10004267943413021|21.782085180282593
 progress|48005|411|21.837623119354248
 window_size|48005|69.09469301989618|21.838130235671997
 rtt|48005|0.09301264506186635|21.83833408355713
 progress|48005|412|21.88321614265442
 window_size|48005|69.10916591146416|21.884188175201416
 rtt|48005|0.08726130454352923|21.884788036346436
 progress|48005|413|21.938878059387207
 window_size|48005|69.12363577210871|21.939177989959717
 rtt|48005|0.0831402144320689|21.939534187316895
 progress|48005|414|22.006201028823853
 window_size|48005|69.13810260373339|22.006516933441162
 rtt|48005|0.09107276911315161|22.006957054138184
 progress|48005|415|22.041929006576538
 window_size|48005|69.15256640823974|22.042644023895264
 rtt|48005|0.09520950133795825|22.042880058288574
 progress|48005|416|22.06807231903076
 window_size|48005|69.16702718752732|22.068725109100342
 rtt|48005|0.10281429681301159|22.069090127944946
 progress|48005|417|22.13784909248352
 window_size|48005|69.18148494349374|22.138741970062256
 rtt|48005|0.11056632979111308|22.139297008514404
 progress|48005|418|22.183715105056763
 window_size|48005|69.19593967803459|22.18399405479431
 rtt|48005|0.09902859480081191|22.184153079986572
 progress|48005|419|22.237972021102905
 window_size|48005|69.2103913930435|22.238177061080933
 rtt|48005|0.09093128653590518|22.238311290740967
 progress|48005|420|22.296218156814575
 window_size|48005|69.22484009041209|22.296573162078857
 rtt|48005|0.08825237455058196|22.296727180480957
 progress|48005|421|22.343647003173828
 window_size|48005|69.23928577203004|22.343836307525635
 rtt|48005|0.08210851510193465|22.34392809867859
 progress|48005|422|22.39669418334961
 window_size|48005|69.25372843978506|22.396910190582275
 rtt|48005|0.07626604660953307|22.3975191116333
 progress|48005|423|22.462974071502686
 window_size|48005|69.26816809556287|22.463154315948486
 rtt|48005|0.08497964327630733|22.46356511116028
 progress|48005|424|22.49860715866089
 window_size|48005|69.28260474124723|22.498804092407227
 rtt|48005|0.09022842938110907|22.49897813796997
 progress|48005|425|22.524733304977417
 window_size|48005|69.29703837871993|22.52489709854126
 rtt|48005|0.09910669495104854|22.525002002716064
 progress|48005|426|22.594083070755005
 window_size|48005|69.31146900986083|22.594394207000732
 rtt|48005|0.1076610263577373|22.59504199028015
 progress|48005|427|22.63863515853882
 window_size|48005|69.3258966365478|22.638843297958374
 rtt|48005|0.09787628067826815|22.63896608352661
 progress|48005|428|22.69337010383606
 window_size|48005|69.34032126065678|22.69363307952881
 rtt|48005|0.09073803040556361|22.694072008132935
 progress|48005|429|22.753496170043945
 window_size|48005|69.35474288406174|22.75374412536621
 rtt|48005|0.0903440607729522|22.7538743019104
 progress|48005|430|22.8001070022583
 window_size|48005|69.3691615086347|22.800530195236206
 rtt|48005|0.08454646673563473|22.800706148147583
 progress|48005|431|22.85321021080017
 window_size|48005|69.38357713624576|22.853394985198975
 rtt|48005|0.07839252929833639|22.85351824760437
 progress|48005|432|22.9213969707489
 window_size|48005|69.39798976876305|22.921902179718018
 rtt|48005|0.0884329594880402|22.922247886657715
 progress|48005|433|22.954879999160767
 window_size|48005|69.41239940805278|22.95536994934082
 rtt|48005|0.09460644847356744|22.95551323890686
 progress|48005|434|22.981110095977783
 window_size|48005|69.4268060559792|22.98160719871521
 rtt|48005|0.10219408306090404|22.98178195953369
 progress|48005|435|23.050020217895508
 window_size|48005|69.44120971440465|23.050446033477783
 rtt|48005|0.10970307988596761|23.05085325241089
 progress|48005|436|23.09766411781311
 window_size|48005|69.45561038518952|23.09785008430481
 rtt|48005|0.09695800553512561|23.098007202148438
 progress|48005|437|23.14983820915222
 window_size|48005|69.47000807019226|23.150095224380493
 rtt|48005|0.08728566283805689|23.15024209022522
 progress|48005|438|23.20838713645935
 window_size|48005|69.48440277126944|23.20881199836731
 rtt|48005|0.08620217509103048|23.209185123443604
 progress|48005|439|23.255497932434082
 window_size|48005|69.49879449027567|23.25568199157715
 rtt|48005|0.08066023809254652|23.255792140960693
 progress|48005|440|23.308993101119995
 window_size|48005|69.51318322906366|23.3094961643219
 rtt|48005|0.0757628432702829|23.30985403060913
 progress|48005|441|23.380390167236328
 window_size|48005|69.52756898948417|23.38082003593445
 rtt|48005|0.08983696160788052|23.380935192108154
 progress|48005|442|23.410717248916626
 window_size|48005|69.54195177338606|23.410927057266235
 rtt|48005|0.09831009362121956|23.41105318069458
 progress|48005|443|23.43573808670044
 window_size|48005|69.55633158261631|23.435930252075195
 rtt|48005|0.1057442106888378|23.436102151870728
 progress|48005|444|23.50441813468933
 window_size|48005|69.57070841901994|23.504639148712158
 rtt|48005|0.11229258362600084|23.50477123260498
 progress|48005|445|23.556966304779053
 window_size|48005|69.58508228444009|23.55719304084778
 rtt|48005|0.09913007479711988|23.55782413482666
 progress|48005|446|23.606138229370117
 window_size|48005|69.599453180718|23.606504917144775
 rtt|48005|0.08802731030893002|23.606688022613525
 progress|48005|447|23.664809942245483
 window_size|48005|69.613821109693|23.6651930809021
 rtt|48005|0.08693773627112239|23.66559910774231
 progress|48005|448|23.709041118621826
 window_size|48005|69.62818607320254|23.709255933761597
 rtt|48005|0.08335014526614129|23.70944905281067
 progress|48005|449|23.76749897003174
 window_size|48005|69.64254807308214|23.768172025680542
 rtt|48005|0.0830283402592649|23.768566131591797
 progress|48005|450|23.837641954421997
 window_size|48005|69.65690711116545|23.837894201278687
 rtt|48005|0.09389189169531967|23.838394165039062
 progress|48005|451|23.868961095809937
 window_size|48005|69.67126318928422|23.869378089904785
 rtt|48005|0.10084012869860978|23.869564294815063
 progress|48005|452|23.89489507675171
 window_size|48005|69.68561630926833|23.895341157913208
 rtt|48005|0.10710152382676832|23.895519971847534
 progress|48005|453|23.970797061920166
 window_size|48005|69.69996647294575|23.971323251724243
 rtt|48005|0.12023685494933542|23.97169303894043
 progress|48005|454|24.016412258148193
 window_size|48005|69.71431368214259|24.016911268234253
 rtt|48005|0.10726224510900903|24.017078161239624
 progress|48005|455|24.063377141952515
 window_size|48005|69.72865793868307|24.063719272613525
 rtt|48005|0.09587824164341748|24.063874006271362
 progress|48005|456|24.121160984039307
 window_size|48005|69.74299924438954|24.12158203125
 rtt|48005|0.09197084256069053|24.121994018554688
 progress|48005|457|24.165395975112915
 window_size|48005|69.75733760108245|24.165624141693115
 rtt|48005|0.08682329071402806|24.16575002670288
 progress|48005|458|24.223325967788696
 window_size|48005|69.77167301058043|24.22374701499939
 rtt|48005|0.08518389555638214|24.223937034606934
 progress|48005|459|24.289483070373535
 window_size|48005|69.78600547470019|24.289786100387573
 rtt|48005|0.09172237079505621|24.289964199066162
 progress|48005|460|24.325803995132446
 window_size|48005|69.8003349952566|24.32601809501648
 rtt|48005|0.0946117059794084|24.32614302635193
 progress|48005|461|24.350559949874878
 window_size|48005|69.81466157406268|24.35083818435669
 rtt|48005|0.1034333461110771|24.351009130477905
 progress|48005|462|24.42680597305298
 window_size|48005|69.82898521292955|24.42703628540039
 rtt|48005|0.11806820882225236|24.427473306655884
 progress|48005|463|24.473963022232056
 window_size|48005|69.84330591366651|24.474206924438477
 rtt|48005|0.1044651591629634|24.474334001541138
 progress|48005|464|24.520737171173096
 window_size|48005|69.85762367808098|24.520965099334717
 rtt|48005|0.09403847787910874|24.521095991134644
 progress|48005|465|24.578221082687378
 window_size|48005|69.87193850797856|24.578670024871826
 rtt|48005|0.09018087306646982|24.579036235809326
 progress|48005|466|24.62390112876892
 window_size|48005|69.88625040516294|24.624406099319458
 rtt|48005|0.08449176228151259|24.624545097351074
 progress|48005|467|24.678591012954712
 window_size|48005|69.90055937143603|24.678808212280273
 rtt|48005|0.08025203724485361|24.67922830581665
 progress|48005|468|24.746795177459717
 window_size|48005|69.91486540859785|24.747239112854004
 rtt|48005|0.09006530088385983|24.747368335723877
 progress|48005|469|24.780449151992798
 window_size|48005|69.9291685184466|24.780718088150024
 rtt|48005|0.09545107423986238|24.78088116645813
 progress|48005|470|24.809401035308838
 window_size|48005|69.94346870277865|24.809869050979614
 rtt|48005|0.10062376024185699|24.810018062591553
 progress|48005|471|24.881195068359375
 window_size|48005|69.95776596338848|24.881407022476196
 rtt|48005|0.1113423043819299|24.881731033325195
 progress|48005|472|24.92490315437317
 window_size|48005|69.97206030206881|24.925202131271362
 rtt|48005|0.10172619139396386|24.9253351688385
 progress|48005|473|24.98381209373474
 window_size|48005|69.98635172061049|24.984121084213257
 rtt|48005|0.09756414896592018|24.98435616493225
 progress|48005|474|25.03661608695984
 window_size|48005|70.00064022080252|25.036919116973877
 rtt|48005|0.08765653828463421|25.037731170654297
 progress|48005|475|25.08672523498535
 window_size|48005|70.01492580443212|25.087082147598267
 rtt|48005|0.07957268768566358|25.087285041809082
 progress|48005|476|25.135953187942505
 window_size|48005|70.02920847328467|25.136176109313965
 rtt|48005|0.07388323280823716|25.13629913330078
 progress|48005|477|25.201087951660156
 window_size|48005|70.0434882291437|25.201507091522217
 rtt|48005|0.08216664852314108|25.201696157455444
 progress|48005|478|25.23672127723694
 window_size|48005|70.05776507379097|25.236947059631348
 rtt|48005|0.08752153805135568|25.23707604408264
 progress|48005|479|25.265360116958618
 window_size|48005|70.07203900900639|25.2658371925354
 rtt|48005|0.09480070156683233|25.265981912612915
 progress|48005|480|25.338387966156006
 window_size|48005|70.08631003656807|25.338842153549194
 rtt|48005|0.10821212377569994|25.339254140853882
 progress|48005|481|25.38536810874939
 window_size|48005|70.10057815825229|25.38557529449463
 rtt|48005|0.09688461583323141|25.385704278945923
 progress|48005|482|25.4394109249115
 window_size|48005|70.11484337583356|25.439630031585693
 rtt|48005|0.08884287183655606|25.440048217773438
 progress|48005|483|25.491175174713135
 window_size|48005|70.12910569108455|25.49139928817749
 rtt|48005|0.08015400540028014|25.493871212005615
 progress|48005|484|25.549320936203003
 window_size|48005|70.14336510577614|25.549803018569946
 rtt|48005|0.0799635763259755|25.550186157226562
 progress|48005|485|25.591321229934692
 window_size|48005|70.15762162167742|25.59165620803833
 rtt|48005|0.0804117331346999|25.591880083084106
 progress|48005|486|25.65924310684204
 window_size|48005|70.17187524055568|25.65946125984192
 rtt|48005|0.09021955462847156|25.659883975982666
 progress|48005|487|25.69199800491333
 window_size|48005|70.18612596417638|25.692296028137207
 rtt|48005|0.09591365798359835|25.69243597984314
 progress|48005|488|25.720514059066772
 window_size|48005|70.20037379430325|25.721020221710205
 rtt|48005|0.1009502189565275|25.721193075180054
 progress|48005|489|25.794328212738037
 window_size|48005|70.21461873269817|25.79486632347107
 rtt|48005|0.11378835023224894|25.795331239700317
 progress|48005|490|25.842096090316772
 window_size|48005|70.22886078112126|25.842327117919922
 rtt|48005|0.10030007089425917|25.842456102371216
 progress|48005|491|25.897175073623657
 window_size|48005|70.24309994133085|25.89739418029785
 rtt|48005|0.09243900442900849|25.897813081741333
 progress|48005|492|25.94846510887146
 window_size|48005|70.25733621508351|25.948852062225342
 rtt|48005|0.08216965283529494|25.949023008346558
 progress|48005|493|26.00699806213379
 window_size|48005|70.271569604134|26.0072340965271
 rtt|48005|0.08197834475883138|26.007678985595703
 progress|48005|494|26.048223972320557
 window_size|48005|70.28580011023531|26.04880404472351
 rtt|48005|0.0827313818685811|26.048996210098267
 progress|48005|495|26.120720148086548
 window_size|48005|70.30002773513866|26.121124267578125
 rtt|48005|0.09664416136013301|26.121474027633667
 progress|48005|496|26.15131711959839
 window_size|48005|70.31425248059348|26.15154004096985
 rtt|48005|0.10286422528963038|26.151671171188354
 progress|48005|497|26.179497003555298
 window_size|48005|70.32847434834747|26.179987907409668
 rtt|48005|0.10662699042767143|26.180180072784424
 progress|48005|498|26.251983165740967
 window_size|48005|70.34269334014654|26.25236201286316
 rtt|48005|0.11671485293586625|26.25275707244873
 progress|48005|499|26.305045127868652
 window_size|48005|70.35690945773482|26.305310010910034
 rtt|48005|0.10242830674230147|26.306379079818726
 progress|48005|500|26.35372519493103
 window_size|48005|70.37112270285469|26.353999137878418
 rtt|48005|0.09143002329538273|26.354162216186523
 progress|48005|501|26.407185316085815
 window_size|48005|70.3853330772468|26.40744709968567
 rtt|48005|0.08391356378817952|26.408031940460205
 progress|48005|502|26.461891174316406
 window_size|48005|70.39954058264999|26.462526082992554
 rtt|48005|0.079200120598574|26.462919235229492
 progress|48005|503|26.509380102157593
 window_size|48005|70.41374522080137|26.509916305541992
 rtt|48005|0.07540808215737872|26.51009511947632
 progress|48005|504|26.576594352722168
 window_size|48005|70.42794699343631|26.576863050460815
 rtt|48005|0.08558272040077744|26.577277183532715
 progress|48005|505|26.609604120254517
 window_size|48005|70.4421459022884|26.609849214553833
 rtt|48005|0.09249663718587997|26.609974145889282
 progress|48005|506|26.637240171432495
 window_size|48005|70.45634194908952|26.637459993362427
 rtt|48005|0.09922725648261393|26.637587070465088
 progress|48005|507|26.710073232650757
 window_size|48005|70.47053513556978|26.710503339767456
 rtt|48005|0.11140344722459392|26.71089005470276
 progress|48005|508|26.753794193267822
 window_size|48005|70.48472546345754|26.75403594970703
 rtt|48005|0.10158025832152459|26.754167079925537
 progress|48005|509|26.81095600128174
 window_size|48005|70.49891293447945|26.81126117706299
 rtt|48005|0.0958021470103151|26.811662197113037
 progress|48005|510|26.864412307739258
 window_size|48005|70.5130975503604|26.864983081817627
 rtt|48005|0.08710316507329388|26.8651282787323
 progress|48005|511|26.917837142944336
 window_size|48005|70.52727931282355|26.918344974517822
 rtt|48005|0.08039089362803838|26.91851019859314
 progress|48005|512|26.96596097946167
 window_size|48005|70.54145822359033|26.966411113739014
 rtt|48005|0.07564932863110854|26.96655011177063
