470 - Winsize
2490 - 0
2492 - 0
2494 - 0
2495 - 0
2497 - 0
2498 - 0
2500 - 0
2501 - 0
2503 - 0
2504 - 0
2505 - 0
2507 - 0
2508 - 0
2510 - 0
2512 - 0
2513 - 0
2514 - 0
2521 - 0
2523 - 0
2524 - 0
2525 - 0
2526 - 0
2528 - 0
2529 - 0
2530 - 0
2531 - 0
2532 - 0
2534 - 0
2535 - 0
2536 - 0
2537 - 0
2538 - 0
2540 - 0
2541 - 0
2542 - 0
2543 - 0
2544 - 0
2545 - 0
2547 - 0
2548 - 0
2549 - 0
2550 - 0
2551 - 0
2552 - 0
2554 - 0
2555 - 0
2556 - 0
2557 - 0
2557 - 0
2558 - 0
2559 - 0
2560 - 0
2561 - 0
2562 - 0
2563 - 0
2563 - 0
2564 - 0
2565 - 0
2566 - 0
2567 - 0
2568 - 0
2569 - 0
2569 - 0
2570 - 0
2571 - 0
2572 - 0
2573 - 0
2574 - 0
2574 - 0
2575 - 0
2576 - 0
2577 - 0
2578 - 0
2579 - 0
2579 - 0
2580 - 0
2581 - 0
2582 - 0
2583 - 0
2583 - 0
2584 - 0
2585 - 0
2586 - 0
2587 - 0
2587 - 0
2588 - 0
2589 - 0
2590 - 0
2591 - 0
2591 - 0
2592 - 0
2593 - 0
2594 - 0
2595 - 0
2596 - 0
2596 - 0
2597 - 0
2598 - 0
2599 - 0
2600 - 0
2600 - 0
2601 - 0
2602 - 0
2603 - 0
2604 - 0
2605 - 0
2606 - 0
2606 - 0
2607 - 0
2608 - 0
2609 - 0
2610 - 0
2611 - 0
2612 - 0
2612 - 0
2613 - 0
2614 - 0
2615 - 0
2616 - 0
2616 - 0
2617 - 0
2618 - 0
2619 - 0
2620 - 0
2621 - 0
2621 - 0
2622 - 0
2623 - 0
2624 - 0
2625 - 0
2625 - 0
2626 - 0
2627 - 0
2628 - 0
2629 - 0
2629 - 0
2630 - 0
2631 - 0
2632 - 0
2632 - 0
2633 - 0
2634 - 0
2635 - 0
2635 - 0
2636 - 0
2637 - 0
2638 - 0
2639 - 0
2640 - 0
2640 - Packet Dropped!
2844 - 0
2845 - 0
2846 - 0
2847 - 0
2848 - 0
2849 - 0
2850 - 0
2851 - 0
2852 - 0
2853 - 0
2854 - 0
2855 - 0
2856 - 0
2857 - 0
2858 - 0
2859 - 0
2860 - 0
2861 - 0
2862 - 0
2863 - 0
2864 - 0
2865 - 0
2866 - 0
2867 - 0
2868 - 0
2868 - 0
2869 - 0
2870 - 0
2871 - 0
2872 - 0
2873 - 0
2874 - 0
2874 - 0
2876 - 0
2877 - 0
2877 - 0
2878 - 0
2879 - 0
2880 - 0
2881 - 0
2882 - 0
2883 - 0
2884 - 0
2885 - 0
2886 - 0
2886 - 0
2887 - 0
2888 - 0
2889 - 0
2890 - 0
2891 - 0
2892 - 0
2893 - 0
2893 - 0
2894 - 0
2895 - 0
2896 - 0
2897 - 0
2898 - 0
2899 - 0
2899 - 0
2900 - 0
2901 - 0
2902 - 0
2903 - 0
2903 - 0
2904 - 0
2905 - 0
2906 - 0
2907 - 0
2908 - 0
2912 - 0
2913 - 0
2914 - 0
2915 - 0
2916 - 0
2917 - 0
2918 - 0
2919 - 0
2920 - 0
2921 - 0
2921 - 0
2922 - 0
2923 - 0
2924 - 0
2925 - 0
2926 - 0
2927 - 0
2928 - 0
2928 - 0
2929 - 0
2930 - 0
2930 - 0
2931 - 0
2932 - 0
2933 - 0
2933 - 0
2934 - 0
2935 - 0
2936 - 0
2936 - 0
2937 - 0
2938 - 0
2939 - 0
2939 - 0
2940 - 0
2941 - 0
2942 - 0
2942 - 0
2943 - 0
2944 - 0
2945 - 0
2945 - 0
2950 - 0
2951 - 0
2952 - 0
2953 - 0
2954 - 0
2955 - 0
2955 - 0
2956 - 0
2957 - 0
2958 - 0
2959 - 0
2960 - 0
2961 - 0
2962 - 0
2962 - 0
2963 - 0
2964 - 0
2964 - 0
2965 - 0
2966 - 0
2967 - 0
2968 - 0
2969 - 0
2970 - 0
2970 - 0
2971 - 0
2972 - 0
2973 - 0
2973 - 0
2974 - 0
2975 - 0
2976 - 0
2976 - 0
2977 - 0
2978 - 0
2979 - 0
2979 - 0
2980 - 0
2981 - 0
2982 - 0
2983 - 0
2984 - 0
2985 - 0
2986 - 0
2987 - 0
2988 - 0
2988 - 0
2989 - 0
2990 - 0
2991 - 0
2992 - 0
2992 - 0
2993 - 0
2994 - 0
2995 - 0
2996 - 0
2997 - 0
2997 - 0
2998 - 0
2999 - 0
3000 - 0
3001 - 0
3002 - 0
3003 - 0
3004 - 0
3005 - 0
3005 - 0
3006 - 0
3007 - 0
3008 - 0
3009 - 0
3010 - 0
3011 - 0
3012 - 0
3012 - 0
3013 - 0
3014 - 0
3018 - 0
3019 - 0
3020 - 0
3021 - 0
3022 - 0
3023 - 0
3024 - 0
3025 - 0
3026 - 0
3027 - 0
3028 - 0
3029 - 0
3030 - 0
3031 - 0
3032 - 0
3033 - 0
3034 - 0
3034 - 0
3035 - 0
3039 - 0
3040 - 0
3041 - 0
3042 - 0
3043 - 0
3044 - 0
3045 - 0
3046 - 0
3047 - 0
3048 - 0
3048 - 0
3050 - 0
3050 - 0
3051 - 0
3052 - 0
3053 - 0
3054 - 0
3055 - 0
3056 - 0
3057 - 0
3058 - 0
3059 - 0
3059 - 0
3060 - 0
3061 - 0
3062 - 0
3063 - 0
3064 - 0
3064 - 0
3065 - 0
3066 - 0
3067 - 0
3068 - 0
3069 - 0
3069 - 0
3070 - 0
3071 - 0
3072 - 0
3073 - 0
3074 - 0
3075 - 0
3075 - 0
3076 - 0
3077 - 0
3078 - 0
3079 - 0
3080 - 0
3080 - 0
3081 - 0
3082 - 0
3083 - 0
3084 - 0
3084 - 0
3085 - 0
3086 - 0
3087 - 0
3088 - 0
3088 - 0
3089 - 0
3090 - 0
3091 - 0
3092 - 0
3093 - 0
3093 - 0
3094 - 0
3095 - 0
3096 - 0
3097 - 0
3098 - 0
3098 - 0
3099 - 0
3100 - 0
3101 - 0
3101 - 0
3102 - 0
3103 - 0
3104 - 0
3105 - 0
3105 - 0
3106 - 0
3107 - 0
3108 - 0
3108 - 0
3109 - 0
3110 - 0
3110 - 0
3111 - 0
3112 - 0
3112 - 0
3113 - 0
3114 - 0
3115 - 0
3115 - 0
3116 - 0
3117 - 0
3118 - 0
3119 - 0
3120 - 0
3120 - 0
3121 - 0
3122 - 0
3122 - 0
3123 - 0
3124 - 0
3125 - 0
3126 - 0
3126 - 0
3127 - 0
3128 - 0
3129 - 0
3130 - 0
3130 - 0
3131 - 0
3132 - 0
3132 - 0
3133 - 0
3134 - 0
3135 - 0
3136 - 0
3137 - 0
3137 - 0
3138 - 0
3139 - 0
3140 - 0
3140 - 0
3141 - 0
3142 - 0
3142 - 0
3143 - 0
3144 - 0
3145 - 0
3146 - 0
3147 - 0
3147 - 0
3148 - 0
3149 - 0
3149 - 0
3150 - 0
3151 - 0
3152 - 0
3153 - 0
3153 - 0
3154 - 0
3155 - 0
3156 - 0
3156 - 0
3157 - 0
3158 - 0
3159 - 0
3159 - 0
3160 - 0
3161 - 0
3162 - 0
3162 - 0
